Log file open, 04/04/17 14:46:30
LogInit:Display: Running engine for game: Building_Escape
LogPlatformFile: Not using cached read wrapper
LogInit:Display: RandInit(-2130479664) SRandInit(-2130479664).
LogTaskGraph: Started task graph with 5 named threads and 8 total threads with 1 sets of task threads.
LogStats: Stats thread started at 0.163388
LogPluginManager: Loaded Plugin Paper2D, From C:/Program Files (x86)/Epic Games/4.13/Engine/Plugins/2D/Paper2D/Paper2D.uplugin
LogPluginManager: Loaded Plugin LightPropagationVolume, From C:/Program Files (x86)/Epic Games/4.13/Engine/Plugins/Blendables/LightPropagationVolume/LightPropagationVolume.uplugin
LogPluginManager: Loaded Plugin BlankPlugin, From C:/Program Files (x86)/Epic Games/4.13/Engine/Plugins/Developer/BlankPlugin/BlankPlugin.uplugin
LogPluginManager: Loaded Plugin CodeLiteSourceCodeAccess, From C:/Program Files (x86)/Epic Games/4.13/Engine/Plugins/Developer/CodeLiteSourceCodeAccess/CodeLiteSourceCodeAccess.uplugin
LogPluginManager: Loaded Plugin GitSourceControl, From C:/Program Files (x86)/Epic Games/4.13/Engine/Plugins/Developer/GitSourceControl/GitSourceControl.uplugin
LogPluginManager: Loaded Plugin KDevelopSourceCodeAccess, From C:/Program Files (x86)/Epic Games/4.13/Engine/Plugins/Developer/KDevelopSourceCodeAccess/KDevelopSourceCodeAccess.uplugin
LogPluginManager: Loaded Plugin NullSourceCodeAccess, From C:/Program Files (x86)/Epic Games/4.13/Engine/Plugins/Developer/NullSourceCodeAccess/NullSourceCodeAccess.uplugin
LogPluginManager: Loaded Plugin OneSkyLocalizationService, From C:/Program Files (x86)/Epic Games/4.13/Engine/Plugins/Developer/OneSkyLocalizationService/OneSkyLocalizationService.uplugin
LogPluginManager: Loaded Plugin PerforceSourceControl, From C:/Program Files (x86)/Epic Games/4.13/Engine/Plugins/Developer/PerforceSourceControl/PerforceSourceControl.uplugin
LogPluginManager: Loaded Plugin SubversionSourceControl, From C:/Program Files (x86)/Epic Games/4.13/Engine/Plugins/Developer/SubversionSourceControl/SubversionSourceControl.uplugin
LogPluginManager: Loaded Plugin UObjectPlugin, From C:/Program Files (x86)/Epic Games/4.13/Engine/Plugins/Developer/UObjectPlugin/UObjectPlugin.uplugin
LogPluginManager: Loaded Plugin VisualStudioSourceCodeAccess, From C:/Program Files (x86)/Epic Games/4.13/Engine/Plugins/Developer/VisualStudioSourceCodeAccess/VisualStudioSourceCodeAccess.uplugin
LogPluginManager: Loaded Plugin XCodeSourceCodeAccess, From C:/Program Files (x86)/Epic Games/4.13/Engine/Plugins/Developer/XCodeSourceCodeAccess/XCodeSourceCodeAccess.uplugin
LogPluginManager: Loaded Plugin EpicSurvey, From C:/Program Files (x86)/Epic Games/4.13/Engine/Plugins/Editor/EpicSurvey/EpicSurvey.uplugin
LogPluginManager: Loaded Plugin MacGraphicsSwitching, From C:/Program Files (x86)/Epic Games/4.13/Engine/Plugins/Editor/MacGraphicsSwitching/MacGraphicsSwitching.uplugin
LogPluginManager: Loaded Plugin MobileLauncherProfileWizard, From C:/Program Files (x86)/Epic Games/4.13/Engine/Plugins/Editor/MobileLauncherProfileWizard/MobileLauncherProfileWizard.uplugin
LogPluginManager: Loaded Plugin PluginBrowser, From C:/Program Files (x86)/Epic Games/4.13/Engine/Plugins/Editor/PluginBrowser/PluginBrowser.uplugin
LogPluginManager: Loaded Plugin SpeedTreeImporter, From C:/Program Files (x86)/Epic Games/4.13/Engine/Plugins/Editor/SpeedTreeImporter/SpeedTreeImporter.uplugin
LogPluginManager: Loaded Plugin SuperSearchEditor, From C:/Program Files (x86)/Epic Games/4.13/Engine/Plugins/Editor/SuperSearchEditor/SuperSearchEditor.uplugin
LogPluginManager: Loaded Plugin AlembicImporter, From C:/Program Files (x86)/Epic Games/4.13/Engine/Plugins/Experimental/AlembicImporter/AlembicImporter.uplugin
LogPluginManager: Loaded Plugin BlueprintStats, From C:/Program Files (x86)/Epic Games/4.13/Engine/Plugins/Experimental/BlueprintStats/BlueprintStats.uplugin
LogPluginManager: Loaded Plugin CharacterAI, From C:/Program Files (x86)/Epic Games/4.13/Engine/Plugins/Experimental/CharacterAI/CharacterAI.uplugin
LogPluginManager: Loaded Plugin CodeEditor, From C:/Program Files (x86)/Epic Games/4.13/Engine/Plugins/Experimental/CodeEditor/CodeEditor.uplugin
LogPluginManager: Loaded Plugin CodeView, From C:/Program Files (x86)/Epic Games/4.13/Engine/Plugins/Experimental/CodeView/CodeView.uplugin
LogPluginManager: Loaded Plugin HTML5Networking, From C:/Program Files (x86)/Epic Games/4.13/Engine/Plugins/Experimental/HTML5Networking/HTML5Networking.uplugin
LogPluginManager: Loaded Plugin LiveEditor, From C:/Program Files (x86)/Epic Games/4.13/Engine/Plugins/Experimental/LiveEditor/LiveEditor.uplugin
LogPluginManager: Loaded Plugin OSVR, From C:/Program Files (x86)/Epic Games/4.13/Engine/Plugins/Experimental/OSVR/OSVR.uplugin
LogPluginManager: Loaded Plugin Phya, From C:/Program Files (x86)/Epic Games/4.13/Engine/Plugins/Experimental/Phya/Phya.uplugin
LogPluginManager: Loaded Plugin SignificanceManager, From C:/Program Files (x86)/Epic Games/4.13/Engine/Plugins/Experimental/SignificanceManager/SignificanceManager.uplugin
LogPluginManager: Loaded Plugin SimpleHMD, From C:/Program Files (x86)/Epic Games/4.13/Engine/Plugins/Experimental/SimpleHMD/SimpleHMD.uplugin
LogPluginManager: Loaded Plugin StereoPanorama, From C:/Program Files (x86)/Epic Games/4.13/Engine/Plugins/Experimental/StereoPanorama/StereoPanorama.uplugin
LogPluginManager: Loaded Plugin StructBox, From C:/Program Files (x86)/Epic Games/4.13/Engine/Plugins/Experimental/StructBox/StructBox.uplugin
LogPluginManager: Loaded Plugin AndroidMedia, From C:/Program Files (x86)/Epic Games/4.13/Engine/Plugins/Media/AndroidMedia/AndroidMedia.uplugin
LogPluginManager: Loaded Plugin AvfMedia, From C:/Program Files (x86)/Epic Games/4.13/Engine/Plugins/Media/AvfMedia/AvfMedia.uplugin
LogPluginManager: Loaded Plugin MediaPlayerEditor, From C:/Program Files (x86)/Epic Games/4.13/Engine/Plugins/Media/MediaPlayerEditor/MediaPlayerEditor.uplugin
LogPluginManager: Loaded Plugin WmfMedia, From C:/Program Files (x86)/Epic Games/4.13/Engine/Plugins/Media/WmfMedia/WmfMedia.uplugin
LogPluginManager: Loaded Plugin MessagingDebugger, From C:/Program Files (x86)/Epic Games/4.13/Engine/Plugins/Messaging/MessagingDebugger/MessagingDebugger.uplugin
LogPluginManager: Loaded Plugin TcpMessaging, From C:/Program Files (x86)/Epic Games/4.13/Engine/Plugins/Messaging/TcpMessaging/TcpMessaging.uplugin
LogPluginManager: Loaded Plugin UdpMessaging, From C:/Program Files (x86)/Epic Games/4.13/Engine/Plugins/Messaging/UdpMessaging/UdpMessaging.uplugin
LogPluginManager: Loaded Plugin LevelSequenceEditor, From C:/Program Files (x86)/Epic Games/4.13/Engine/Plugins/MovieScene/LevelSequenceEditor/LevelSequenceEditor.uplugin
LogPluginManager: Loaded Plugin MatineeToLevelSequence, From C:/Program Files (x86)/Epic Games/4.13/Engine/Plugins/MovieScene/MatineeToLevelSequence/MatineeToLevelSequence.uplugin
LogPluginManager: Loaded Plugin NetcodeUnitTest, From C:/Program Files (x86)/Epic Games/4.13/Engine/Plugins/NetcodeUnitTest/NetcodeUnitTest/NetcodeUnitTest.uplugin
LogPluginManager: Loaded Plugin NUTUnrealEngine4, From C:/Program Files (x86)/Epic Games/4.13/Engine/Plugins/NetcodeUnitTest/NUTUnrealEngine4/NUTUnrealEngine4.uplugin
LogPluginManager: Loaded Plugin OnlineSubsystemGooglePlay, From C:/Program Files (x86)/Epic Games/4.13/Engine/Plugins/Online/Android/OnlineSubsystemGooglePlay/OnlineSubsystemGooglePlay.uplugin
LogPluginManager: Loaded Plugin OnlineSubsystemIOS, From C:/Program Files (x86)/Epic Games/4.13/Engine/Plugins/Online/IOS/OnlineSubsystemIOS/OnlineSubsystemIOS.uplugin
LogPluginManager: Loaded Plugin OnlineFramework, From C:/Program Files (x86)/Epic Games/4.13/Engine/Plugins/Online/OnlineFramework/OnlineFramework.uplugin
LogPluginManager: Loaded Plugin OnlineSubsystem, From C:/Program Files (x86)/Epic Games/4.13/Engine/Plugins/Online/OnlineSubsystem/OnlineSubsystem.uplugin
LogPluginManager: Loaded Plugin OnlineSubsystemAmazon, From C:/Program Files (x86)/Epic Games/4.13/Engine/Plugins/Online/OnlineSubsystemAmazon/OnlineSubsystemAmazon.uplugin
LogPluginManager: Loaded Plugin OnlineSubsystemFacebook, From C:/Program Files (x86)/Epic Games/4.13/Engine/Plugins/Online/OnlineSubsystemFacebook/OnlineSubsystemFacebook.uplugin
LogPluginManager: Loaded Plugin OnlineSubsystemNull, From C:/Program Files (x86)/Epic Games/4.13/Engine/Plugins/Online/OnlineSubsystemNull/OnlineSubsystemNull.uplugin
LogPluginManager: Loaded Plugin OnlineSubsystemOculus, From C:/Program Files (x86)/Epic Games/4.13/Engine/Plugins/Online/OnlineSubsystemOculus/OnlineSubsystemOculus.uplugin
LogPluginManager: Loaded Plugin OnlineSubsystemSteam, From C:/Program Files (x86)/Epic Games/4.13/Engine/Plugins/Online/OnlineSubsystemSteam/OnlineSubsystemSteam.uplugin
LogPluginManager: Loaded Plugin OnlineSubsystemUtils, From C:/Program Files (x86)/Epic Games/4.13/Engine/Plugins/Online/OnlineSubsystemUtils/OnlineSubsystemUtils.uplugin
LogPluginManager: Loaded Plugin IOSTapJoy, From C:/Program Files (x86)/Epic Games/4.13/Engine/Plugins/Runtime/Advertising/IOSTapJoy/IOSTapJoy.uplugin
LogPluginManager: Loaded Plugin AnalyticsBlueprintLibrary, From C:/Program Files (x86)/Epic Games/4.13/Engine/Plugins/Runtime/Analytics/AnalyticsBlueprintLibrary/AnalyticsBlueprintLibrary.uplugin
LogPluginManager: Loaded Plugin AnalyticsMulticast, From C:/Program Files (x86)/Epic Games/4.13/Engine/Plugins/Runtime/Analytics/AnalyticsMulticast/AnalyticsMulticast.uplugin
LogPluginManager: Loaded Plugin Apsalar, From C:/Program Files (x86)/Epic Games/4.13/Engine/Plugins/Runtime/Analytics/Apsalar/Apsalar.uplugin
LogPluginManager: Loaded Plugin FileLogging, From C:/Program Files (x86)/Epic Games/4.13/Engine/Plugins/Runtime/Analytics/FileLogging/FileLogging.uplugin
LogPluginManager: Loaded Plugin Flurry, From C:/Program Files (x86)/Epic Games/4.13/Engine/Plugins/Runtime/Analytics/Flurry/Flurry.uplugin
LogPluginManager: Loaded Plugin AndroidDeviceProfileSelector, From C:/Program Files (x86)/Epic Games/4.13/Engine/Plugins/Runtime/AndroidDeviceProfileSelector/AndroidDeviceProfileSelector.uplugin
LogPluginManager: Loaded Plugin AndroidMoviePlayer, From C:/Program Files (x86)/Epic Games/4.13/Engine/Plugins/Runtime/AndroidMoviePlayer/AndroidMoviePlayer.uplugin
LogPluginManager: Loaded Plugin AppleMoviePlayer, From C:/Program Files (x86)/Epic Games/4.13/Engine/Plugins/Runtime/AppleMoviePlayer/AppleMoviePlayer.uplugin
LogPluginManager: Loaded Plugin ArchVisCharacter, From C:/Program Files (x86)/Epic Games/4.13/Engine/Plugins/Runtime/ArchVisCharacter/ArchVisCharacter.uplugin
LogPluginManager: Loaded Plugin CableComponent, From C:/Program Files (x86)/Epic Games/4.13/Engine/Plugins/Runtime/CableComponent/CableComponent.uplugin
LogPluginManager: Loaded Plugin CustomMeshComponent, From C:/Program Files (x86)/Epic Games/4.13/Engine/Plugins/Runtime/CustomMeshComponent/CustomMeshComponent.uplugin
LogPluginManager: Loaded Plugin ExampleDeviceProfileSelector, From C:/Program Files (x86)/Epic Games/4.13/Engine/Plugins/Runtime/ExampleDeviceProfileSelector/ExampleDeviceProfileSelector.uplugin
LogPluginManager: Loaded Plugin GearVR, From C:/Program Files (x86)/Epic Games/4.13/Engine/Plugins/Runtime/GearVR/GearVR.uplugin
LogPluginManager: Loaded Plugin GoogleVRController, From C:/Program Files (x86)/Epic Games/4.13/Engine/Plugins/Runtime/GoogleVR/GoogleVRController/GoogleVRController.uplugin
LogPluginManager: Loaded Plugin GoogleVRHMD, From C:/Program Files (x86)/Epic Games/4.13/Engine/Plugins/Runtime/GoogleVR/GoogleVRHMD/GoogleVRHMD.uplugin
LogPluginManager: Loaded Plugin IOSDeviceProfileSelector, From C:/Program Files (x86)/Epic Games/4.13/Engine/Plugins/Runtime/IOSDeviceProfileSelector/IOSDeviceProfileSelector.uplugin
LogPluginManager: Loaded Plugin LeapMotion, From C:/Program Files (x86)/Epic Games/4.13/Engine/Plugins/Runtime/LeapMotion/LeapMotion.uplugin
LogPluginManager: Loaded Plugin LinuxDeviceProfileSelector, From C:/Program Files (x86)/Epic Games/4.13/Engine/Plugins/Runtime/LinuxDeviceProfileSelector/LinuxDeviceProfileSelector.uplugin
LogPluginManager: Loaded Plugin LiveEditorListenServer, From C:/Program Files (x86)/Epic Games/4.13/Engine/Plugins/Runtime/LiveEditorListenServer/LiveEditorListenServer.uplugin
LogPluginManager: Loaded Plugin OculusAudio, From C:/Program Files (x86)/Epic Games/4.13/Engine/Plugins/Runtime/OculusAudio/OculusAudio.uplugin
LogPluginManager: Loaded Plugin OculusInput, From C:/Program Files (x86)/Epic Games/4.13/Engine/Plugins/Runtime/OculusInput/OculusInput.uplugin
LogPluginManager: Loaded Plugin OculusLibrary, From C:/Program Files (x86)/Epic Games/4.13/Engine/Plugins/Runtime/OculusLibrary/OculusLibrary.uplugin
LogPluginManager: Loaded Plugin OculusRift, From C:/Program Files (x86)/Epic Games/4.13/Engine/Plugins/Runtime/OculusRift/OculusRift.uplugin
LogPluginManager: Loaded Plugin Oodle, From C:/Program Files (x86)/Epic Games/4.13/Engine/Plugins/Runtime/PacketHandlers/CompressionComponents/Oodle/Oodle.uplugin
LogPluginManager: Loaded Plugin ProceduralMeshComponent, From C:/Program Files (x86)/Epic Games/4.13/Engine/Plugins/Runtime/ProceduralMeshComponent/ProceduralMeshComponent.uplugin
LogPluginManager: Loaded Plugin SoundMod, From C:/Program Files (x86)/Epic Games/4.13/Engine/Plugins/Runtime/SoundMod/SoundMod.uplugin
LogPluginManager: Loaded Plugin SoundVisualizations, From C:/Program Files (x86)/Epic Games/4.13/Engine/Plugins/Runtime/SoundVisualizations/SoundVisualizations.uplugin
LogPluginManager: Loaded Plugin SteamController, From C:/Program Files (x86)/Epic Games/4.13/Engine/Plugins/Runtime/Steam/SteamController/SteamController.uplugin
LogPluginManager: Loaded Plugin SteamVR, From C:/Program Files (x86)/Epic Games/4.13/Engine/Plugins/Runtime/Steam/SteamVR/SteamVR.uplugin
LogPluginManager: Loaded Plugin WebBrowserWidget, From C:/Program Files (x86)/Epic Games/4.13/Engine/Plugins/Runtime/WebBrowserWidget/WebBrowserWidget.uplugin
LogPluginManager: Loaded Plugin WindowsDeviceProfileSelector, From C:/Program Files (x86)/Epic Games/4.13/Engine/Plugins/Runtime/WindowsDeviceProfileSelector/WindowsDeviceProfileSelector.uplugin
LogPluginManager: Loaded Plugin WindowsMoviePlayer, From C:/Program Files (x86)/Epic Games/4.13/Engine/Plugins/Runtime/WindowsMoviePlayer/WindowsMoviePlayer.uplugin
LogPluginManager: Loaded Plugin ScriptPlugin, From C:/Program Files (x86)/Epic Games/4.13/Engine/Plugins/ScriptPlugin/ScriptPlugin.uplugin
LogPluginManager: Loaded Plugin SlateRemote, From C:/Program Files (x86)/Epic Games/4.13/Engine/Plugins/Slate/SlateRemote/SlateRemote.uplugin
LogInit: Using libcurl 7.47.1
LogInit:  - built for x86_64-pc-win32
LogInit:  - supports SSL with WinSSL
LogInit:  - other features:
LogInit:      CURL_VERSION_SSL
LogInit:      CURL_VERSION_IPV6
LogInit:      CURL_VERSION_ASYNCHDNS
LogInit:      CURL_VERSION_LARGEFILE
LogInit:      CURL_VERSION_IDN
LogInit:  CurlRequestOptions (configurable via config and command line):
LogInit:  - bVerifyPeer = false  - Libcurl will NOT verify peer certificate
LogInit:  - bUseHttpProxy = false  - Libcurl will NOT use HTTP proxy
LogInit:  - bDontReuseConnections = false  - Libcurl will reuse connections
LogInit:  - CertBundlePath = nullptr  - Libcurl will use whatever was configured at build time.
LogInit: Build: ++UE4+Release-4.13-CL-3172292
LogInit: Engine Version: 4.13.2-3172292+++UE4+Release-4.13
LogInit: Compatible Engine Version: 4.13.0-3106830+++UE4+Release-4.13
LogInit: Net CL: 3172292
LogDevObjectVersion: Number of dev versions registered: 13
LogDevObjectVersion:   Dev-Blueprints (B0D832E4-1F89-4F0D-ACCF-7EB736FD4AA2): 5
LogDevObjectVersion:   Dev-Build (E1C64328-A22C-4D53-A36C-8E866417BD8C): 0
LogDevObjectVersion:   Dev-Core (375EC13C-06E4-48FB-B500-84F0262A717E): 1
LogDevObjectVersion:   Dev-Editor (E4B068ED-F494-42E9-A231-DA0B2E46BB41): 6
LogDevObjectVersion:   Dev-Framework (CFFC743F-43B0-4480-9391-14DF171D2073): 12
LogDevObjectVersion:   Dev-Mobile (B02B49B5-BB20-44E9-A304-32B752E40360): 0
LogDevObjectVersion:   Dev-Networking (A4E4105C-59A1-49B5-A7C5-40C4547EDFEE): 0
LogDevObjectVersion:   Dev-Online (39C831C9-5AE6-47DC-9A44-9C173E1C8E7C): 0
LogDevObjectVersion:   Dev-Physics (78F01B33-EBEA-4F98-B9B4-84EACCB95AA2): 0
LogDevObjectVersion:   Dev-Platform (6631380F-2D4D-43E0-8009-CF276956A95A): 0
LogDevObjectVersion:   Dev-Rendering (12F88B9F-8875-4AFC-A67C-D90C383ABD29): 4
LogDevObjectVersion:   Dev-Sequencer (7B5AE74C-D270-4C10-A958-57980B212A5A): 0
LogDevObjectVersion:   Dev-VR (D7296918-1DD6-4BDD-9DE2-64A83CC13884): 0
LogInit: Compiled (64-bit): Oct 24 2016 14:29:06
LogInit: Compiled with Visual C++: 19.00.23026.00
LogInit: Build Configuration: Development
LogInit: Branch Name: ++UE4+Release-4.13
LogInit: Command line: -EpicPortal 
LogInit: Base directory: C:/Program Files (x86)/Epic Games/4.13/Engine/Binaries/Win64/
LogInit: Installed Engine Build: 1
LogInit: Presizing for max 8388607 objects, including 0 objects not considered by GC, pre-allocating 0 bytes for permanent pool.
LogInit: Object subsystem initialized
[2017.04.04-13.46.30:633][  0]LogInit: Selected Device Profile: [Windows]
[2017.04.04-13.46.30:633][  0]LogInit: Applying CVar settings loaded from the selected device profile: [Windows]
[2017.04.04-13.46.30:728][  0]LogInit: Computer: JOSH-PC
[2017.04.04-13.46.30:728][  0]LogInit: User: Josh
[2017.04.04-13.46.30:728][  0]LogInit: CPU Page size=65536, Cores=4
[2017.04.04-13.46.30:728][  0]LogInit: High frequency timer resolution =3.215213 MHz
[2017.04.04-13.46.30:729][  0]LogMemory: Memory total: Physical=7.9GB (8GB approx)
[2017.04.04-13.46.30:729][  0]LogMemory: Platform Memory Stats for Windows
[2017.04.04-13.46.30:729][  0]LogMemory: Process Physical Memory: 255.79 MB used, 255.79 MB peak
[2017.04.04-13.46.30:729][  0]LogMemory: Process Virtual Memory: 259.98 MB used, 259.98 MB peak
[2017.04.04-13.46.30:729][  0]LogMemory: Physical Memory: 7096.61 MB used, 8126.95 MB total
[2017.04.04-13.46.30:729][  0]LogMemory: Virtual Memory: 622.36 MB used, 134217728.00 MB total
[2017.04.04-13.46.32:528][  0]LogTextLocalizationManager: No specific translations for ('en-GB') exist, so ('en') translations will be used.
[2017.04.04-13.46.57:946][  0]LogD3D11RHI: D3D11 adapters:
[2017.04.04-13.46.57:968][  0]LogD3D11RHI:    0. 'AMD Radeon R9 200 Series' (Feature Level 11_0)
[2017.04.04-13.46.57:968][  0]LogD3D11RHI:       4073/0/4063 MB DedicatedVideo/DedicatedSystem/SharedSystem, Outputs:1, VendorId:0x1002
[2017.04.04-13.46.58:158][  0]LogD3D11RHI:    1. 'Microsoft Basic Render Driver' (Feature Level 11_0)
[2017.04.04-13.46.58:158][  0]LogD3D11RHI:       0/0/4063 MB DedicatedVideo/DedicatedSystem/SharedSystem, Outputs:0, VendorId:0x1414
[2017.04.04-13.46.58:158][  0]LogD3D11RHI: Chosen D3D11 Adapter: 0
[2017.04.04-13.46.58:164][  0]LogD3D11RHI: Creating new Direct3DDevice
[2017.04.04-13.46.58:164][  0]LogD3D11RHI:     GPU DeviceId: 0x67b1 (for the marketing name, search the web for "GPU Device Id")
[2017.04.04-13.46.58:164][  0]LogWindows: EnumDisplayDevices:
[2017.04.04-13.46.58:164][  0]LogWindows:    0. 'AMD Radeon R9 200 Series' (P:1 D:1)
[2017.04.04-13.46.58:165][  0]LogWindows:    1. 'AMD Radeon R9 200 Series' (P:0 D:0)
[2017.04.04-13.46.58:165][  0]LogWindows:    2. 'AMD Radeon R9 200 Series' (P:0 D:0)
[2017.04.04-13.46.58:165][  0]LogWindows:    3. 'AMD Radeon R9 200 Series' (P:0 D:0)
[2017.04.04-13.46.58:166][  0]LogWindows:    4. 'AMD Radeon R9 200 Series' (P:0 D:0)
[2017.04.04-13.46.58:166][  0]LogWindows:    5. 'AMD Radeon R9 200 Series' (P:0 D:0)
[2017.04.04-13.46.58:166][  0]LogWindows: DebugString: FoundDriverCount:6 
[2017.04.04-13.46.58:166][  0]LogD3D11RHI:     Adapter Name: AMD Radeon R9 200 Series
[2017.04.04-13.46.58:166][  0]LogD3D11RHI:   Driver Version: Crimson ReLive 17.2.1 (internal:21.19.519.2, unified:21.19.519.2)
[2017.04.04-13.46.58:166][  0]LogD3D11RHI:      Driver Date: 2-10-2017
[2017.04.04-13.46.58:166][  0]LogRHI: Texture pool is 1361 MB (70% of 1945 MB)
[2017.04.04-13.46.58:182][  0]LogD3D11RHI: Async texture creation enabled
[2017.04.04-13.46.58:196][  0]LogD3D11RHI: GPU Timing Frequency: 27.000000 (Debug: 2 1)
[2017.04.04-13.46.58:197][  0]LogShaderCompilers: Guid format shader working directory is -51 characters bigger than the processId version (../../../../../../Users/Josh/Documents/Unreal Projects/repos/01_building_escape/Building_Escape/Intermediate/Shaders/WorkingDirectory/21596/).
[2017.04.04-13.46.58:197][  0]LogShaderCompilers: Cleaned the shader compiler working directory 'C:/Users/Josh/AppData/Local/Temp/UnrealShaderWorkingDir/2DD531424E0F1340B870D78302A86FE1/'.
[2017.04.04-13.46.58:197][  0]LogShaderCompilers:Display: Using Local Shader Compiler.
[2017.04.04-13.47.18:782][  0]LogTemp:Display: Loaded TP AllDesktopTargetPlatform
[2017.04.04-13.47.18:792][  0]LogTemp:Display: Loaded TP WindowsClientTargetPlatform
[2017.04.04-13.47.18:841][  0]LogTemp:Display: Loaded TP WindowsNoEditorTargetPlatform
[2017.04.04-13.47.18:889][  0]LogTemp:Display: Loaded TP WindowsServerTargetPlatform
[2017.04.04-13.47.19:052][  0]LogTemp:Display: Loaded TP WindowsTargetPlatform
[2017.04.04-13.47.19:184][  0]LogTemp:Display: Loaded TP AndroidTargetPlatform
[2017.04.04-13.47.19:212][  0]LogTemp:Display: Loaded TP Android_ASTCTargetPlatform
[2017.04.04-13.47.19:243][  0]LogTemp:Display: Loaded TP Android_ATCTargetPlatform
[2017.04.04-13.47.19:255][  0]LogTemp:Display: Loaded TP Android_DXTTargetPlatform
[2017.04.04-13.47.19:277][  0]LogTemp:Display: Loaded TP Android_ETC1TargetPlatform
[2017.04.04-13.47.19:577][  0]LogTemp:Display: Loaded TP Android_ETC2TargetPlatform
[2017.04.04-13.47.19:624][  0]LogTemp:Display: Loaded TP Android_MultiTargetPlatform
[2017.04.04-13.47.19:624][  0]LogTemp:Display: Loaded TP Android_PVRTCTargetPlatform
[2017.04.04-13.47.19:778][  0]LogTemp:Display: Loaded TP HTML5TargetPlatform
[2017.04.04-13.47.20:060][  0]LogTemp:Display: Loaded TP IOSTargetPlatform
[2017.04.04-13.47.20:067][  0]LogTemp:Display: Loaded TP TVOSTargetPlatform
[2017.04.04-13.47.20:075][  0]LogTemp:Display: Loaded TP LinuxClientTargetPlatform
[2017.04.04-13.47.20:101][  0]LogTemp:Display: Loaded TP LinuxNoEditorTargetPlatform
[2017.04.04-13.47.20:109][  0]LogTemp:Display: Loaded TP LinuxServerTargetPlatform
[2017.04.04-13.47.20:148][  0]LogTemp:Display: Loaded TP LinuxTargetPlatform
[2017.04.04-13.47.20:148][  0]LogTargetPlatformManager:Display: Building Assets For Windows
[2017.04.04-13.47.22:843][  0]LogDerivedDataCache:Display: Max Cache Size: 512 MB
[2017.04.04-13.47.22:936][  0]LogDerivedDataCache: Loaded boot cache 0.07s 62MB C:/Users/Josh/AppData/Local/UnrealEngine/4.13/DerivedDataCache/Boot.ddc.
[2017.04.04-13.47.22:960][  0]LogDerivedDataCache:Display: Loaded Boot cache: C:/Users/Josh/AppData/Local/UnrealEngine/4.13/DerivedDataCache/Boot.ddc
[2017.04.04-13.47.22:960][  0]LogDerivedDataCache: FDerivedDataBackendGraph:  Pak pak cache file ../../../../../../Users/Josh/Documents/Unreal Projects/repos/01_building_escape/Building_Escape/DerivedDataCache/DDC.ddp not found, will not use a pak cache.
[2017.04.04-13.47.22:960][  0]LogDerivedDataCache: Unable to find inner node Pak for hierarchical cache Hierarchy.
[2017.04.04-13.47.22:960][  0]LogDerivedDataCache: FDerivedDataBackendGraph:  CompressedPak pak cache file ../../../../../../Users/Josh/Documents/Unreal Projects/repos/01_building_escape/Building_Escape/DerivedDataCache/Compressed.ddp not found, will not use a pak cache.
[2017.04.04-13.47.22:960][  0]LogDerivedDataCache: Unable to find inner node CompressedPak for hierarchical cache Hierarchy.
[2017.04.04-13.47.22:977][  0]LogDerivedDataCache:Display: Pak cache opened for reading ../../../Engine/DerivedDataCache/Compressed.ddp.
[2017.04.04-13.47.22:989][  0]LogDerivedDataCache: Using Local data cache path C:/Users/Josh/AppData/Local/UnrealEngine/Common/DerivedDataCache: Writable
[2017.04.04-13.47.52:735][  0]LogInit: Selected Device Profile: [Windows]
[2017.04.04-13.47.52:802][  0]LogContentStreaming: Texture pool size is 0.00 MB
[2017.04.04-13.47.53:095][  0]LogMeshUtilities: No automatic mesh reduction module available
[2017.04.04-13.47.53:095][  0]LogMeshUtilities: No automatic mesh merging module available
[2017.04.04-13.47.53:095][  0]LogMeshUtilities: No distributed automatic mesh merging module available
[2017.04.04-13.47.53:976][  0]LogMaterial: Uniform references updated for custom material expression Custom.
[2017.04.04-13.48.00:695][  0]LogNetVersion: GetLocalNetworkVersion: CL: 3106830, ProjectName: building_escape, ProjectVersion: , EngineNetworkVersion: 1, GameNetworkVersion: 0, NetworkChecksum: 1592206614
[2017.04.04-13.48.00:951][  0]LogAssetRegistry: FAssetRegistry took 0.0218 seconds to start up
[2017.04.04-13.48.01:049][  0]LogPackageLocalizationCache: Processed 3 localized package path(s) for 2 prioritized culture(s) in 0.096129 seconds
[2017.04.04-13.48.01:054][  0]LogUObjectArray: 29778 objects as part of root set at end of initial load.
[2017.04.04-13.48.01:054][  0]LogUObjectAllocator: 6125448 out of 0 bytes used by permanent object pool.
[2017.04.04-13.48.01:054][  0]LogUObjectArray: CloseDisregardForGC: 0/0 objects in disregard for GC pool
[2017.04.04-13.48.01:095][  0]LogInit: WinSock: version 1.1 (2.2), MaxSocks=32767, MaxUdp=65467
[2017.04.04-13.48.07:228][  0]LogSlate: SlateFontCache - WITH_FREETYPE: 1, WITH_HARFBUZZ: 1
[2017.04.04-13.48.07:228][  0]LogSlate: SlateFontCache - WITH_FREETYPE: 1, WITH_HARFBUZZ: 1
[2017.04.04-13.49.47:447][  0]LogTcpMessaging: Initializing TcpMessaging bridge
[2017.04.04-13.49.47:478][  0]LogUdpMessaging: Initializing bridge on interface 0.0.0.0:0 to multicast group 230.0.0.1:6666.
[2017.04.04-13.49.50:236][  0]SourceControl: Info Source control is disabled
[2017.04.04-13.49.52:726][  0]LogEngine: Initializing Engine...
[2017.04.04-13.49.52:727][  0]LogHMD: Failed to initialize OpenVR with code 110
[2017.04.04-13.49.53:278][  0]LogAIModule: Creating AISystem for world Untitled
[2017.04.04-13.49.53:298][  0]LogInit: XAudio2 using 'Speakers (Realtek High Definition Audio)' : 2 channels at 48 kHz using 32 bits per sample (channel mask 0x3)
[2017.04.04-13.49.53:314][  0]LogInit: FAudioDevice initialized.
[2017.04.04-13.49.53:347][  0]LogDerivedDataCache: Saved boot cache 0.03s 62MB C:/Users/Josh/AppData/Local/UnrealEngine/4.13/DerivedDataCache/Boot.ddc.
[2017.04.04-13.49.53:356][  0]LogInit: Texture streaming: Enabled
[2017.04.04-13.49.53:429][  0]LogInit: Transaction tracking system initialized
[2017.04.04-13.49.53:450][  0]BlueprintLog: New page: Editor Load
[2017.04.04-13.49.53:584][  0]LocalizationService: Info Localization service is disabled
[2017.04.04-13.49.54:413][  0]LogConsoleResponse:Display: 
[2017.04.04-13.49.55:673][  0]LogCook:Display: Max memory allowance for cook 16384mb min free memory 0mb
[2017.04.04-13.49.55:673][  0]LogCook:Display: Mobile HDR setting 1
[2017.04.04-13.49.55:733][  0]LogFileCache: Scanning file cache for directory 'C:/Users/Josh/Documents/Unreal Projects/repos/01_building_escape/Building_Escape/Content/' took 0.02s
[2017.04.04-13.49.56:432][  0]Cmd: MAP LOAD FILE="../../../../../../Users/Josh/Documents/Unreal Projects/repos/01_building_escape/Building_Escape/Content/first.umap" TEMPLATE=0 SHOWPROGRESS=1 FEATURELEVEL=3
[2017.04.04-13.49.56:432][  0]LightingResults: New page: Lighting Build
[2017.04.04-13.49.56:435][  0]MapCheck: New page: Map Check
[2017.04.04-13.49.56:435][  0]LightingResults: New page: Lighting Build
[2017.04.04-13.50.00:972][  0]LogAIModule: Creating AISystem for world first
[2017.04.04-13.50.01:389][  0]LogEditorServer: Finished looking for orphan Actors (0.000 secs)
[2017.04.04-13.50.01:427][  0]Cmd: MAP CHECKDEP NOCLEARLOG
[2017.04.04-13.50.01:507][  0]MapCheck: Info Map check complete: 0 Error(s), 0 Warning(s), took 79.628ms to complete.
[2017.04.04-13.50.01:507][  0]LogFileHelpers: Loading map 'first' took 5.077
[2017.04.04-13.50.02:582][  0]LogCollectionManager: Loaded 0 collections in 0.001502 seconds
[2017.04.04-13.50.02:813][  0]LogFileCache: Scanning file cache for directory 'C:/Users/Josh/Documents/Unreal Projects/repos/01_building_escape/Building_Escape/Saved/Collections/' took 0.01s
[2017.04.04-13.50.02:813][  0]LogFileCache: Scanning file cache for directory 'C:/Users/Josh/Documents/Unreal Projects/repos/01_building_escape/Building_Escape/Content/Developers/Josh/Collections/' took 0.01s
[2017.04.04-13.50.02:813][  0]LogFileCache: Scanning file cache for directory 'C:/Users/Josh/Documents/Unreal Projects/repos/01_building_escape/Building_Escape/Content/Collections/' took 0.01s
[2017.04.04-13.50.02:813][  0]LogCollectionManager: Rebuilt the GUID cache for 0 collections in 0.000003 seconds
[2017.04.04-13.50.02:851][  0]LogContentBrowser: Native class hierarchy populated in 0.0208 seconds. Added 2146 classes and 419 folders.
[2017.04.04-13.50.02:989][  0]LogStats: UGameplayTagsManager::ConstructGameplayTagTree: Construct from data asset -  0.000 s
[2017.04.04-13.50.02:989][  0]LogStats: UGameplayTagsManager::ConstructGameplayTagTree: GameplayTagTreeChangedEvent.Broadcast -  0.000 s
[2017.04.04-13.50.02:992][  0]LogContentBrowser: Native class hierarchy updated for 'GameplayTags' in 0.0019 seconds. Added 12 classes and 0 folders.
[2017.04.04-13.50.03:022][  0]LogContentBrowser: Native class hierarchy updated for 'WidgetCarousel' in 0.0017 seconds. Added 0 classes and 0 folders.
[2017.04.04-13.50.04:874][  0]LogContentBrowser: Native class hierarchy updated for 'AddContentDialog' in 0.0018 seconds. Added 0 classes and 0 folders.
[2017.04.04-13.50.05:845][  0]LogCrashTracker: Crashtracker disabled due to settings.
[2017.04.04-13.50.06:058][  0]LogUObjectGlobals:Warning: Failed to find object 'Class None.'
[2017.04.04-13.50.06:162][  0]LogContentBrowser: Native class hierarchy updated for 'HierarchicalLODOutliner' in 0.0019 seconds. Added 1 classes and 2 folders.
[2017.04.04-13.50.06:162][  0]LogLoad: (Engine Initialization) Total time: 218.40 seconds
[2017.04.04-13.50.06:162][  0]LogLoad: (Engine Initialization) Total Blueprint compile time: 0.83 seconds
[2017.04.04-13.50.06:162][  0]LogExternalProfiler: Found external profiler: VSPerf
[2017.04.04-13.50.06:162][  0]LogExternalProfiler: Using external profiler: VSPerf
[2017.04.04-13.50.06:501][  0]LogOcInput: OculusInput pre-init called
[2017.04.04-13.50.06:747][  0]SourceControl: Info On branch master
[2017.04.04-13.50.06:747][  0]SourceControl: Info Your branch is up-to-date with 'origin/master'.
[2017.04.04-13.50.06:747][  0]SourceControl: Info Changes to be committed:
[2017.04.04-13.50.06:747][  0]SourceControl: Info   (use "git reset HEAD <file>..." to unstage)
[2017.04.04-13.50.06:747][  0]SourceControl: Info 	new file:   01_building_escape/Building_Escape/Source/Building_Escape/Grabber.cpp
[2017.04.04-13.50.06:747][  0]SourceControl: Info 	new file:   01_building_escape/Building_Escape/Source/Building_Escape/Grabber.h
[2017.04.04-13.50.06:747][  0]SourceControl: Info Changes not staged for commit:
[2017.04.04-13.50.06:747][  0]SourceControl: Info   (use "git add/rm <file>..." to update what will be committed)
[2017.04.04-13.50.06:747][  0]SourceControl: Info   (use "git checkout -- <file>..." to discard changes in working directory)
[2017.04.04-13.50.06:747][  0]SourceControl: Info 	modified:   01_building_escape/Building_Escape/Binaries/Win64/Building_EscapeEditor.target
[2017.04.04-13.50.06:747][  0]SourceControl: Info 	modified:   01_building_escape/Building_Escape/Binaries/Win64/UE4Editor.modules
[2017.04.04-13.50.06:747][  0]SourceControl: Info 	modified:   01_building_escape/Building_Escape/Config/DefaultEditor.ini
[2017.04.04-13.50.06:747][  0]SourceControl: Info 	modified:   01_building_escape/Building_Escape/Content/first.umap
[2017.04.04-13.50.06:747][  0]SourceControl: Info 	modified:   01_building_escape/Building_Escape/Intermediate/Build/ActionHistory.bin
[2017.04.04-13.50.06:747][  0]SourceControl: Info 	modified:   01_building_escape/Building_Escape/Intermediate/Build/Unused/Building_Escape.log
[2017.04.04-13.50.06:747][  0]SourceControl: Info 	modified:   01_building_escape/Building_Escape/Intermediate/Build/Win64/Building_EscapeEditor/DependencyCache.bin
[2017.04.04-13.50.06:747][  0]SourceControl: Info 	modified:   01_building_escape/Building_Escape/Intermediate/Build/Win64/Building_EscapeEditor/Development/Building_EscapeEditor.uhtmanifest
[2017.04.04-13.50.06:747][  0]SourceControl: Info 	modified:   01_building_escape/Building_Escape/Intermediate/Build/Win64/Building_EscapeEditor/Development/HotReloadMakefile.ubt
[2017.04.04-13.50.06:747][  0]SourceControl: Info 	modified:   01_building_escape/Building_Escape/Intermediate/Build/Win64/Building_EscapeEditor/FlatCPPIncludes.bin
[2017.04.04-13.50.06:747][  0]SourceControl: Info 	deleted:    01_building_escape/Building_Escape/Intermediate/Build/Win64/UE4Editor/Development/UE4Editor-Building_Escape-1592.dll.response
[2017.04.04-13.50.06:747][  0]SourceControl: Info 	deleted:    01_building_escape/Building_Escape/Intermediate/Build/Win64/UE4Editor/Development/UE4Editor-Building_Escape-1592.exp
[2017.04.04-13.50.06:747][  0]SourceControl: Info 	deleted:    01_building_escape/Building_Escape/Intermediate/Build/Win64/UE4Editor/Development/UE4Editor-Building_Escape-3404.dll.response
[2017.04.04-13.50.06:747][  0]SourceControl: Info 	deleted:    01_building_escape/Building_Escape/Intermediate/Build/Win64/UE4Editor/Development/UE4Editor-Building_Escape-3404.exp
[2017.04.04-13.50.06:747][  0]SourceControl: Info 	deleted:    01_building_escape/Building_Escape/Intermediate/Build/Win64/UE4Editor/Development/UE4Editor-Building_Escape-412.dll.response
[2017.04.04-13.50.06:747][  0]SourceControl: Info 	deleted:    01_building_escape/Building_Escape/Intermediate/Build/Win64/UE4Editor/Development/UE4Editor-Building_Escape-5580.dll.response
[2017.04.04-13.50.06:747][  0]SourceControl: Info 	deleted:    01_building_escape/Building_Escape/Intermediate/Build/Win64/UE4Editor/Development/UE4Editor-Building_Escape-5580.exp
[2017.04.04-13.50.06:747][  0]SourceControl: Info 	deleted:    01_building_escape/Building_Escape/Intermediate/Build/Win64/UE4Editor/Development/UE4Editor-Building_Escape-7368.dll.response
[2017.04.04-13.50.06:747][  0]SourceControl: Info 	deleted:    01_building_escape/Building_Escape/Intermediate/Build/Win64/UE4Editor/Development/UE4Editor-Building_Escape-7368.exp
[2017.04.04-13.50.06:747][  0]SourceControl: Info 	deleted:    01_building_escape/Building_Escape/Intermediate/Build/Win64/UE4Editor/Development/UE4Editor-Building_Escape-7510.dll.response
[2017.04.04-13.50.06:747][  0]SourceControl: Info 	deleted:    01_building_escape/Building_Escape/Intermediate/Build/Win64/UE4Editor/Development/UE4Editor-Building_Escape-7510.exp
[2017.04.04-13.50.06:747][  0]SourceControl: Info 	deleted:    01_building_escape/Building_Escape/Intermediate/Build/Win64/UE4Editor/Development/UE4Editor-Building_Escape-8979.dll.response
[2017.04.04-13.50.06:747][  0]SourceControl: Info 	deleted:    01_building_escape/Building_Escape/Intermediate/Build/Win64/UE4Editor/Development/UE4Editor-Building_Escape-8979.exp
[2017.04.04-13.50.06:747][  0]SourceControl: Info 	deleted:    01_building_escape/Building_Escape/Intermediate/Build/Win64/UE4Editor/Development/UE4Editor-Building_Escape.dll.response
[2017.04.04-13.50.06:747][  0]SourceControl: Info 	deleted:    01_building_escape/Building_Escape/Intermediate/Build/Win64/UE4Editor/Development/UE4Editor-Building_Escape.exp
[2017.04.04-13.50.06:748][  0]SourceControl: Info 	modified:   01_building_escape/Building_Escape/Intermediate/Build/Win64/UE4Editor/Inc/Building_Escape/Building_Escape.generated.cpp
[2017.04.04-13.50.06:748][  0]SourceControl: Info 	modified:   01_building_escape/Building_Escape/Intermediate/Build/Win64/UE4Editor/Inc/Building_Escape/Building_Escape.generated.dep.h
[2017.04.04-13.50.06:748][  0]SourceControl: Info 	modified:   01_building_escape/Building_Escape/Intermediate/Build/Win64/UE4Editor/Inc/Building_Escape/Timestamp
[2017.04.04-13.50.06:748][  0]SourceControl: Info 	modified:   01_building_escape/Building_Escape/Intermediate/CachedAssetRegistry.bin
[2017.04.04-13.50.06:748][  0]SourceControl: Info 	modified:   01_building_escape/Building_Escape/Intermediate/Config/CoalescedSourceConfigs/Editor.ini
[2017.04.04-13.50.06:748][  0]SourceControl: Info 	modified:   01_building_escape/Building_Escape/Intermediate/Config/CoalescedSourceConfigs/Engine.ini
[2017.04.04-13.50.06:748][  0]SourceControl: Info 	modified:   01_building_escape/Building_Escape/Intermediate/Config/CoalescedSourceConfigs/Input.ini
[2017.04.04-13.50.06:748][  0]SourceControl: Info 	modified:   01_building_escape/Building_Escape/Intermediate/ProjectFiles/Building_Escape.vcxproj
[2017.04.04-13.50.06:748][  0]SourceControl: Info 	modified:   01_building_escape/Building_Escape/Intermediate/ProjectFiles/Building_Escape.vcxproj.filters
[2017.04.04-13.50.06:748][  0]SourceControl: Info 	modified:   01_building_escape/Building_Escape/Saved/AutoScreenshot.png
[2017.04.04-13.50.06:748][  0]SourceControl: Info 	modified:   01_building_escape/Building_Escape/Saved/Autosaves/Game/first_Auto1.umap
[2017.04.04-13.50.06:748][  0]SourceControl: Info 	modified:   01_building_escape/Building_Escape/Saved/Autosaves/Game/first_Auto2.umap
[2017.04.04-13.50.06:748][  0]SourceControl: Info 	modified:   01_building_escape/Building_Escape/Saved/Autosaves/Game/first_Auto3.umap
[2017.04.04-13.50.06:748][  0]SourceControl: Info 	modified:   01_building_escape/Building_Escape/Saved/Autosaves/Game/first_Auto4.umap
[2017.04.04-13.50.06:748][  0]SourceControl: Info 	modified:   01_building_escape/Building_Escape/Saved/Autosaves/PackageRestoreData.json
[2017.04.04-13.50.06:748][  0]SourceControl: Info 	modified:   01_building_escape/Building_Escape/Saved/Config/Windows/Editor.ini
[2017.04.04-13.50.06:748][  0]SourceControl: Info 	modified:   01_building_escape/Building_Escape/Saved/Config/Windows/EditorPerProjectUserSettings.ini
[2017.04.04-13.50.06:748][  0]SourceControl: Info 	deleted:    01_building_escape/Building_Escape/Saved/Logs/Building_Escape-backup-2017.03.08-16.47.36.log
[2017.04.04-13.50.06:748][  0]SourceControl: Info 	deleted:    01_building_escape/Building_Escape/Saved/Logs/Building_Escape-backup-2017.03.08-17.00.51.log
[2017.04.04-13.50.06:748][  0]SourceControl: Info 	deleted:    01_building_escape/Building_Escape/Saved/Logs/Building_Escape-backup-2017.03.11-20.33.50.log
[2017.04.04-13.50.06:748][  0]SourceControl: Info 	modified:   01_building_escape/Building_Escape/Saved/Logs/Building_Escape.log
[2017.04.04-13.50.06:748][  0]SourceControl: Info 	deleted:    01_building_escape/Building_Escape/Saved/Logs/UE4CC-Windows-11970D9B4EDCD1D65E6932B666EC6388/CrashReportClient.ini
[2017.04.04-13.50.06:748][  0]SourceControl: Info 	deleted:    01_building_escape/Building_Escape/Saved/Logs/UE4CC-Windows-59B668CE475460C6F0DAC18BF08ABD28/CrashReportClient.ini
[2017.04.04-13.50.06:748][  0]SourceControl: Info 	deleted:    01_building_escape/Building_Escape/Saved/Logs/UE4CC-Windows-5B7F07DD439DC24F38CB6E9B025E8ACD/CrashReportClient.ini
[2017.04.04-13.50.06:748][  0]SourceControl: Info 	modified:   01_building_escape/Building_Escape/Source/Building_Escape/Grabber.cpp
[2017.04.04-13.50.06:748][  0]SourceControl: Info 	modified:   01_building_escape/Building_Escape/Source/Building_Escape/Grabber.h
[2017.04.04-13.50.06:748][  0]SourceControl: Info 	modified:   01_building_escape/Building_Escape/Source/Building_Escape/OpenDoor.cpp
[2017.04.04-13.50.06:748][  0]SourceControl: Info 	modified:   01_building_escape/Building_Escape/Source/Building_Escape/OpenDoor.h
[2017.04.04-13.50.06:748][  0]SourceControl: Info Untracked files:
[2017.04.04-13.50.06:748][  0]SourceControl: Info   (use "git add <file>..." to include in what will be committed)
[2017.04.04-13.50.06:748][  0]SourceControl: Info 	01_building_escape/Building_Escape/Binaries/Win64/UE4Editor-Building_Escape-11.pdb
[2017.04.04-13.50.06:748][  0]SourceControl: Info 	01_building_escape/Building_Escape/Binaries/Win64/UE4Editor-Building_Escape-1339.pdb
[2017.04.04-13.50.06:748][  0]SourceControl: Info 	01_building_escape/Building_Escape/Binaries/Win64/UE4Editor-Building_Escape-1447.pdb
[2017.04.04-13.50.06:748][  0]SourceControl: Info 	01_building_escape/Building_Escape/Binaries/Win64/UE4Editor-Building_Escape-1529.pdb
[2017.04.04-13.50.06:748][  0]SourceControl: Info 	01_building_escape/Building_Escape/Binaries/Win64/UE4Editor-Building_Escape-1769.pdb
[2017.04.04-13.50.06:748][  0]SourceControl: Info 	01_building_escape/Building_Escape/Binaries/Win64/UE4Editor-Building_Escape-1820.pdb
[2017.04.04-13.50.06:748][  0]SourceControl: Info 	01_building_escape/Building_Escape/Binaries/Win64/UE4Editor-Building_Escape-1868.pdb
[2017.04.04-13.50.06:748][  0]SourceControl: Info 	01_building_escape/Building_Escape/Binaries/Win64/UE4Editor-Building_Escape-2187.pdb
[2017.04.04-13.50.06:748][  0]SourceControl: Info 	01_building_escape/Building_Escape/Binaries/Win64/UE4Editor-Building_Escape-2574.pdb
[2017.04.04-13.50.06:748][  0]SourceControl: Info 	01_building_escape/Building_Escape/Binaries/Win64/UE4Editor-Building_Escape-2718.pdb
[2017.04.04-13.50.06:748][  0]SourceControl: Info 	01_building_escape/Building_Escape/Binaries/Win64/UE4Editor-Building_Escape-2870.pdb
[2017.04.04-13.50.06:748][  0]SourceControl: Info 	01_building_escape/Building_Escape/Binaries/Win64/UE4Editor-Building_Escape-3327.pdb
[2017.04.04-13.50.06:748][  0]SourceControl: Info 	01_building_escape/Building_Escape/Binaries/Win64/UE4Editor-Building_Escape-3723.pdb
[2017.04.04-13.50.06:748][  0]SourceControl: Info 	01_building_escape/Building_Escape/Binaries/Win64/UE4Editor-Building_Escape-3843.pdb
[2017.04.04-13.50.06:748][  0]SourceControl: Info 	01_building_escape/Building_Escape/Binaries/Win64/UE4Editor-Building_Escape-3909.pdb
[2017.04.04-13.50.06:748][  0]SourceControl: Info 	01_building_escape/Building_Escape/Binaries/Win64/UE4Editor-Building_Escape-438.pdb
[2017.04.04-13.50.06:748][  0]SourceControl: Info 	01_building_escape/Building_Escape/Binaries/Win64/UE4Editor-Building_Escape-4421.pdb
[2017.04.04-13.50.06:748][  0]SourceControl: Info 	01_building_escape/Building_Escape/Binaries/Win64/UE4Editor-Building_Escape-4569.pdb
[2017.04.04-13.50.06:748][  0]SourceControl: Info 	01_building_escape/Building_Escape/Binaries/Win64/UE4Editor-Building_Escape-4873.pdb
[2017.04.04-13.50.06:748][  0]SourceControl: Info 	01_building_escape/Building_Escape/Binaries/Win64/UE4Editor-Building_Escape-5026.pdb
[2017.04.04-13.50.06:748][  0]SourceControl: Info 	01_building_escape/Building_Escape/Binaries/Win64/UE4Editor-Building_Escape-5172.pdb
[2017.04.04-13.50.06:748][  0]SourceControl: Info 	01_building_escape/Building_Escape/Binaries/Win64/UE4Editor-Building_Escape-52.pdb
[2017.04.04-13.50.06:748][  0]SourceControl: Info 	01_building_escape/Building_Escape/Binaries/Win64/UE4Editor-Building_Escape-5266.pdb
[2017.04.04-13.50.06:748][  0]SourceControl: Info 	01_building_escape/Building_Escape/Binaries/Win64/UE4Editor-Building_Escape-5561.pdb
[2017.04.04-13.50.06:748][  0]SourceControl: Info 	01_building_escape/Building_Escape/Binaries/Win64/UE4Editor-Building_Escape-6018.pdb
[2017.04.04-13.50.06:748][  0]SourceControl: Info 	01_building_escape/Building_Escape/Binaries/Win64/UE4Editor-Building_Escape-6104.pdb
[2017.04.04-13.50.06:748][  0]SourceControl: Info 	01_building_escape/Building_Escape/Binaries/Win64/UE4Editor-Building_Escape-6809.pdb
[2017.04.04-13.50.06:748][  0]SourceControl: Info 	01_building_escape/Building_Escape/Binaries/Win64/UE4Editor-Building_Escape-7076.pdb
[2017.04.04-13.50.06:748][  0]SourceControl: Info 	01_building_escape/Building_Escape/Binaries/Win64/UE4Editor-Building_Escape-7258.pdb
[2017.04.04-13.50.06:748][  0]SourceControl: Info 	01_building_escape/Building_Escape/Binaries/Win64/UE4Editor-Building_Escape-7541.pdb
[2017.04.04-13.50.06:748][  0]SourceControl: Info 	01_building_escape/Building_Escape/Binaries/Win64/UE4Editor-Building_Escape-7918.pdb
[2017.04.04-13.50.06:748][  0]SourceControl: Info 	01_building_escape/Building_Escape/Binaries/Win64/UE4Editor-Building_Escape-7968.pdb
[2017.04.04-13.50.06:749][  0]SourceControl: Info 	01_building_escape/Building_Escape/Binaries/Win64/UE4Editor-Building_Escape-8283.pdb
[2017.04.04-13.50.06:749][  0]SourceControl: Info 	01_building_escape/Building_Escape/Binaries/Win64/UE4Editor-Building_Escape-8362.pdb
[2017.04.04-13.50.06:749][  0]SourceControl: Info 	01_building_escape/Building_Escape/Binaries/Win64/UE4Editor-Building_Escape-8430.pdb
[2017.04.04-13.50.06:749][  0]SourceControl: Info 	01_building_escape/Building_Escape/Binaries/Win64/UE4Editor-Building_Escape-8493.pdb
[2017.04.04-13.50.06:749][  0]SourceControl: Info 	01_building_escape/Building_Escape/Binaries/Win64/UE4Editor-Building_Escape-8684.pdb
[2017.04.04-13.50.06:749][  0]SourceControl: Info 	01_building_escape/Building_Escape/Binaries/Win64/UE4Editor-Building_Escape-8880.pdb
[2017.04.04-13.50.06:749][  0]SourceControl: Info 	01_building_escape/Building_Escape/Binaries/Win64/UE4Editor-Building_Escape-8882.pdb
[2017.04.04-13.50.06:749][  0]SourceControl: Info 	01_building_escape/Building_Escape/Binaries/Win64/UE4Editor-Building_Escape-9012.pdb
[2017.04.04-13.50.06:749][  0]SourceControl: Info 	01_building_escape/Building_Escape/Building_Escape.VC.VC.opendb
[2017.04.04-13.50.06:749][  0]SourceControl: Info 	01_building_escape/Building_Escape/Intermediate/Build/Win64/UE4Editor/Development/Building_Escape/Grabber.cpp.obj.response
[2017.04.04-13.50.06:749][  0]SourceControl: Info 	01_building_escape/Building_Escape/Intermediate/Build/Win64/UE4Editor/Development/UE4Editor-Building_Escape-1339.dll.response
[2017.04.04-13.50.06:749][  0]SourceControl: Info 	01_building_escape/Building_Escape/Intermediate/Build/Win64/UE4Editor/Development/UE4Editor-Building_Escape-1339.exp
[2017.04.04-13.50.06:749][  0]SourceControl: Info 	01_building_escape/Building_Escape/Intermediate/Build/Win64/UE4Editor/Development/UE4Editor-Building_Escape-1717.dll.response
[2017.04.04-13.50.06:749][  0]SourceControl: Info 	01_building_escape/Building_Escape/Intermediate/Build/Win64/UE4Editor/Development/UE4Editor-Building_Escape-1769.dll.response
[2017.04.04-13.50.06:749][  0]SourceControl: Info 	01_building_escape/Building_Escape/Intermediate/Build/Win64/UE4Editor/Development/UE4Editor-Building_Escape-1769.exp
[2017.04.04-13.50.06:749][  0]SourceControl: Info 	01_building_escape/Building_Escape/Intermediate/Build/Win64/UE4Editor/Development/UE4Editor-Building_Escape-1820.dll.response
[2017.04.04-13.50.06:749][  0]SourceControl: Info 	01_building_escape/Building_Escape/Intermediate/Build/Win64/UE4Editor/Development/UE4Editor-Building_Escape-1820.exp
[2017.04.04-13.50.06:749][  0]SourceControl: Info 	01_building_escape/Building_Escape/Intermediate/Build/Win64/UE4Editor/Development/UE4Editor-Building_Escape-1868.dll.response
[2017.04.04-13.50.06:749][  0]SourceControl: Info 	01_building_escape/Building_Escape/Intermediate/Build/Win64/UE4Editor/Development/UE4Editor-Building_Escape-1868.exp
[2017.04.04-13.50.06:749][  0]SourceControl: Info 	01_building_escape/Building_Escape/Intermediate/Build/Win64/UE4Editor/Development/UE4Editor-Building_Escape-1979.dll.response
[2017.04.04-13.50.06:749][  0]SourceControl: Info 	01_building_escape/Building_Escape/Intermediate/Build/Win64/UE4Editor/Development/UE4Editor-Building_Escape-2035.dll.response
[2017.04.04-13.50.06:749][  0]SourceControl: Info 	01_building_escape/Building_Escape/Intermediate/Build/Win64/UE4Editor/Development/UE4Editor-Building_Escape-2076.dll.response
[2017.04.04-13.50.06:749][  0]SourceControl: Info 	01_building_escape/Building_Escape/Intermediate/Build/Win64/UE4Editor/Development/UE4Editor-Building_Escape-2187.dll.response
[2017.04.04-13.50.06:749][  0]SourceControl: Info 	01_building_escape/Building_Escape/Intermediate/Build/Win64/UE4Editor/Development/UE4Editor-Building_Escape-2187.exp
[2017.04.04-13.50.06:749][  0]SourceControl: Info 	01_building_escape/Building_Escape/Intermediate/Build/Win64/UE4Editor/Development/UE4Editor-Building_Escape-2694.dll.response
[2017.04.04-13.50.06:749][  0]SourceControl: Info 	01_building_escape/Building_Escape/Intermediate/Build/Win64/UE4Editor/Development/UE4Editor-Building_Escape-2695.dll.response
[2017.04.04-13.50.06:749][  0]SourceControl: Info 	01_building_escape/Building_Escape/Intermediate/Build/Win64/UE4Editor/Development/UE4Editor-Building_Escape-2785.dll.response
[2017.04.04-13.50.06:749][  0]SourceControl: Info 	01_building_escape/Building_Escape/Intermediate/Build/Win64/UE4Editor/Development/UE4Editor-Building_Escape-282.dll.response
[2017.04.04-13.50.06:749][  0]SourceControl: Info 	01_building_escape/Building_Escape/Intermediate/Build/Win64/UE4Editor/Development/UE4Editor-Building_Escape-2870.dll.response
[2017.04.04-13.50.06:749][  0]SourceControl: Info 	01_building_escape/Building_Escape/Intermediate/Build/Win64/UE4Editor/Development/UE4Editor-Building_Escape-2870.exp
[2017.04.04-13.50.06:749][  0]SourceControl: Info 	01_building_escape/Building_Escape/Intermediate/Build/Win64/UE4Editor/Development/UE4Editor-Building_Escape-3215.dll.response
[2017.04.04-13.50.06:749][  0]SourceControl: Info 	01_building_escape/Building_Escape/Intermediate/Build/Win64/UE4Editor/Development/UE4Editor-Building_Escape-3327.dll.response
[2017.04.04-13.50.06:749][  0]SourceControl: Info 	01_building_escape/Building_Escape/Intermediate/Build/Win64/UE4Editor/Development/UE4Editor-Building_Escape-3327.exp
[2017.04.04-13.50.06:749][  0]SourceControl: Info 	01_building_escape/Building_Escape/Intermediate/Build/Win64/UE4Editor/Development/UE4Editor-Building_Escape-3503.dll.response
[2017.04.04-13.50.06:749][  0]SourceControl: Info 	01_building_escape/Building_Escape/Intermediate/Build/Win64/UE4Editor/Development/UE4Editor-Building_Escape-3723.dll.response
[2017.04.04-13.50.06:749][  0]SourceControl: Info 	01_building_escape/Building_Escape/Intermediate/Build/Win64/UE4Editor/Development/UE4Editor-Building_Escape-3723.exp
[2017.04.04-13.50.06:749][  0]SourceControl: Info 	01_building_escape/Building_Escape/Intermediate/Build/Win64/UE4Editor/Development/UE4Editor-Building_Escape-3794.dll.response
[2017.04.04-13.50.06:749][  0]SourceControl: Info 	01_building_escape/Building_Escape/Intermediate/Build/Win64/UE4Editor/Development/UE4Editor-Building_Escape-3828.dll.response
[2017.04.04-13.50.06:749][  0]SourceControl: Info 	01_building_escape/Building_Escape/Intermediate/Build/Win64/UE4Editor/Development/UE4Editor-Building_Escape-4374.dll.response
[2017.04.04-13.50.06:749][  0]SourceControl: Info 	01_building_escape/Building_Escape/Intermediate/Build/Win64/UE4Editor/Development/UE4Editor-Building_Escape-4421.dll.response
[2017.04.04-13.50.06:749][  0]SourceControl: Info 	01_building_escape/Building_Escape/Intermediate/Build/Win64/UE4Editor/Development/UE4Editor-Building_Escape-4421.exp
[2017.04.04-13.50.06:749][  0]SourceControl: Info 	01_building_escape/Building_Escape/Intermediate/Build/Win64/UE4Editor/Development/UE4Editor-Building_Escape-4680.dll.response
[2017.04.04-13.50.06:749][  0]SourceControl: Info 	01_building_escape/Building_Escape/Intermediate/Build/Win64/UE4Editor/Development/UE4Editor-Building_Escape-4873.dll.response
[2017.04.04-13.50.06:749][  0]SourceControl: Info 	01_building_escape/Building_Escape/Intermediate/Build/Win64/UE4Editor/Development/UE4Editor-Building_Escape-4873.exp
[2017.04.04-13.50.06:749][  0]SourceControl: Info 	01_building_escape/Building_Escape/Intermediate/Build/Win64/UE4Editor/Development/UE4Editor-Building_Escape-5172.dll.response
[2017.04.04-13.50.06:749][  0]SourceControl: Info 	01_building_escape/Building_Escape/Intermediate/Build/Win64/UE4Editor/Development/UE4Editor-Building_Escape-5172.exp
[2017.04.04-13.50.06:749][  0]SourceControl: Info 	01_building_escape/Building_Escape/Intermediate/Build/Win64/UE4Editor/Development/UE4Editor-Building_Escape-5266.dll.response
[2017.04.04-13.50.06:749][  0]SourceControl: Info 	01_building_escape/Building_Escape/Intermediate/Build/Win64/UE4Editor/Development/UE4Editor-Building_Escape-5266.exp
[2017.04.04-13.50.06:749][  0]SourceControl: Info 	01_building_escape/Building_Escape/Intermediate/Build/Win64/UE4Editor/Development/UE4Editor-Building_Escape-565.dll.response
[2017.04.04-13.50.06:749][  0]SourceControl: Info 	01_building_escape/Building_Escape/Intermediate/Build/Win64/UE4Editor/Development/UE4Editor-Building_Escape-6047.dll.response
[2017.04.04-13.50.06:749][  0]SourceControl: Info 	01_building_escape/Building_Escape/Intermediate/Build/Win64/UE4Editor/Development/UE4Editor-Building_Escape-626.dll.response
[2017.04.04-13.50.06:749][  0]SourceControl: Info 	01_building_escape/Building_Escape/Intermediate/Build/Win64/UE4Editor/Development/UE4Editor-Building_Escape-7258.dll.response
[2017.04.04-13.50.06:749][  0]SourceControl: Info 	01_building_escape/Building_Escape/Intermediate/Build/Win64/UE4Editor/Development/UE4Editor-Building_Escape-7258.exp
[2017.04.04-13.50.06:749][  0]SourceControl: Info 	01_building_escape/Building_Escape/Intermediate/Build/Win64/UE4Editor/Development/UE4Editor-Building_Escape-7523.dll.response
[2017.04.04-13.50.06:749][  0]SourceControl: Info 	01_building_escape/Building_Escape/Intermediate/Build/Win64/UE4Editor/Development/UE4Editor-Building_Escape-7959.dll.response
[2017.04.04-13.50.06:749][  0]SourceControl: Info 	01_building_escape/Building_Escape/Intermediate/Build/Win64/UE4Editor/Development/UE4Editor-Building_Escape-8283.dll.response
[2017.04.04-13.50.06:749][  0]SourceControl: Info 	01_building_escape/Building_Escape/Intermediate/Build/Win64/UE4Editor/Development/UE4Editor-Building_Escape-8283.exp
[2017.04.04-13.50.06:749][  0]SourceControl: Info 	01_building_escape/Building_Escape/Intermediate/Build/Win64/UE4Editor/Development/UE4Editor-Building_Escape-8430.dll.response
[2017.04.04-13.50.06:749][  0]SourceControl: Info 	01_building_escape/Building_Escape/Intermediate/Build/Win64/UE4Editor/Development/UE4Editor-Building_Escape-8430.exp
[2017.04.04-13.50.06:750][  0]SourceControl: Info 	01_building_escape/Building_Escape/Intermediate/Build/Win64/UE4Editor/Development/UE4Editor-Building_Escape-8493.dll.response
[2017.04.04-13.50.06:750][  0]SourceControl: Info 	01_building_escape/Building_Escape/Intermediate/Build/Win64/UE4Editor/Development/UE4Editor-Building_Escape-8493.exp
[2017.04.04-13.50.06:750][  0]SourceControl: Info 	01_building_escape/Building_Escape/Intermediate/Build/Win64/UE4Editor/Development/UE4Editor-Building_Escape-8684.dll.response
[2017.04.04-13.50.06:750][  0]SourceControl: Info 	01_building_escape/Building_Escape/Intermediate/Build/Win64/UE4Editor/Development/UE4Editor-Building_Escape-8684.exp
[2017.04.04-13.50.06:750][  0]SourceControl: Info 	01_building_escape/Building_Escape/Intermediate/Build/Win64/UE4Editor/Development/UE4Editor-Building_Escape-8880.dll.response
[2017.04.04-13.50.06:750][  0]SourceControl: Info 	01_building_escape/Building_Escape/Intermediate/Build/Win64/UE4Editor/Development/UE4Editor-Building_Escape-8880.exp
[2017.04.04-13.50.06:750][  0]SourceControl: Info 	01_building_escape/Building_Escape/Intermediate/Build/Win64/UE4Editor/Development/UE4Editor-Building_Escape-9012.dll.response
[2017.04.04-13.50.06:750][  0]SourceControl: Info 	01_building_escape/Building_Escape/Intermediate/Build/Win64/UE4Editor/Development/UE4Editor-Building_Escape-9012.exp
[2017.04.04-13.50.06:750][  0]SourceControl: Info 	01_building_escape/Building_Escape/Intermediate/Build/Win64/UE4Editor/Development/UE4Editor-Building_Escape-9221.dll.response
[2017.04.04-13.50.06:750][  0]SourceControl: Info 	01_building_escape/Building_Escape/Intermediate/Build/Win64/UE4Editor/Development/UE4Editor-Building_Escape-9380.dll.response
[2017.04.04-13.50.06:750][  0]SourceControl: Info 	01_building_escape/Building_Escape/Intermediate/Build/Win64/UE4Editor/Inc/Building_Escape/Grabber.generated.h
[2017.04.04-13.50.06:750][  0]SourceControl: Info 	01_building_escape/Building_Escape/Saved/Autosaves/Game/DefaultPawn_Blueprint_BP_Auto1.uasset
[2017.04.04-13.50.06:750][  0]SourceControl: Info 	01_building_escape/Building_Escape/Saved/Autosaves/Game/first_Auto5.umap
[2017.04.04-13.50.06:750][  0]SourceControl: Info 	01_building_escape/Building_Escape/Saved/Autosaves/Game/first_Auto6.umap
[2017.04.04-13.50.06:750][  0]SourceControl: Info 	01_building_escape/Building_Escape/Saved/Backup/DefaultPawn_Blueprint_BP_2017-03-13-16-23-17.uasset
[2017.04.04-13.50.06:750][  0]SourceControl: Info 	01_building_escape/Building_Escape/Saved/Backup/DefaultPawn_Blueprint_BP_2017-03-14-14-36-52.uasset
[2017.04.04-13.50.06:750][  0]SourceControl: Info 	01_building_escape/Building_Escape/Saved/Backup/DefaultPawn_Blueprint_BP_2017-03-30-16-22-59.uasset
[2017.04.04-13.50.06:750][  0]SourceControl: Info 	01_building_escape/Building_Escape/Saved/Backup/DefaultPawn_Blueprint_BP_2017-03-30-16-56-31.uasset
[2017.04.04-13.50.06:750][  0]SourceControl: Info 	01_building_escape/Building_Escape/Saved/Backup/DefaultPawn_Blueprint_BP_2017-03-31-18-59-51.uasset
[2017.04.04-13.50.06:750][  0]SourceControl: Info 	01_building_escape/Building_Escape/Saved/Backup/DefaultPawn_Blueprint_BP_2017-03-31-19-10-53.uasset
[2017.04.04-13.50.06:750][  0]SourceControl: Info 	01_building_escape/Building_Escape/Saved/Backup/DefaultPawn_Blueprint_BP_2017-03-31-19-39-45.uasset
[2017.04.04-13.50.06:750][  0]SourceControl: Info 	01_building_escape/Building_Escape/Saved/Backup/DefaultPawn_Blueprint_BP_2017-04-04-12-47-30.uasset
[2017.04.04-13.50.06:750][  0]SourceControl: Info 	01_building_escape/Building_Escape/Saved/Backup/M_Chair_2017-03-13-13-07-51.uasset
[2017.04.04-13.50.06:750][  0]SourceControl: Info 	01_building_escape/Building_Escape/Saved/Backup/MyBuilding_EscapeGameMode_BP_2017-03-14-14-30-01.uasset
[2017.04.04-13.50.06:750][  0]SourceControl: Info 	01_building_escape/Building_Escape/Saved/Backup/My_Pulse_2017-04-04-13-08-27.uasset
[2017.04.04-13.50.06:750][  0]SourceControl: Info 	01_building_escape/Building_Escape/Saved/Backup/SM_Door_2017-03-13-14-29-55.uasset
[2017.04.04-13.50.06:750][  0]SourceControl: Info 	01_building_escape/Building_Escape/Saved/Backup/first_2017-03-11-21-28-29.umap
[2017.04.04-13.50.06:750][  0]SourceControl: Info 	01_building_escape/Building_Escape/Saved/Backup/first_2017-03-13-13-15-34.umap
[2017.04.04-13.50.06:750][  0]SourceControl: Info 	01_building_escape/Building_Escape/Saved/Backup/first_2017-03-13-13-24-14.umap
[2017.04.04-13.50.06:750][  0]SourceControl: Info 	01_building_escape/Building_Escape/Saved/Backup/first_2017-03-13-13-34-14.umap
[2017.04.04-13.50.06:750][  0]SourceControl: Info 	01_building_escape/Building_Escape/Saved/Backup/first_2017-03-13-13-44-58.umap
[2017.04.04-13.50.06:750][  0]SourceControl: Info 	01_building_escape/Building_Escape/Saved/Backup/first_2017-03-13-13-55-30.umap
[2017.04.04-13.50.06:750][  0]SourceControl: Info 	01_building_escape/Building_Escape/Saved/Backup/first_2017-03-13-14-03-11.umap
[2017.04.04-13.50.06:750][  0]SourceControl: Info 	01_building_escape/Building_Escape/Saved/Backup/first_2017-03-13-14-13-14.umap
[2017.04.04-13.50.06:750][  0]SourceControl: Info 	01_building_escape/Building_Escape/Saved/Backup/first_2017-03-13-14-22-51.umap
[2017.04.04-13.50.06:750][  0]SourceControl: Info 	01_building_escape/Building_Escape/Saved/Backup/first_2017-03-13-14-34-19.umap
[2017.04.04-13.50.06:750][  0]SourceControl: Info 	01_building_escape/Building_Escape/Saved/Backup/first_2017-03-13-14-40-00.umap
[2017.04.04-13.50.06:750][  0]SourceControl: Info 	01_building_escape/Building_Escape/Saved/Backup/first_2017-03-13-14-47-21.umap
[2017.04.04-13.50.06:750][  0]SourceControl: Info 	01_building_escape/Building_Escape/Saved/Backup/first_2017-03-13-15-00-28.umap
[2017.04.04-13.50.06:750][  0]SourceControl: Info 	01_building_escape/Building_Escape/Saved/Backup/first_2017-03-13-15-19-11.umap
[2017.04.04-13.50.06:750][  0]SourceControl: Info 	01_building_escape/Building_Escape/Saved/Backup/first_2017-03-13-16-27-48.umap
[2017.04.04-13.50.06:750][  0]SourceControl: Info 	01_building_escape/Building_Escape/Saved/Backup/first_2017-03-13-16-40-39.umap
[2017.04.04-13.50.06:750][  0]SourceControl: Info 	01_building_escape/Building_Escape/Saved/Backup/first_2017-03-13-23-54-07.umap
[2017.04.04-13.50.06:750][  0]SourceControl: Info 	01_building_escape/Building_Escape/Saved/Backup/first_2017-03-14-14-30-56.umap
[2017.04.04-13.50.06:750][  0]SourceControl: Info 	01_building_escape/Building_Escape/Saved/Backup/first_2017-03-14-15-21-21.umap
[2017.04.04-13.50.06:750][  0]SourceControl: Info 	01_building_escape/Building_Escape/Saved/Backup/first_2017-03-15-11-55-32.umap
[2017.04.04-13.50.06:750][  0]SourceControl: Info 	01_building_escape/Building_Escape/Saved/Backup/first_2017-03-15-12-18-51.umap
[2017.04.04-13.50.06:750][  0]SourceControl: Info 	01_building_escape/Building_Escape/Saved/Backup/first_2017-03-15-12-37-06.umap
[2017.04.04-13.50.06:750][  0]SourceControl: Info 	01_building_escape/Building_Escape/Saved/Backup/first_2017-03-15-12-49-23.umap
[2017.04.04-13.50.06:750][  0]SourceControl: Info 	01_building_escape/Building_Escape/Saved/Backup/first_2017-03-15-13-56-22.umap
[2017.04.04-13.50.06:750][  0]SourceControl: Info 	01_building_escape/Building_Escape/Saved/Backup/first_2017-03-15-15-18-17.umap
[2017.04.04-13.50.06:750][  0]SourceControl: Info 	01_building_escape/Building_Escape/Saved/Backup/first_2017-03-15-18-28-26.umap
[2017.04.04-13.50.06:750][  0]SourceControl: Info 	01_building_escape/Building_Escape/Saved/Backup/first_2017-03-31-16-45-09.umap
[2017.04.04-13.50.06:750][  0]SourceControl: Info 	01_building_escape/Building_Escape/Saved/Backup/first_2017-03-31-18-06-52.umap
[2017.04.04-13.50.06:750][  0]SourceControl: Info 	01_building_escape/Building_Escape/Saved/Backup/first_2017-03-31-18-57-31.umap
[2017.04.04-13.50.06:750][  0]SourceControl: Info 	01_building_escape/Building_Escape/Saved/Backup/first_2017-03-31-19-35-56.umap
[2017.04.04-13.50.06:750][  0]SourceControl: Info 	01_building_escape/Building_Escape/Saved/Backup/first_2017-04-04-12-23-18.umap
[2017.04.04-13.50.06:750][  0]SourceControl: Info 	01_building_escape/Building_Escape/Saved/Backup/first_2017-04-04-12-53-22.umap
[2017.04.04-13.50.06:750][  0]SourceControl: Info 	01_building_escape/Building_Escape/Saved/Backup/first_2017-04-04-13-06-49.umap
[2017.04.04-13.50.06:750][  0]SourceControl: Info 	01_building_escape/Building_Escape/Saved/Backup/first_2017-04-04-13-23-27.umap
[2017.04.04-13.50.06:750][  0]SourceControl: Info 	01_building_escape/Building_Escape/Saved/Backup/first_2017-04-04-13-30-13.umap
[2017.04.04-13.50.06:750][  0]SourceControl: Info 	01_building_escape/Building_Escape/Saved/Backup/first_2017-04-04-14-34-03.umap
[2017.04.04-13.50.06:750][  0]SourceControl: Info 	01_building_escape/Building_Escape/Saved/Logs/Building_Escape-backup-2017.03.30-16.16.03.log
[2017.04.04-13.50.06:751][  0]SourceControl: Info 	01_building_escape/Building_Escape/Saved/Logs/Building_Escape-backup-2017.03.30-16.26.01.log
[2017.04.04-13.50.06:751][  0]SourceControl: Info 	01_building_escape/Building_Escape/Saved/Logs/Building_Escape-backup-2017.03.31-15.16.19.log
[2017.04.04-13.50.06:751][  0]SourceControl: Info 	01_building_escape/Building_Escape/Saved/Logs/Building_Escape-backup-2017.04.04-12.32.46.log
[2017.04.04-13.50.06:751][  0]SourceControl: Info 	01_building_escape/Building_Escape/Saved/Logs/Building_Escape-backup-2017.04.04-14.37.33.log
[2017.04.04-13.50.06:751][  0]SourceControl: Info 	01_building_escape/Building_Escape/Saved/Logs/Building_Escape-backup-2017.04.04-14.46.30.log
[2017.04.04-13.50.06:751][  0]SourceControl: Info 	01_building_escape/Building_Escape/Saved/Logs/UE4CC-Windows-0DEA59C54A07DBB0794A779E705057B7/
[2017.04.04-13.50.06:751][  0]SourceControl: Info 	01_building_escape/Building_Escape/Saved/Logs/UE4CC-Windows-311D46534C99CF3F835F9FB5991E0095/
[2017.04.04-13.50.06:751][  0]SourceControl: Info 	01_building_escape/Building_Escape/Saved/Logs/UE4CC-Windows-8E71A1B14F57B0CB207DC9B0A47B0D7C/
[2017.04.04-13.50.06:751][  0]SourceControl: Info 	01_building_escape/Building_Escape/Saved/Logs/UE4CC-Windows-8E71A1B14F57B0CB207DC9B0A47B0D7C_0000/
[2017.04.04-13.50.06:751][  0]SourceControl: Info 	01_building_escape/Building_Escape/Saved/Logs/UE4CC-Windows-93CCA311428ABF8752B9F484069E1E1F/
[2017.04.04-13.50.06:751][  0]SourceControl: Info 	01_building_escape/Building_Escape/Saved/Logs/UE4CC-Windows-D61008A741BB1AD84D415599C60E9752/
[2017.04.04-13.50.06:751][  0]SourceControl: Info 	01_building_escape/Building_Escape/Saved/Logs/UE4CC-Windows-E239917B4A8626041688E480643C74EC/
[2017.04.04-13.50.06:751][  0]SourceControl: Info 	01_building_escape/Building_Escape/Saved/Logs/UE4CC-Windows-E239917B4A8626041688E480643C74EC_0000/
[2017.04.04-13.50.06:751][  0]LogContentStreaming: Texture pool size now 1000 MB
[2017.04.04-13.50.08:144][  1]LogRenderer: Reallocating scene render targets to support 828x628 (Frame:2).
[2017.04.04-13.50.08:243][  1]LogAssetRegistry: Asset discovery search completed in 127.3498 seconds
[2017.04.04-13.50.08:243][  1]LogCollectionManager: Rebuilt the object cache for 0 collections in 0.000001 seconds (found 0 objects)
[2017.04.04-13.50.08:243][  1]LogCollectionManager: Fixed up redirectors for 0 collections in 0.000092 seconds (updated 0 objects)
[2017.04.04-13.50.11:230][280]LogRenderer: Reallocating scene render targets to support 1636x640 (Frame:283).
[2017.04.04-13.50.13:009][446]Recompiling Building_Escape...
[2017.04.04-13.50.13:009][446]Launching UnrealBuildTool... [C:/Program Files (x86)/Epic Games/4.13/Engine/Binaries/DotNET/UnrealBuildTool.exe Building_Escape -ModuleWithSuffix Building_Escape 7003 Win64 Development -editorrecompile -canskiplink "C:/Users/Josh/Documents/Unreal Projects/repos/01_building_escape/Building_Escape/Building_Escape.uproject"  -2015]
[2017.04.04-13.50.13:012][446]Warning: Starting HotReload took  0.2s.
[2017.04.04-13.50.16:862][827]CompilerResultsLog: New page: Compilation - 4 Apr 2017 14:50:16
[2017.04.04-13.50.16:877][827]CompilerResultsLog: Info Compiling game modules for hot reload
[2017.04.04-13.50.16:877][827]CompilerResultsLog: Info Target is up to date
[2017.04.04-13.50.16:877][827]LogMainFrame: MainFrame: Module compiling took 3.959 seconds
[2017.04.04-13.50.16:952][827]LogContentBrowser: Native class hierarchy populated in 0.0095 seconds. Added 2147 classes and 421 folders.
[2017.04.04-13.50.17:083][827]Display: HotReload took  4.3s.
[2017.04.04-13.50.43:097][874]LogEditorViewport: Clicking on Actor (LMB): BP_Sky_Sphere_C (Sky Sphere)
[2017.04.04-13.50.47:711][342]Recompiling Building_Escape...
[2017.04.04-13.50.47:711][342]Launching UnrealBuildTool... [C:/Program Files (x86)/Epic Games/4.13/Engine/Binaries/DotNET/UnrealBuildTool.exe Building_Escape -ModuleWithSuffix Building_Escape 9532 Win64 Development -editorrecompile -canskiplink "C:/Users/Josh/Documents/Unreal Projects/repos/01_building_escape/Building_Escape/Building_Escape.uproject"  -2015]
[2017.04.04-13.50.47:714][342]Warning: Starting HotReload took  0.0s.
[2017.04.04-13.50.48:990][459]CompilerResultsLog: New page: Compilation - 4 Apr 2017 14:50:48
[2017.04.04-13.50.48:990][459]CompilerResultsLog: Info Compiling game modules for hot reload
[2017.04.04-13.50.48:990][459]CompilerResultsLog: Info Target is up to date
[2017.04.04-13.50.48:990][459]LogMainFrame: MainFrame: Module compiling took 1.284 seconds
[2017.04.04-13.50.49:026][459]LogContentBrowser: Native class hierarchy populated in 0.0097 seconds. Added 2147 classes and 421 folders.
[2017.04.04-13.50.49:028][459]Display: HotReload took  1.3s.
[2017.04.04-13.51.10:145][857]LogEditorViewport: Clicking on Actor (LMB): StaticMeshActor (SM_Door2)
[2017.04.04-13.51.25:970][587]LogPlayLevel: PlayLevel: No blueprints needed recompiling
[2017.04.04-13.51.26:052][587]PIE: New page: PIE session: first (4 Apr 2017 14:51:26)
[2017.04.04-13.51.26:063][587]LogPlayLevel: Creating play world package: /Game/UEDPIE_0_first
[2017.04.04-13.51.26:123][587]LogPlayLevel: PIE: StaticDuplicateObject took: (0.059873s)
[2017.04.04-13.51.26:124][587]LogAIModule: Creating AISystem for world first
[2017.04.04-13.51.26:137][587]LogPlayLevel: PIE: World Init took: (0.013197s)
[2017.04.04-13.51.26:137][587]LogPlayLevel: PIE: Created PIE world by copying editor world from /Game/first.first to /Game/UEDPIE_0_first.first (0.073834s)
[2017.04.04-13.51.26:200][587]LogInit: XAudio2 using 'Speakers (Realtek High Definition Audio)' : 2 channels at 48 kHz using 32 bits per sample (channel mask 0x3)
[2017.04.04-13.51.26:211][587]LogInit: FAudioDevice initialized.
[2017.04.04-13.51.26:471][587]LogWorld: Game class is 'MyBuilding_EscapeGameMode_BP_C'
[2017.04.04-13.51.26:605][587]LogWorld: Bringing World /Game/UEDPIE_0_first.first up for play (max tick rate 0) at 2017.04.04-14.51.26
[2017.04.04-13.51.26:650][587]LogWorld: Bringing up level for play took: 0.049009
[2017.04.04-13.51.26:864][587]LogContentBrowser: Native class hierarchy updated for 'MovieSceneCapture' in 0.0021 seconds. Added 11 classes and 0 folders.
[2017.04.04-13.51.26:864][587]LogGameMode:Display: Match State Changed from EnteringMap to WaitingToStart
[2017.04.04-13.51.26:882][587]LogGameState: Match State Changed from EnteringMap to WaitingToStart
[2017.04.04-13.51.26:882][587]LogGameMode:Display: Match State Changed from WaitingToStart to InProgress
[2017.04.04-13.51.26:940][587]LogTemp:Warning: Position report for SM_Chair_2.
[2017.04.04-13.51.26:941][587]LogTemp:Warning: SM_Chair_2 is at X=549.098 Y=309.701 Z=20.202
[2017.04.04-13.51.26:969][587]LogGameState: Match State Changed from WaitingToStart to InProgress
[2017.04.04-13.51.26:969][587]PIE: Info Play in editor start time for /Game/UEDPIE_0_first 0.192
[2017.04.04-13.51.35:887][587]LogCrashTracker: 


[2017.04.04-13.51.35:887][587]LogCrashTracker: 


[2017.04.04-13.51.35:887][587]LogWindows:Error: === Critical error: ===
[2017.04.04-13.51.35:887][587]LogWindows:Error: 
[2017.04.04-13.51.35:887][587]LogWindows:Error: Fatal error!
[2017.04.04-13.51.35:887][587]LogWindows:Error: 
[2017.04.04-13.51.35:887][587]LogWindows:Error: Unhandled Exception: EXCEPTION_ACCESS_VIOLATION reading address 0x00000338
[2017.04.04-13.51.35:887][587]LogWindows:Error: 
[2017.04.04-13.51.35:887][587]LogWindows:Error: UE4Editor-Engine.dll
[2017.04.04-13.51.35:887][587]LogWindows:Error: UE4Editor-Engine.dll
[2017.04.04-13.51.35:887][587]LogWindows:Error: UE4Editor-Building_Escape-8283.dll
[2017.04.04-13.51.35:887][587]LogWindows:Error: UE4Editor-Building_Escape-8283.dll
[2017.04.04-13.51.35:887][587]LogWindows:Error: UE4Editor-Engine.dll
[2017.04.04-13.51.35:887][587]LogWindows:Error: UE4Editor-Engine.dll
[2017.04.04-13.51.35:887][587]LogWindows:Error: UE4Editor-Engine.dll
[2017.04.04-13.51.35:887][587]LogWindows:Error: UE4Editor-Engine.dll
[2017.04.04-13.51.35:888][587]LogWindows:Error: UE4Editor-Core.dll
[2017.04.04-13.51.35:888][587]LogWindows:Error: UE4Editor-Core.dll
[2017.04.04-13.51.35:888][587]LogWindows:Error: UE4Editor-Engine.dll
[2017.04.04-13.51.35:888][587]LogWindows:Error: UE4Editor-Engine.dll
[2017.04.04-13.51.35:888][587]LogWindows:Error: UE4Editor-Engine.dll
[2017.04.04-13.51.35:888][587]LogWindows:Error: UE4Editor-Engine.dll
[2017.04.04-13.51.35:888][587]LogWindows:Error: UE4Editor-UnrealEd.dll
[2017.04.04-13.51.35:888][587]LogWindows:Error: UE4Editor-UnrealEd.dll
[2017.04.04-13.51.35:888][587]LogWindows:Error: UE4Editor.exe
[2017.04.04-13.51.35:888][587]LogWindows:Error: UE4Editor.exe
[2017.04.04-13.51.35:888][587]LogWindows:Error: UE4Editor.exe
[2017.04.04-13.51.35:888][587]LogWindows:Error: UE4Editor.exe
[2017.04.04-13.51.35:888][587]LogWindows:Error: UE4Editor.exe
[2017.04.04-13.51.35:888][587]LogWindows:Error: KERNEL32.DLL
[2017.04.04-13.51.35:888][587]LogWindows:Error: ntdll.dll
[2017.04.04-13.51.35:888][587]LogWindows:Error: ntdll.dll
[2017.04.04-13.51.35:888][587]LogWindows:Error: 
[2017.04.04-13.51.35:910][587]LogExit: Executing StaticShutdownAfterError
[2017.04.04-13.51.35:968][587]LogWindows: FPlatformMisc::RequestExit(1)
[2017.04.04-13.51.35:990][587]Log file closed, 04/04/17 14:51:35
