Log file open, 03/30/17 16:16:04
LogInit:Display: Running engine for game: Building_Escape
LogPlatformFile: Not using cached read wrapper
LogInit:Display: RandInit(520541421) SRandInit(520541421).
LogTaskGraph: Started task graph with 5 named threads and 8 total threads with 1 sets of task threads.
LogStats: Stats thread started at 0.110568
LogPluginManager: Loaded Plugin Paper2D, From C:/Program Files (x86)/Epic Games/4.13/Engine/Plugins/2D/Paper2D/Paper2D.uplugin
LogPluginManager: Loaded Plugin LightPropagationVolume, From C:/Program Files (x86)/Epic Games/4.13/Engine/Plugins/Blendables/LightPropagationVolume/LightPropagationVolume.uplugin
LogPluginManager: Loaded Plugin BlankPlugin, From C:/Program Files (x86)/Epic Games/4.13/Engine/Plugins/Developer/BlankPlugin/BlankPlugin.uplugin
LogPluginManager: Loaded Plugin CodeLiteSourceCodeAccess, From C:/Program Files (x86)/Epic Games/4.13/Engine/Plugins/Developer/CodeLiteSourceCodeAccess/CodeLiteSourceCodeAccess.uplugin
LogPluginManager: Loaded Plugin GitSourceControl, From C:/Program Files (x86)/Epic Games/4.13/Engine/Plugins/Developer/GitSourceControl/GitSourceControl.uplugin
LogPluginManager: Loaded Plugin KDevelopSourceCodeAccess, From C:/Program Files (x86)/Epic Games/4.13/Engine/Plugins/Developer/KDevelopSourceCodeAccess/KDevelopSourceCodeAccess.uplugin
LogPluginManager: Loaded Plugin NullSourceCodeAccess, From C:/Program Files (x86)/Epic Games/4.13/Engine/Plugins/Developer/NullSourceCodeAccess/NullSourceCodeAccess.uplugin
LogPluginManager: Loaded Plugin OneSkyLocalizationService, From C:/Program Files (x86)/Epic Games/4.13/Engine/Plugins/Developer/OneSkyLocalizationService/OneSkyLocalizationService.uplugin
LogPluginManager: Loaded Plugin PerforceSourceControl, From C:/Program Files (x86)/Epic Games/4.13/Engine/Plugins/Developer/PerforceSourceControl/PerforceSourceControl.uplugin
LogPluginManager: Loaded Plugin SubversionSourceControl, From C:/Program Files (x86)/Epic Games/4.13/Engine/Plugins/Developer/SubversionSourceControl/SubversionSourceControl.uplugin
LogPluginManager: Loaded Plugin UObjectPlugin, From C:/Program Files (x86)/Epic Games/4.13/Engine/Plugins/Developer/UObjectPlugin/UObjectPlugin.uplugin
LogPluginManager: Loaded Plugin VisualStudioSourceCodeAccess, From C:/Program Files (x86)/Epic Games/4.13/Engine/Plugins/Developer/VisualStudioSourceCodeAccess/VisualStudioSourceCodeAccess.uplugin
LogPluginManager: Loaded Plugin XCodeSourceCodeAccess, From C:/Program Files (x86)/Epic Games/4.13/Engine/Plugins/Developer/XCodeSourceCodeAccess/XCodeSourceCodeAccess.uplugin
LogPluginManager: Loaded Plugin EpicSurvey, From C:/Program Files (x86)/Epic Games/4.13/Engine/Plugins/Editor/EpicSurvey/EpicSurvey.uplugin
LogPluginManager: Loaded Plugin MacGraphicsSwitching, From C:/Program Files (x86)/Epic Games/4.13/Engine/Plugins/Editor/MacGraphicsSwitching/MacGraphicsSwitching.uplugin
LogPluginManager: Loaded Plugin MobileLauncherProfileWizard, From C:/Program Files (x86)/Epic Games/4.13/Engine/Plugins/Editor/MobileLauncherProfileWizard/MobileLauncherProfileWizard.uplugin
LogPluginManager: Loaded Plugin PluginBrowser, From C:/Program Files (x86)/Epic Games/4.13/Engine/Plugins/Editor/PluginBrowser/PluginBrowser.uplugin
LogPluginManager: Loaded Plugin SpeedTreeImporter, From C:/Program Files (x86)/Epic Games/4.13/Engine/Plugins/Editor/SpeedTreeImporter/SpeedTreeImporter.uplugin
LogPluginManager: Loaded Plugin SuperSearchEditor, From C:/Program Files (x86)/Epic Games/4.13/Engine/Plugins/Editor/SuperSearchEditor/SuperSearchEditor.uplugin
LogPluginManager: Loaded Plugin AlembicImporter, From C:/Program Files (x86)/Epic Games/4.13/Engine/Plugins/Experimental/AlembicImporter/AlembicImporter.uplugin
LogPluginManager: Loaded Plugin BlueprintStats, From C:/Program Files (x86)/Epic Games/4.13/Engine/Plugins/Experimental/BlueprintStats/BlueprintStats.uplugin
LogPluginManager: Loaded Plugin CharacterAI, From C:/Program Files (x86)/Epic Games/4.13/Engine/Plugins/Experimental/CharacterAI/CharacterAI.uplugin
LogPluginManager: Loaded Plugin CodeEditor, From C:/Program Files (x86)/Epic Games/4.13/Engine/Plugins/Experimental/CodeEditor/CodeEditor.uplugin
LogPluginManager: Loaded Plugin CodeView, From C:/Program Files (x86)/Epic Games/4.13/Engine/Plugins/Experimental/CodeView/CodeView.uplugin
LogPluginManager: Loaded Plugin HTML5Networking, From C:/Program Files (x86)/Epic Games/4.13/Engine/Plugins/Experimental/HTML5Networking/HTML5Networking.uplugin
LogPluginManager: Loaded Plugin LiveEditor, From C:/Program Files (x86)/Epic Games/4.13/Engine/Plugins/Experimental/LiveEditor/LiveEditor.uplugin
LogPluginManager: Loaded Plugin OSVR, From C:/Program Files (x86)/Epic Games/4.13/Engine/Plugins/Experimental/OSVR/OSVR.uplugin
LogPluginManager: Loaded Plugin Phya, From C:/Program Files (x86)/Epic Games/4.13/Engine/Plugins/Experimental/Phya/Phya.uplugin
LogPluginManager: Loaded Plugin SignificanceManager, From C:/Program Files (x86)/Epic Games/4.13/Engine/Plugins/Experimental/SignificanceManager/SignificanceManager.uplugin
LogPluginManager: Loaded Plugin SimpleHMD, From C:/Program Files (x86)/Epic Games/4.13/Engine/Plugins/Experimental/SimpleHMD/SimpleHMD.uplugin
LogPluginManager: Loaded Plugin StereoPanorama, From C:/Program Files (x86)/Epic Games/4.13/Engine/Plugins/Experimental/StereoPanorama/StereoPanorama.uplugin
LogPluginManager: Loaded Plugin StructBox, From C:/Program Files (x86)/Epic Games/4.13/Engine/Plugins/Experimental/StructBox/StructBox.uplugin
LogPluginManager: Loaded Plugin AndroidMedia, From C:/Program Files (x86)/Epic Games/4.13/Engine/Plugins/Media/AndroidMedia/AndroidMedia.uplugin
LogPluginManager: Loaded Plugin AvfMedia, From C:/Program Files (x86)/Epic Games/4.13/Engine/Plugins/Media/AvfMedia/AvfMedia.uplugin
LogPluginManager: Loaded Plugin MediaPlayerEditor, From C:/Program Files (x86)/Epic Games/4.13/Engine/Plugins/Media/MediaPlayerEditor/MediaPlayerEditor.uplugin
LogPluginManager: Loaded Plugin WmfMedia, From C:/Program Files (x86)/Epic Games/4.13/Engine/Plugins/Media/WmfMedia/WmfMedia.uplugin
LogPluginManager: Loaded Plugin MessagingDebugger, From C:/Program Files (x86)/Epic Games/4.13/Engine/Plugins/Messaging/MessagingDebugger/MessagingDebugger.uplugin
LogPluginManager: Loaded Plugin TcpMessaging, From C:/Program Files (x86)/Epic Games/4.13/Engine/Plugins/Messaging/TcpMessaging/TcpMessaging.uplugin
LogPluginManager: Loaded Plugin UdpMessaging, From C:/Program Files (x86)/Epic Games/4.13/Engine/Plugins/Messaging/UdpMessaging/UdpMessaging.uplugin
LogPluginManager: Loaded Plugin LevelSequenceEditor, From C:/Program Files (x86)/Epic Games/4.13/Engine/Plugins/MovieScene/LevelSequenceEditor/LevelSequenceEditor.uplugin
LogPluginManager: Loaded Plugin MatineeToLevelSequence, From C:/Program Files (x86)/Epic Games/4.13/Engine/Plugins/MovieScene/MatineeToLevelSequence/MatineeToLevelSequence.uplugin
LogPluginManager: Loaded Plugin NetcodeUnitTest, From C:/Program Files (x86)/Epic Games/4.13/Engine/Plugins/NetcodeUnitTest/NetcodeUnitTest/NetcodeUnitTest.uplugin
LogPluginManager: Loaded Plugin NUTUnrealEngine4, From C:/Program Files (x86)/Epic Games/4.13/Engine/Plugins/NetcodeUnitTest/NUTUnrealEngine4/NUTUnrealEngine4.uplugin
LogPluginManager: Loaded Plugin OnlineSubsystemGooglePlay, From C:/Program Files (x86)/Epic Games/4.13/Engine/Plugins/Online/Android/OnlineSubsystemGooglePlay/OnlineSubsystemGooglePlay.uplugin
LogPluginManager: Loaded Plugin OnlineSubsystemIOS, From C:/Program Files (x86)/Epic Games/4.13/Engine/Plugins/Online/IOS/OnlineSubsystemIOS/OnlineSubsystemIOS.uplugin
LogPluginManager: Loaded Plugin OnlineFramework, From C:/Program Files (x86)/Epic Games/4.13/Engine/Plugins/Online/OnlineFramework/OnlineFramework.uplugin
LogPluginManager: Loaded Plugin OnlineSubsystem, From C:/Program Files (x86)/Epic Games/4.13/Engine/Plugins/Online/OnlineSubsystem/OnlineSubsystem.uplugin
LogPluginManager: Loaded Plugin OnlineSubsystemAmazon, From C:/Program Files (x86)/Epic Games/4.13/Engine/Plugins/Online/OnlineSubsystemAmazon/OnlineSubsystemAmazon.uplugin
LogPluginManager: Loaded Plugin OnlineSubsystemFacebook, From C:/Program Files (x86)/Epic Games/4.13/Engine/Plugins/Online/OnlineSubsystemFacebook/OnlineSubsystemFacebook.uplugin
LogPluginManager: Loaded Plugin OnlineSubsystemNull, From C:/Program Files (x86)/Epic Games/4.13/Engine/Plugins/Online/OnlineSubsystemNull/OnlineSubsystemNull.uplugin
LogPluginManager: Loaded Plugin OnlineSubsystemOculus, From C:/Program Files (x86)/Epic Games/4.13/Engine/Plugins/Online/OnlineSubsystemOculus/OnlineSubsystemOculus.uplugin
LogPluginManager: Loaded Plugin OnlineSubsystemSteam, From C:/Program Files (x86)/Epic Games/4.13/Engine/Plugins/Online/OnlineSubsystemSteam/OnlineSubsystemSteam.uplugin
LogPluginManager: Loaded Plugin OnlineSubsystemUtils, From C:/Program Files (x86)/Epic Games/4.13/Engine/Plugins/Online/OnlineSubsystemUtils/OnlineSubsystemUtils.uplugin
LogPluginManager: Loaded Plugin IOSTapJoy, From C:/Program Files (x86)/Epic Games/4.13/Engine/Plugins/Runtime/Advertising/IOSTapJoy/IOSTapJoy.uplugin
LogPluginManager: Loaded Plugin AnalyticsBlueprintLibrary, From C:/Program Files (x86)/Epic Games/4.13/Engine/Plugins/Runtime/Analytics/AnalyticsBlueprintLibrary/AnalyticsBlueprintLibrary.uplugin
LogPluginManager: Loaded Plugin AnalyticsMulticast, From C:/Program Files (x86)/Epic Games/4.13/Engine/Plugins/Runtime/Analytics/AnalyticsMulticast/AnalyticsMulticast.uplugin
LogPluginManager: Loaded Plugin Apsalar, From C:/Program Files (x86)/Epic Games/4.13/Engine/Plugins/Runtime/Analytics/Apsalar/Apsalar.uplugin
LogPluginManager: Loaded Plugin FileLogging, From C:/Program Files (x86)/Epic Games/4.13/Engine/Plugins/Runtime/Analytics/FileLogging/FileLogging.uplugin
LogPluginManager: Loaded Plugin Flurry, From C:/Program Files (x86)/Epic Games/4.13/Engine/Plugins/Runtime/Analytics/Flurry/Flurry.uplugin
LogPluginManager: Loaded Plugin AndroidDeviceProfileSelector, From C:/Program Files (x86)/Epic Games/4.13/Engine/Plugins/Runtime/AndroidDeviceProfileSelector/AndroidDeviceProfileSelector.uplugin
LogPluginManager: Loaded Plugin AndroidMoviePlayer, From C:/Program Files (x86)/Epic Games/4.13/Engine/Plugins/Runtime/AndroidMoviePlayer/AndroidMoviePlayer.uplugin
LogPluginManager: Loaded Plugin AppleMoviePlayer, From C:/Program Files (x86)/Epic Games/4.13/Engine/Plugins/Runtime/AppleMoviePlayer/AppleMoviePlayer.uplugin
LogPluginManager: Loaded Plugin ArchVisCharacter, From C:/Program Files (x86)/Epic Games/4.13/Engine/Plugins/Runtime/ArchVisCharacter/ArchVisCharacter.uplugin
LogPluginManager: Loaded Plugin CableComponent, From C:/Program Files (x86)/Epic Games/4.13/Engine/Plugins/Runtime/CableComponent/CableComponent.uplugin
LogPluginManager: Loaded Plugin CustomMeshComponent, From C:/Program Files (x86)/Epic Games/4.13/Engine/Plugins/Runtime/CustomMeshComponent/CustomMeshComponent.uplugin
LogPluginManager: Loaded Plugin ExampleDeviceProfileSelector, From C:/Program Files (x86)/Epic Games/4.13/Engine/Plugins/Runtime/ExampleDeviceProfileSelector/ExampleDeviceProfileSelector.uplugin
LogPluginManager: Loaded Plugin GearVR, From C:/Program Files (x86)/Epic Games/4.13/Engine/Plugins/Runtime/GearVR/GearVR.uplugin
LogPluginManager: Loaded Plugin GoogleVRController, From C:/Program Files (x86)/Epic Games/4.13/Engine/Plugins/Runtime/GoogleVR/GoogleVRController/GoogleVRController.uplugin
LogPluginManager: Loaded Plugin GoogleVRHMD, From C:/Program Files (x86)/Epic Games/4.13/Engine/Plugins/Runtime/GoogleVR/GoogleVRHMD/GoogleVRHMD.uplugin
LogPluginManager: Loaded Plugin IOSDeviceProfileSelector, From C:/Program Files (x86)/Epic Games/4.13/Engine/Plugins/Runtime/IOSDeviceProfileSelector/IOSDeviceProfileSelector.uplugin
LogPluginManager: Loaded Plugin LeapMotion, From C:/Program Files (x86)/Epic Games/4.13/Engine/Plugins/Runtime/LeapMotion/LeapMotion.uplugin
LogPluginManager: Loaded Plugin LinuxDeviceProfileSelector, From C:/Program Files (x86)/Epic Games/4.13/Engine/Plugins/Runtime/LinuxDeviceProfileSelector/LinuxDeviceProfileSelector.uplugin
LogPluginManager: Loaded Plugin LiveEditorListenServer, From C:/Program Files (x86)/Epic Games/4.13/Engine/Plugins/Runtime/LiveEditorListenServer/LiveEditorListenServer.uplugin
LogPluginManager: Loaded Plugin OculusAudio, From C:/Program Files (x86)/Epic Games/4.13/Engine/Plugins/Runtime/OculusAudio/OculusAudio.uplugin
LogPluginManager: Loaded Plugin OculusInput, From C:/Program Files (x86)/Epic Games/4.13/Engine/Plugins/Runtime/OculusInput/OculusInput.uplugin
LogPluginManager: Loaded Plugin OculusLibrary, From C:/Program Files (x86)/Epic Games/4.13/Engine/Plugins/Runtime/OculusLibrary/OculusLibrary.uplugin
LogPluginManager: Loaded Plugin OculusRift, From C:/Program Files (x86)/Epic Games/4.13/Engine/Plugins/Runtime/OculusRift/OculusRift.uplugin
LogPluginManager: Loaded Plugin Oodle, From C:/Program Files (x86)/Epic Games/4.13/Engine/Plugins/Runtime/PacketHandlers/CompressionComponents/Oodle/Oodle.uplugin
LogPluginManager: Loaded Plugin ProceduralMeshComponent, From C:/Program Files (x86)/Epic Games/4.13/Engine/Plugins/Runtime/ProceduralMeshComponent/ProceduralMeshComponent.uplugin
LogPluginManager: Loaded Plugin SoundMod, From C:/Program Files (x86)/Epic Games/4.13/Engine/Plugins/Runtime/SoundMod/SoundMod.uplugin
LogPluginManager: Loaded Plugin SoundVisualizations, From C:/Program Files (x86)/Epic Games/4.13/Engine/Plugins/Runtime/SoundVisualizations/SoundVisualizations.uplugin
LogPluginManager: Loaded Plugin SteamController, From C:/Program Files (x86)/Epic Games/4.13/Engine/Plugins/Runtime/Steam/SteamController/SteamController.uplugin
LogPluginManager: Loaded Plugin SteamVR, From C:/Program Files (x86)/Epic Games/4.13/Engine/Plugins/Runtime/Steam/SteamVR/SteamVR.uplugin
LogPluginManager: Loaded Plugin WebBrowserWidget, From C:/Program Files (x86)/Epic Games/4.13/Engine/Plugins/Runtime/WebBrowserWidget/WebBrowserWidget.uplugin
LogPluginManager: Loaded Plugin WindowsDeviceProfileSelector, From C:/Program Files (x86)/Epic Games/4.13/Engine/Plugins/Runtime/WindowsDeviceProfileSelector/WindowsDeviceProfileSelector.uplugin
LogPluginManager: Loaded Plugin WindowsMoviePlayer, From C:/Program Files (x86)/Epic Games/4.13/Engine/Plugins/Runtime/WindowsMoviePlayer/WindowsMoviePlayer.uplugin
LogPluginManager: Loaded Plugin ScriptPlugin, From C:/Program Files (x86)/Epic Games/4.13/Engine/Plugins/ScriptPlugin/ScriptPlugin.uplugin
LogPluginManager: Loaded Plugin SlateRemote, From C:/Program Files (x86)/Epic Games/4.13/Engine/Plugins/Slate/SlateRemote/SlateRemote.uplugin
LogInit: Using libcurl 7.47.1
LogInit:  - built for x86_64-pc-win32
LogInit:  - supports SSL with WinSSL
LogInit:  - other features:
LogInit:      CURL_VERSION_SSL
LogInit:      CURL_VERSION_IPV6
LogInit:      CURL_VERSION_ASYNCHDNS
LogInit:      CURL_VERSION_LARGEFILE
LogInit:      CURL_VERSION_IDN
LogInit:  CurlRequestOptions (configurable via config and command line):
LogInit:  - bVerifyPeer = false  - Libcurl will NOT verify peer certificate
LogInit:  - bUseHttpProxy = false  - Libcurl will NOT use HTTP proxy
LogInit:  - bDontReuseConnections = false  - Libcurl will reuse connections
LogInit:  - CertBundlePath = nullptr  - Libcurl will use whatever was configured at build time.
LogInit: Build: ++UE4+Release-4.13-CL-3172292
LogInit: Engine Version: 4.13.2-3172292+++UE4+Release-4.13
LogInit: Compatible Engine Version: 4.13.0-3106830+++UE4+Release-4.13
LogInit: Net CL: 3172292
LogDevObjectVersion: Number of dev versions registered: 13
LogDevObjectVersion:   Dev-Blueprints (B0D832E4-1F89-4F0D-ACCF-7EB736FD4AA2): 5
LogDevObjectVersion:   Dev-Build (E1C64328-A22C-4D53-A36C-8E866417BD8C): 0
LogDevObjectVersion:   Dev-Core (375EC13C-06E4-48FB-B500-84F0262A717E): 1
LogDevObjectVersion:   Dev-Editor (E4B068ED-F494-42E9-A231-DA0B2E46BB41): 6
LogDevObjectVersion:   Dev-Framework (CFFC743F-43B0-4480-9391-14DF171D2073): 12
LogDevObjectVersion:   Dev-Mobile (B02B49B5-BB20-44E9-A304-32B752E40360): 0
LogDevObjectVersion:   Dev-Networking (A4E4105C-59A1-49B5-A7C5-40C4547EDFEE): 0
LogDevObjectVersion:   Dev-Online (39C831C9-5AE6-47DC-9A44-9C173E1C8E7C): 0
LogDevObjectVersion:   Dev-Physics (78F01B33-EBEA-4F98-B9B4-84EACCB95AA2): 0
LogDevObjectVersion:   Dev-Platform (6631380F-2D4D-43E0-8009-CF276956A95A): 0
LogDevObjectVersion:   Dev-Rendering (12F88B9F-8875-4AFC-A67C-D90C383ABD29): 4
LogDevObjectVersion:   Dev-Sequencer (7B5AE74C-D270-4C10-A958-57980B212A5A): 0
LogDevObjectVersion:   Dev-VR (D7296918-1DD6-4BDD-9DE2-64A83CC13884): 0
LogInit: Compiled (64-bit): Oct 24 2016 14:29:06
LogInit: Compiled with Visual C++: 19.00.23026.00
LogInit: Build Configuration: Development
LogInit: Branch Name: ++UE4+Release-4.13
LogInit: Command line: -EpicPortal 
LogInit: Base directory: C:/Program Files (x86)/Epic Games/4.13/Engine/Binaries/Win64/
LogInit: Installed Engine Build: 1
LogInit: Presizing for max 8388607 objects, including 0 objects not considered by GC, pre-allocating 0 bytes for permanent pool.
LogInit: Object subsystem initialized
[2017.03.30-15.16.04:519][  0]LogInit: Selected Device Profile: [Windows]
[2017.03.30-15.16.04:519][  0]LogInit: Applying CVar settings loaded from the selected device profile: [Windows]
[2017.03.30-15.16.04:694][  0]LogInit: Computer: JOSH-PC
[2017.03.30-15.16.04:694][  0]LogInit: User: Josh
[2017.03.30-15.16.04:694][  0]LogInit: CPU Page size=65536, Cores=4
[2017.03.30-15.16.04:694][  0]LogInit: High frequency timer resolution =3.215213 MHz
[2017.03.30-15.16.04:694][  0]LogMemory: Memory total: Physical=7.9GB (8GB approx)
[2017.03.30-15.16.04:694][  0]LogMemory: Platform Memory Stats for Windows
[2017.03.30-15.16.04:694][  0]LogMemory: Process Physical Memory: 256.69 MB used, 256.69 MB peak
[2017.03.30-15.16.04:694][  0]LogMemory: Process Virtual Memory: 260.04 MB used, 260.04 MB peak
[2017.03.30-15.16.04:694][  0]LogMemory: Physical Memory: 5952.11 MB used, 8126.95 MB total
[2017.03.30-15.16.04:694][  0]LogMemory: Virtual Memory: 622.36 MB used, 134217728.00 MB total
[2017.03.30-15.16.04:910][  0]LogTextLocalizationManager: No specific translations for ('en-GB') exist, so ('en') translations will be used.
[2017.03.30-15.16.15:208][  0]LogD3D11RHI: D3D11 adapters:
[2017.03.30-15.16.15:257][  0]LogD3D11RHI:    0. 'AMD Radeon R9 200 Series' (Feature Level 11_0)
[2017.03.30-15.16.15:257][  0]LogD3D11RHI:       4073/0/4063 MB DedicatedVideo/DedicatedSystem/SharedSystem, Outputs:1, VendorId:0x1002
[2017.03.30-15.16.15:259][  0]LogD3D11RHI:    1. 'Microsoft Basic Render Driver' (Feature Level 11_0)
[2017.03.30-15.16.15:259][  0]LogD3D11RHI:       0/0/4063 MB DedicatedVideo/DedicatedSystem/SharedSystem, Outputs:0, VendorId:0x1414
[2017.03.30-15.16.15:259][  0]LogD3D11RHI: Chosen D3D11 Adapter: 0
[2017.03.30-15.16.15:265][  0]LogD3D11RHI: Creating new Direct3DDevice
[2017.03.30-15.16.15:266][  0]LogD3D11RHI:     GPU DeviceId: 0x67b1 (for the marketing name, search the web for "GPU Device Id")
[2017.03.30-15.16.15:266][  0]LogWindows: EnumDisplayDevices:
[2017.03.30-15.16.15:266][  0]LogWindows:    0. 'AMD Radeon R9 200 Series' (P:1 D:1)
[2017.03.30-15.16.15:266][  0]LogWindows:    1. 'AMD Radeon R9 200 Series' (P:0 D:0)
[2017.03.30-15.16.15:266][  0]LogWindows:    2. 'AMD Radeon R9 200 Series' (P:0 D:0)
[2017.03.30-15.16.15:266][  0]LogWindows:    3. 'AMD Radeon R9 200 Series' (P:0 D:0)
[2017.03.30-15.16.15:267][  0]LogWindows:    4. 'AMD Radeon R9 200 Series' (P:0 D:0)
[2017.03.30-15.16.15:267][  0]LogWindows:    5. 'AMD Radeon R9 200 Series' (P:0 D:0)
[2017.03.30-15.16.15:267][  0]LogWindows: DebugString: FoundDriverCount:6 
[2017.03.30-15.16.15:267][  0]LogD3D11RHI:     Adapter Name: AMD Radeon R9 200 Series
[2017.03.30-15.16.15:267][  0]LogD3D11RHI:   Driver Version: Crimson ReLive 17.2.1 (internal:21.19.519.2, unified:21.19.519.2)
[2017.03.30-15.16.15:267][  0]LogD3D11RHI:      Driver Date: 2-10-2017
[2017.03.30-15.16.15:267][  0]LogRHI: Texture pool is 1361 MB (70% of 1945 MB)
[2017.03.30-15.16.15:278][  0]LogD3D11RHI: Async texture creation enabled
[2017.03.30-15.16.15:291][  0]LogD3D11RHI: GPU Timing Frequency: 27.000000 (Debug: 2 1)
[2017.03.30-15.16.15:292][  0]LogShaderCompilers: Guid format shader working directory is -51 characters bigger than the processId version (../../../../../../Users/Josh/Documents/Unreal Projects/repos/01_building_escape/Building_Escape/Intermediate/Shaders/WorkingDirectory/26344/).
[2017.03.30-15.16.15:292][  0]LogShaderCompilers: Cleaned the shader compiler working directory 'C:/Users/Josh/AppData/Local/Temp/UnrealShaderWorkingDir/A08C0CBA4A904DBAC6FC73961863CD7F/'.
[2017.03.30-15.16.15:292][  0]LogShaderCompilers:Display: Using Local Shader Compiler.
[2017.03.30-15.16.21:635][  0]LogTemp:Display: Loaded TP AllDesktopTargetPlatform
[2017.03.30-15.16.21:644][  0]LogTemp:Display: Loaded TP WindowsClientTargetPlatform
[2017.03.30-15.16.21:652][  0]LogTemp:Display: Loaded TP WindowsNoEditorTargetPlatform
[2017.03.30-15.16.21:660][  0]LogTemp:Display: Loaded TP WindowsServerTargetPlatform
[2017.03.30-15.16.21:668][  0]LogTemp:Display: Loaded TP WindowsTargetPlatform
[2017.03.30-15.16.21:686][  0]LogTemp:Display: Loaded TP AndroidTargetPlatform
[2017.03.30-15.16.21:692][  0]LogTemp:Display: Loaded TP Android_ASTCTargetPlatform
[2017.03.30-15.16.21:699][  0]LogTemp:Display: Loaded TP Android_ATCTargetPlatform
[2017.03.30-15.16.21:706][  0]LogTemp:Display: Loaded TP Android_DXTTargetPlatform
[2017.03.30-15.16.21:712][  0]LogTemp:Display: Loaded TP Android_ETC1TargetPlatform
[2017.03.30-15.16.21:719][  0]LogTemp:Display: Loaded TP Android_ETC2TargetPlatform
[2017.03.30-15.16.21:733][  0]LogTemp:Display: Loaded TP Android_MultiTargetPlatform
[2017.03.30-15.16.21:733][  0]LogTemp:Display: Loaded TP Android_PVRTCTargetPlatform
[2017.03.30-15.16.21:734][  0]LogTemp:Display: Loaded TP HTML5TargetPlatform
[2017.03.30-15.16.21:796][  0]LogTemp:Display: Loaded TP IOSTargetPlatform
[2017.03.30-15.16.21:803][  0]LogTemp:Display: Loaded TP TVOSTargetPlatform
[2017.03.30-15.16.21:809][  0]LogTemp:Display: Loaded TP LinuxClientTargetPlatform
[2017.03.30-15.16.21:816][  0]LogTemp:Display: Loaded TP LinuxNoEditorTargetPlatform
[2017.03.30-15.16.21:822][  0]LogTemp:Display: Loaded TP LinuxServerTargetPlatform
[2017.03.30-15.16.21:860][  0]LogTemp:Display: Loaded TP LinuxTargetPlatform
[2017.03.30-15.16.21:860][  0]LogTargetPlatformManager:Display: Building Assets For Windows
[2017.03.30-15.16.21:945][  0]LogDerivedDataCache:Display: Max Cache Size: 512 MB
[2017.03.30-15.16.23:439][  0]LogDerivedDataCache: Loaded boot cache 1.49s 62MB C:/Users/Josh/AppData/Local/UnrealEngine/4.13/DerivedDataCache/Boot.ddc.
[2017.03.30-15.16.23:439][  0]LogDerivedDataCache:Display: Loaded Boot cache: C:/Users/Josh/AppData/Local/UnrealEngine/4.13/DerivedDataCache/Boot.ddc
[2017.03.30-15.16.23:439][  0]LogDerivedDataCache: FDerivedDataBackendGraph:  Pak pak cache file ../../../../../../Users/Josh/Documents/Unreal Projects/repos/01_building_escape/Building_Escape/DerivedDataCache/DDC.ddp not found, will not use a pak cache.
[2017.03.30-15.16.23:439][  0]LogDerivedDataCache: Unable to find inner node Pak for hierarchical cache Hierarchy.
[2017.03.30-15.16.23:439][  0]LogDerivedDataCache: FDerivedDataBackendGraph:  CompressedPak pak cache file ../../../../../../Users/Josh/Documents/Unreal Projects/repos/01_building_escape/Building_Escape/DerivedDataCache/Compressed.ddp not found, will not use a pak cache.
[2017.03.30-15.16.23:439][  0]LogDerivedDataCache: Unable to find inner node CompressedPak for hierarchical cache Hierarchy.
[2017.03.30-15.16.23:456][  0]LogDerivedDataCache:Display: Pak cache opened for reading ../../../Engine/DerivedDataCache/Compressed.ddp.
[2017.03.30-15.16.23:468][  0]LogDerivedDataCache: Using Local data cache path C:/Users/Josh/AppData/Local/UnrealEngine/Common/DerivedDataCache: Writable
[2017.03.30-15.16.25:205][  0]LogInit: Selected Device Profile: [Windows]
[2017.03.30-15.16.25:207][  0]LogContentStreaming: Texture pool size is 0.00 MB
[2017.03.30-15.16.25:300][  0]LogMeshUtilities: No automatic mesh reduction module available
[2017.03.30-15.16.25:300][  0]LogMeshUtilities: No automatic mesh merging module available
[2017.03.30-15.16.25:300][  0]LogMeshUtilities: No distributed automatic mesh merging module available
[2017.03.30-15.16.25:427][  0]LogMaterial: Uniform references updated for custom material expression Custom.
[2017.03.30-15.16.25:899][  0]LogNetVersion: GetLocalNetworkVersion: CL: 3106830, ProjectName: building_escape, ProjectVersion: , EngineNetworkVersion: 1, GameNetworkVersion: 0, NetworkChecksum: 1592206614
[2017.03.30-15.16.25:937][  0]LogAssetRegistry: FAssetRegistry took 0.0213 seconds to start up
[2017.03.30-15.16.26:316][  0]LogPackageLocalizationCache: Processed 3 localized package path(s) for 2 prioritized culture(s) in 0.376975 seconds
[2017.03.30-15.16.26:321][  0]LogUObjectArray: 29778 objects as part of root set at end of initial load.
[2017.03.30-15.16.26:321][  0]LogUObjectAllocator: 6125448 out of 0 bytes used by permanent object pool.
[2017.03.30-15.16.26:321][  0]LogUObjectArray: CloseDisregardForGC: 0/0 objects in disregard for GC pool
[2017.03.30-15.16.26:327][  0]LogInit: WinSock: version 1.1 (2.2), MaxSocks=32767, MaxUdp=65467
[2017.03.30-15.16.27:406][  0]LogSlate: SlateFontCache - WITH_FREETYPE: 1, WITH_HARFBUZZ: 1
[2017.03.30-15.16.27:406][  0]LogSlate: SlateFontCache - WITH_FREETYPE: 1, WITH_HARFBUZZ: 1
[2017.03.30-15.16.36:041][  0]LogTcpMessaging: Initializing TcpMessaging bridge
[2017.03.30-15.16.36:065][  0]LogUdpMessaging: Initializing bridge on interface 0.0.0.0:0 to multicast group 230.0.0.1:6666.
[2017.03.30-15.16.36:584][  0]SourceControl: Info Source control is disabled
[2017.03.30-15.16.38:054][  0]LogEngine: Initializing Engine...
[2017.03.30-15.16.38:054][  0]LogHMD: Failed to initialize OpenVR with code 110
[2017.03.30-15.16.38:193][  0]LogAIModule: Creating AISystem for world Untitled
[2017.03.30-15.16.38:211][  0]LogInit: XAudio2 using 'Speakers (Realtek High Definition Audio)' : 2 channels at 48 kHz using 32 bits per sample (channel mask 0x3)
[2017.03.30-15.16.38:226][  0]LogInit: FAudioDevice initialized.
[2017.03.30-15.16.38:258][  0]LogDerivedDataCache: Saved boot cache 0.03s 62MB C:/Users/Josh/AppData/Local/UnrealEngine/4.13/DerivedDataCache/Boot.ddc.
[2017.03.30-15.16.38:266][  0]LogInit: Texture streaming: Enabled
[2017.03.30-15.16.38:344][  0]LogInit: Transaction tracking system initialized
[2017.03.30-15.16.38:366][  0]BlueprintLog: New page: Editor Load
[2017.03.30-15.16.38:466][  0]LocalizationService: Info Localization service is disabled
[2017.03.30-15.16.38:591][  0]LogConsoleResponse:Display: 
[2017.03.30-15.16.39:031][  0]LogCook:Display: Max memory allowance for cook 16384mb min free memory 0mb
[2017.03.30-15.16.39:031][  0]LogCook:Display: Mobile HDR setting 1
[2017.03.30-15.16.39:612][  0]LogFileCache: Scanning file cache for directory 'C:/Users/Josh/Documents/Unreal Projects/repos/01_building_escape/Building_Escape/Content/' took 0.02s
[2017.03.30-15.16.39:807][  0]Cmd: MAP LOAD FILE="../../../../../../Users/Josh/Documents/Unreal Projects/repos/01_building_escape/Building_Escape/Content/first.umap" TEMPLATE=0 SHOWPROGRESS=1 FEATURELEVEL=3
[2017.03.30-15.16.39:906][  0]LightingResults: New page: Lighting Build
[2017.03.30-15.16.39:908][  0]MapCheck: New page: Map Check
[2017.03.30-15.16.39:908][  0]LightingResults: New page: Lighting Build
[2017.03.30-15.16.43:163][  0]LogAIModule: Creating AISystem for world first
[2017.03.30-15.16.43:615][  0]LogEditorServer: Finished looking for orphan Actors (0.000 secs)
[2017.03.30-15.16.43:638][  0]Cmd: MAP CHECKDEP NOCLEARLOG
[2017.03.30-15.16.43:715][  0]MapCheck: Info Map check complete: 0 Error(s), 0 Warning(s), took 76.984ms to complete.
[2017.03.30-15.16.43:715][  0]LogFileHelpers: Loading map 'first' took 3.909
[2017.03.30-15.16.44:983][  0]LogCollectionManager: Loaded 0 collections in 0.001991 seconds
[2017.03.30-15.16.45:223][  0]LogFileCache: Scanning file cache for directory 'C:/Users/Josh/Documents/Unreal Projects/repos/01_building_escape/Building_Escape/Saved/Collections/' took 0.01s
[2017.03.30-15.16.45:223][  0]LogFileCache: Scanning file cache for directory 'C:/Users/Josh/Documents/Unreal Projects/repos/01_building_escape/Building_Escape/Content/Developers/Josh/Collections/' took 0.01s
[2017.03.30-15.16.45:223][  0]LogFileCache: Scanning file cache for directory 'C:/Users/Josh/Documents/Unreal Projects/repos/01_building_escape/Building_Escape/Content/Collections/' took 0.01s
[2017.03.30-15.16.45:223][  0]LogCollectionManager: Rebuilt the GUID cache for 0 collections in 0.000002 seconds
[2017.03.30-15.16.45:270][  0]LogContentBrowser: Native class hierarchy populated in 0.0228 seconds. Added 2146 classes and 419 folders.
[2017.03.30-15.16.45:366][  0]LogStats: UGameplayTagsManager::ConstructGameplayTagTree: Construct from data asset -  0.000 s
[2017.03.30-15.16.45:366][  0]LogStats: UGameplayTagsManager::ConstructGameplayTagTree: GameplayTagTreeChangedEvent.Broadcast -  0.000 s
[2017.03.30-15.16.45:368][  0]LogContentBrowser: Native class hierarchy updated for 'GameplayTags' in 0.0019 seconds. Added 12 classes and 0 folders.
[2017.03.30-15.16.45:398][  0]LogContentBrowser: Native class hierarchy updated for 'WidgetCarousel' in 0.0016 seconds. Added 0 classes and 0 folders.
[2017.03.30-15.16.48:392][  0]LogContentBrowser: Native class hierarchy updated for 'AddContentDialog' in 0.0017 seconds. Added 0 classes and 0 folders.
[2017.03.30-15.16.51:188][  0]LogCrashTracker: Crashtracker disabled due to settings.
[2017.03.30-15.16.51:943][  0]LogUObjectGlobals:Warning: Failed to find object 'Class None.'
[2017.03.30-15.16.52:022][  0]LogContentBrowser: Native class hierarchy updated for 'HierarchicalLODOutliner' in 0.0018 seconds. Added 1 classes and 2 folders.
[2017.03.30-15.16.52:022][  0]LogLoad: (Engine Initialization) Total time: 52.61 seconds
[2017.03.30-15.16.52:022][  0]LogLoad: (Engine Initialization) Total Blueprint compile time: 0.18 seconds
[2017.03.30-15.16.52:022][  0]LogExternalProfiler: Found external profiler: VSPerf
[2017.03.30-15.16.52:022][  0]LogExternalProfiler: Using external profiler: VSPerf
[2017.03.30-15.16.52:361][  0]LogOcInput: OculusInput pre-init called
[2017.03.30-15.16.52:682][  0]SourceControl: Info On branch master
[2017.03.30-15.16.52:682][  0]SourceControl: Info Your branch is up-to-date with 'origin/master'.
[2017.03.30-15.16.52:682][  0]SourceControl: Info Changes to be committed:
[2017.03.30-15.16.52:683][  0]SourceControl: Info   (use "git reset HEAD <file>..." to unstage)
[2017.03.30-15.16.52:683][  0]SourceControl: Info 	new file:   01_building_escape/Building_Escape/Source/Building_Escape/Grabber.cpp
[2017.03.30-15.16.52:683][  0]SourceControl: Info 	new file:   01_building_escape/Building_Escape/Source/Building_Escape/Grabber.h
[2017.03.30-15.16.52:683][  0]SourceControl: Info Changes not staged for commit:
[2017.03.30-15.16.52:683][  0]SourceControl: Info   (use "git add/rm <file>..." to update what will be committed)
[2017.03.30-15.16.52:683][  0]SourceControl: Info   (use "git checkout -- <file>..." to discard changes in working directory)
[2017.03.30-15.16.52:683][  0]SourceControl: Info 	modified:   01_building_escape/Building_Escape/Binaries/Win64/Building_EscapeEditor.target
[2017.03.30-15.16.52:683][  0]SourceControl: Info 	modified:   01_building_escape/Building_Escape/Binaries/Win64/UE4Editor.modules
[2017.03.30-15.16.52:683][  0]SourceControl: Info 	modified:   01_building_escape/Building_Escape/Config/DefaultEditor.ini
[2017.03.30-15.16.52:683][  0]SourceControl: Info 	modified:   01_building_escape/Building_Escape/Content/first.umap
[2017.03.30-15.16.52:683][  0]SourceControl: Info 	modified:   01_building_escape/Building_Escape/Intermediate/Build/ActionHistory.bin
[2017.03.30-15.16.52:683][  0]SourceControl: Info 	modified:   01_building_escape/Building_Escape/Intermediate/Build/Unused/Building_Escape.log
[2017.03.30-15.16.52:683][  0]SourceControl: Info 	modified:   01_building_escape/Building_Escape/Intermediate/Build/Win64/Building_EscapeEditor/DependencyCache.bin
[2017.03.30-15.16.52:683][  0]SourceControl: Info 	modified:   01_building_escape/Building_Escape/Intermediate/Build/Win64/Building_EscapeEditor/Development/Building_EscapeEditor.uhtmanifest
[2017.03.30-15.16.52:683][  0]SourceControl: Info 	modified:   01_building_escape/Building_Escape/Intermediate/Build/Win64/Building_EscapeEditor/Development/HotReloadMakefile.ubt
[2017.03.30-15.16.52:683][  0]SourceControl: Info 	modified:   01_building_escape/Building_Escape/Intermediate/Build/Win64/Building_EscapeEditor/FlatCPPIncludes.bin
[2017.03.30-15.16.52:683][  0]SourceControl: Info 	modified:   01_building_escape/Building_Escape/Intermediate/Build/Win64/UE4Editor/Inc/Building_Escape/Building_Escape.generated.cpp
[2017.03.30-15.16.52:683][  0]SourceControl: Info 	modified:   01_building_escape/Building_Escape/Intermediate/Build/Win64/UE4Editor/Inc/Building_Escape/Building_Escape.generated.dep.h
[2017.03.30-15.16.52:683][  0]SourceControl: Info 	modified:   01_building_escape/Building_Escape/Intermediate/Build/Win64/UE4Editor/Inc/Building_Escape/Timestamp
[2017.03.30-15.16.52:683][  0]SourceControl: Info 	modified:   01_building_escape/Building_Escape/Intermediate/CachedAssetRegistry.bin
[2017.03.30-15.16.52:683][  0]SourceControl: Info 	modified:   01_building_escape/Building_Escape/Intermediate/Config/CoalescedSourceConfigs/Editor.ini
[2017.03.30-15.16.52:683][  0]SourceControl: Info 	modified:   01_building_escape/Building_Escape/Intermediate/Config/CoalescedSourceConfigs/Engine.ini
[2017.03.30-15.16.52:683][  0]SourceControl: Info 	modified:   01_building_escape/Building_Escape/Intermediate/ProjectFiles/Building_Escape.vcxproj
[2017.03.30-15.16.52:683][  0]SourceControl: Info 	modified:   01_building_escape/Building_Escape/Intermediate/ProjectFiles/Building_Escape.vcxproj.filters
[2017.03.30-15.16.52:683][  0]SourceControl: Info 	modified:   01_building_escape/Building_Escape/Saved/AutoScreenshot.png
[2017.03.30-15.16.52:683][  0]SourceControl: Info 	modified:   01_building_escape/Building_Escape/Saved/Autosaves/Game/first_Auto1.umap
[2017.03.30-15.16.52:683][  0]SourceControl: Info 	modified:   01_building_escape/Building_Escape/Saved/Autosaves/Game/first_Auto2.umap
[2017.03.30-15.16.52:683][  0]SourceControl: Info 	modified:   01_building_escape/Building_Escape/Saved/Autosaves/Game/first_Auto3.umap
[2017.03.30-15.16.52:683][  0]SourceControl: Info 	modified:   01_building_escape/Building_Escape/Saved/Autosaves/Game/first_Auto4.umap
[2017.03.30-15.16.52:683][  0]SourceControl: Info 	modified:   01_building_escape/Building_Escape/Saved/Autosaves/PackageRestoreData.json
[2017.03.30-15.16.52:683][  0]SourceControl: Info 	modified:   01_building_escape/Building_Escape/Saved/Config/Windows/Editor.ini
[2017.03.30-15.16.52:683][  0]SourceControl: Info 	modified:   01_building_escape/Building_Escape/Saved/Config/Windows/EditorPerProjectUserSettings.ini
[2017.03.30-15.16.52:683][  0]SourceControl: Info 	deleted:    01_building_escape/Building_Escape/Saved/Logs/Building_Escape-backup-2017.03.08-16.47.36.log
[2017.03.30-15.16.52:683][  0]SourceControl: Info 	deleted:    01_building_escape/Building_Escape/Saved/Logs/Building_Escape-backup-2017.03.08-17.00.51.log
[2017.03.30-15.16.52:683][  0]SourceControl: Info 	deleted:    01_building_escape/Building_Escape/Saved/Logs/Building_Escape-backup-2017.03.11-20.33.50.log
[2017.03.30-15.16.52:683][  0]SourceControl: Info 	modified:   01_building_escape/Building_Escape/Saved/Logs/Building_Escape.log
[2017.03.30-15.16.52:683][  0]SourceControl: Info 	deleted:    01_building_escape/Building_Escape/Saved/Logs/UE4CC-Windows-11970D9B4EDCD1D65E6932B666EC6388/CrashReportClient.ini
[2017.03.30-15.16.52:683][  0]SourceControl: Info 	deleted:    01_building_escape/Building_Escape/Saved/Logs/UE4CC-Windows-59B668CE475460C6F0DAC18BF08ABD28/CrashReportClient.ini
[2017.03.30-15.16.52:683][  0]SourceControl: Info 	deleted:    01_building_escape/Building_Escape/Saved/Logs/UE4CC-Windows-5B7F07DD439DC24F38CB6E9B025E8ACD/CrashReportClient.ini
[2017.03.30-15.16.52:683][  0]SourceControl: Info 	modified:   01_building_escape/Building_Escape/Source/Building_Escape/Grabber.cpp
[2017.03.30-15.16.52:683][  0]SourceControl: Info 	modified:   01_building_escape/Building_Escape/Source/Building_Escape/Grabber.h
[2017.03.30-15.16.52:683][  0]SourceControl: Info 	modified:   01_building_escape/Building_Escape/Source/Building_Escape/OpenDoor.cpp
[2017.03.30-15.16.52:683][  0]SourceControl: Info 	modified:   01_building_escape/Building_Escape/Source/Building_Escape/OpenDoor.h
[2017.03.30-15.16.52:683][  0]SourceControl: Info Untracked files:
[2017.03.30-15.16.52:683][  0]SourceControl: Info   (use "git add <file>..." to include in what will be committed)
[2017.03.30-15.16.52:684][  0]SourceControl: Info 	01_building_escape/Building_Escape/Binaries/Win64/UE4Editor-Building_Escape-11.pdb
[2017.03.30-15.16.52:684][  0]SourceControl: Info 	01_building_escape/Building_Escape/Binaries/Win64/UE4Editor-Building_Escape-1529.pdb
[2017.03.30-15.16.52:684][  0]SourceControl: Info 	01_building_escape/Building_Escape/Binaries/Win64/UE4Editor-Building_Escape-2574.pdb
[2017.03.30-15.16.52:684][  0]SourceControl: Info 	01_building_escape/Building_Escape/Binaries/Win64/UE4Editor-Building_Escape-3843.pdb
[2017.03.30-15.16.52:684][  0]SourceControl: Info 	01_building_escape/Building_Escape/Binaries/Win64/UE4Editor-Building_Escape-3909.pdb
[2017.03.30-15.16.52:684][  0]SourceControl: Info 	01_building_escape/Building_Escape/Binaries/Win64/UE4Editor-Building_Escape-438.pdb
[2017.03.30-15.16.52:684][  0]SourceControl: Info 	01_building_escape/Building_Escape/Binaries/Win64/UE4Editor-Building_Escape-4569.pdb
[2017.03.30-15.16.52:684][  0]SourceControl: Info 	01_building_escape/Building_Escape/Binaries/Win64/UE4Editor-Building_Escape-5026.pdb
[2017.03.30-15.16.52:684][  0]SourceControl: Info 	01_building_escape/Building_Escape/Binaries/Win64/UE4Editor-Building_Escape-6018.pdb
[2017.03.30-15.16.52:684][  0]SourceControl: Info 	01_building_escape/Building_Escape/Binaries/Win64/UE4Editor-Building_Escape-6809.pdb
[2017.03.30-15.16.52:684][  0]SourceControl: Info 	01_building_escape/Building_Escape/Binaries/Win64/UE4Editor-Building_Escape-7076.pdb
[2017.03.30-15.16.52:684][  0]SourceControl: Info 	01_building_escape/Building_Escape/Binaries/Win64/UE4Editor-Building_Escape-7541.pdb
[2017.03.30-15.16.52:684][  0]SourceControl: Info 	01_building_escape/Building_Escape/Binaries/Win64/UE4Editor-Building_Escape-7968.pdb
[2017.03.30-15.16.52:684][  0]SourceControl: Info 	01_building_escape/Building_Escape/Binaries/Win64/UE4Editor-Building_Escape-8362.pdb
[2017.03.30-15.16.52:684][  0]SourceControl: Info 	01_building_escape/Building_Escape/Binaries/Win64/UE4Editor-Building_Escape-8882.pdb
[2017.03.30-15.16.52:684][  0]SourceControl: Info 	01_building_escape/Building_Escape/Intermediate/Build/Win64/UE4Editor/Development/Building_Escape/Grabber.cpp.obj.response
[2017.03.30-15.16.52:684][  0]SourceControl: Info 	01_building_escape/Building_Escape/Intermediate/Build/Win64/UE4Editor/Development/UE4Editor-Building_Escape-11.dll.response
[2017.03.30-15.16.52:684][  0]SourceControl: Info 	01_building_escape/Building_Escape/Intermediate/Build/Win64/UE4Editor/Development/UE4Editor-Building_Escape-11.exp
[2017.03.30-15.16.52:684][  0]SourceControl: Info 	01_building_escape/Building_Escape/Intermediate/Build/Win64/UE4Editor/Development/UE4Editor-Building_Escape-1529.dll.response
[2017.03.30-15.16.52:684][  0]SourceControl: Info 	01_building_escape/Building_Escape/Intermediate/Build/Win64/UE4Editor/Development/UE4Editor-Building_Escape-1529.exp
[2017.03.30-15.16.52:684][  0]SourceControl: Info 	01_building_escape/Building_Escape/Intermediate/Build/Win64/UE4Editor/Development/UE4Editor-Building_Escape-2574.dll.response
[2017.03.30-15.16.52:684][  0]SourceControl: Info 	01_building_escape/Building_Escape/Intermediate/Build/Win64/UE4Editor/Development/UE4Editor-Building_Escape-2574.exp
[2017.03.30-15.16.52:684][  0]SourceControl: Info 	01_building_escape/Building_Escape/Intermediate/Build/Win64/UE4Editor/Development/UE4Editor-Building_Escape-2768.dll.response
[2017.03.30-15.16.52:684][  0]SourceControl: Info 	01_building_escape/Building_Escape/Intermediate/Build/Win64/UE4Editor/Development/UE4Editor-Building_Escape-3843.dll.response
[2017.03.30-15.16.52:684][  0]SourceControl: Info 	01_building_escape/Building_Escape/Intermediate/Build/Win64/UE4Editor/Development/UE4Editor-Building_Escape-3843.exp
[2017.03.30-15.16.52:684][  0]SourceControl: Info 	01_building_escape/Building_Escape/Intermediate/Build/Win64/UE4Editor/Development/UE4Editor-Building_Escape-3909.dll.response
[2017.03.30-15.16.52:684][  0]SourceControl: Info 	01_building_escape/Building_Escape/Intermediate/Build/Win64/UE4Editor/Development/UE4Editor-Building_Escape-3909.exp
[2017.03.30-15.16.52:684][  0]SourceControl: Info 	01_building_escape/Building_Escape/Intermediate/Build/Win64/UE4Editor/Development/UE4Editor-Building_Escape-438.dll.response
[2017.03.30-15.16.52:684][  0]SourceControl: Info 	01_building_escape/Building_Escape/Intermediate/Build/Win64/UE4Editor/Development/UE4Editor-Building_Escape-438.exp
[2017.03.30-15.16.52:684][  0]SourceControl: Info 	01_building_escape/Building_Escape/Intermediate/Build/Win64/UE4Editor/Development/UE4Editor-Building_Escape-4569.dll.response
[2017.03.30-15.16.52:684][  0]SourceControl: Info 	01_building_escape/Building_Escape/Intermediate/Build/Win64/UE4Editor/Development/UE4Editor-Building_Escape-4569.exp
[2017.03.30-15.16.52:684][  0]SourceControl: Info 	01_building_escape/Building_Escape/Intermediate/Build/Win64/UE4Editor/Development/UE4Editor-Building_Escape-5026.dll.response
[2017.03.30-15.16.52:684][  0]SourceControl: Info 	01_building_escape/Building_Escape/Intermediate/Build/Win64/UE4Editor/Development/UE4Editor-Building_Escape-5026.exp
[2017.03.30-15.16.52:684][  0]SourceControl: Info 	01_building_escape/Building_Escape/Intermediate/Build/Win64/UE4Editor/Development/UE4Editor-Building_Escape-6018.dll.response
[2017.03.30-15.16.52:684][  0]SourceControl: Info 	01_building_escape/Building_Escape/Intermediate/Build/Win64/UE4Editor/Development/UE4Editor-Building_Escape-6018.exp
[2017.03.30-15.16.52:684][  0]SourceControl: Info 	01_building_escape/Building_Escape/Intermediate/Build/Win64/UE4Editor/Development/UE4Editor-Building_Escape-6195.dll.response
[2017.03.30-15.16.52:684][  0]SourceControl: Info 	01_building_escape/Building_Escape/Intermediate/Build/Win64/UE4Editor/Development/UE4Editor-Building_Escape-6809.dll.response
[2017.03.30-15.16.52:684][  0]SourceControl: Info 	01_building_escape/Building_Escape/Intermediate/Build/Win64/UE4Editor/Development/UE4Editor-Building_Escape-6809.exp
[2017.03.30-15.16.52:684][  0]SourceControl: Info 	01_building_escape/Building_Escape/Intermediate/Build/Win64/UE4Editor/Development/UE4Editor-Building_Escape-6925.dll.response
[2017.03.30-15.16.52:684][  0]SourceControl: Info 	01_building_escape/Building_Escape/Intermediate/Build/Win64/UE4Editor/Development/UE4Editor-Building_Escape-7076.dll.response
[2017.03.30-15.16.52:684][  0]SourceControl: Info 	01_building_escape/Building_Escape/Intermediate/Build/Win64/UE4Editor/Development/UE4Editor-Building_Escape-7076.exp
[2017.03.30-15.16.52:684][  0]SourceControl: Info 	01_building_escape/Building_Escape/Intermediate/Build/Win64/UE4Editor/Development/UE4Editor-Building_Escape-740.dll.response
[2017.03.30-15.16.52:684][  0]SourceControl: Info 	01_building_escape/Building_Escape/Intermediate/Build/Win64/UE4Editor/Development/UE4Editor-Building_Escape-7541.dll.response
[2017.03.30-15.16.52:684][  0]SourceControl: Info 	01_building_escape/Building_Escape/Intermediate/Build/Win64/UE4Editor/Development/UE4Editor-Building_Escape-7541.exp
[2017.03.30-15.16.52:684][  0]SourceControl: Info 	01_building_escape/Building_Escape/Intermediate/Build/Win64/UE4Editor/Development/UE4Editor-Building_Escape-7968.dll.response
[2017.03.30-15.16.52:684][  0]SourceControl: Info 	01_building_escape/Building_Escape/Intermediate/Build/Win64/UE4Editor/Development/UE4Editor-Building_Escape-7968.exp
[2017.03.30-15.16.52:684][  0]SourceControl: Info 	01_building_escape/Building_Escape/Intermediate/Build/Win64/UE4Editor/Development/UE4Editor-Building_Escape-8362.dll.response
[2017.03.30-15.16.52:684][  0]SourceControl: Info 	01_building_escape/Building_Escape/Intermediate/Build/Win64/UE4Editor/Development/UE4Editor-Building_Escape-8362.exp
[2017.03.30-15.16.52:684][  0]SourceControl: Info 	01_building_escape/Building_Escape/Intermediate/Build/Win64/UE4Editor/Development/UE4Editor-Building_Escape-8549.dll.response
[2017.03.30-15.16.52:684][  0]SourceControl: Info 	01_building_escape/Building_Escape/Intermediate/Build/Win64/UE4Editor/Development/UE4Editor-Building_Escape-8882.dll.response
[2017.03.30-15.16.52:684][  0]SourceControl: Info 	01_building_escape/Building_Escape/Intermediate/Build/Win64/UE4Editor/Development/UE4Editor-Building_Escape-8882.exp
[2017.03.30-15.16.52:685][  0]SourceControl: Info 	01_building_escape/Building_Escape/Intermediate/Build/Win64/UE4Editor/Development/UE4Editor-Building_Escape-969.dll.response
[2017.03.30-15.16.52:685][  0]SourceControl: Info 	01_building_escape/Building_Escape/Intermediate/Build/Win64/UE4Editor/Inc/Building_Escape/Grabber.generated.h
[2017.03.30-15.16.52:685][  0]SourceControl: Info 	01_building_escape/Building_Escape/Saved/Autosaves/Game/first_Auto5.umap
[2017.03.30-15.16.52:685][  0]SourceControl: Info 	01_building_escape/Building_Escape/Saved/Autosaves/Game/first_Auto6.umap
[2017.03.30-15.16.52:685][  0]SourceControl: Info 	01_building_escape/Building_Escape/Saved/Backup/DefaultPawn_Blueprint_BP_2017-03-13-16-23-17.uasset
[2017.03.30-15.16.52:685][  0]SourceControl: Info 	01_building_escape/Building_Escape/Saved/Backup/DefaultPawn_Blueprint_BP_2017-03-14-14-36-52.uasset
[2017.03.30-15.16.52:685][  0]SourceControl: Info 	01_building_escape/Building_Escape/Saved/Backup/M_Chair_2017-03-13-13-07-51.uasset
[2017.03.30-15.16.52:685][  0]SourceControl: Info 	01_building_escape/Building_Escape/Saved/Backup/MyBuilding_EscapeGameMode_BP_2017-03-14-14-30-01.uasset
[2017.03.30-15.16.52:685][  0]SourceControl: Info 	01_building_escape/Building_Escape/Saved/Backup/SM_Door_2017-03-13-14-29-55.uasset
[2017.03.30-15.16.52:685][  0]SourceControl: Info 	01_building_escape/Building_Escape/Saved/Backup/first_2017-03-11-21-28-29.umap
[2017.03.30-15.16.52:685][  0]SourceControl: Info 	01_building_escape/Building_Escape/Saved/Backup/first_2017-03-13-13-15-34.umap
[2017.03.30-15.16.52:685][  0]SourceControl: Info 	01_building_escape/Building_Escape/Saved/Backup/first_2017-03-13-13-24-14.umap
[2017.03.30-15.16.52:685][  0]SourceControl: Info 	01_building_escape/Building_Escape/Saved/Backup/first_2017-03-13-13-34-14.umap
[2017.03.30-15.16.52:685][  0]SourceControl: Info 	01_building_escape/Building_Escape/Saved/Backup/first_2017-03-13-13-44-58.umap
[2017.03.30-15.16.52:685][  0]SourceControl: Info 	01_building_escape/Building_Escape/Saved/Backup/first_2017-03-13-13-55-30.umap
[2017.03.30-15.16.52:685][  0]SourceControl: Info 	01_building_escape/Building_Escape/Saved/Backup/first_2017-03-13-14-03-11.umap
[2017.03.30-15.16.52:685][  0]SourceControl: Info 	01_building_escape/Building_Escape/Saved/Backup/first_2017-03-13-14-13-14.umap
[2017.03.30-15.16.52:685][  0]SourceControl: Info 	01_building_escape/Building_Escape/Saved/Backup/first_2017-03-13-14-22-51.umap
[2017.03.30-15.16.52:685][  0]SourceControl: Info 	01_building_escape/Building_Escape/Saved/Backup/first_2017-03-13-14-34-19.umap
[2017.03.30-15.16.52:685][  0]SourceControl: Info 	01_building_escape/Building_Escape/Saved/Backup/first_2017-03-13-14-40-00.umap
[2017.03.30-15.16.52:685][  0]SourceControl: Info 	01_building_escape/Building_Escape/Saved/Backup/first_2017-03-13-14-47-21.umap
[2017.03.30-15.16.52:685][  0]SourceControl: Info 	01_building_escape/Building_Escape/Saved/Backup/first_2017-03-13-15-00-28.umap
[2017.03.30-15.16.52:685][  0]SourceControl: Info 	01_building_escape/Building_Escape/Saved/Backup/first_2017-03-13-15-19-11.umap
[2017.03.30-15.16.52:685][  0]SourceControl: Info 	01_building_escape/Building_Escape/Saved/Backup/first_2017-03-13-16-27-48.umap
[2017.03.30-15.16.52:685][  0]SourceControl: Info 	01_building_escape/Building_Escape/Saved/Backup/first_2017-03-13-16-40-39.umap
[2017.03.30-15.16.52:685][  0]SourceControl: Info 	01_building_escape/Building_Escape/Saved/Backup/first_2017-03-13-23-54-07.umap
[2017.03.30-15.16.52:685][  0]SourceControl: Info 	01_building_escape/Building_Escape/Saved/Backup/first_2017-03-14-14-30-56.umap
[2017.03.30-15.16.52:685][  0]SourceControl: Info 	01_building_escape/Building_Escape/Saved/Backup/first_2017-03-14-15-21-21.umap
[2017.03.30-15.16.52:685][  0]SourceControl: Info 	01_building_escape/Building_Escape/Saved/Backup/first_2017-03-15-11-55-32.umap
[2017.03.30-15.16.52:685][  0]SourceControl: Info 	01_building_escape/Building_Escape/Saved/Backup/first_2017-03-15-12-18-51.umap
[2017.03.30-15.16.52:685][  0]SourceControl: Info 	01_building_escape/Building_Escape/Saved/Backup/first_2017-03-15-12-37-06.umap
[2017.03.30-15.16.52:685][  0]SourceControl: Info 	01_building_escape/Building_Escape/Saved/Backup/first_2017-03-15-12-49-23.umap
[2017.03.30-15.16.52:685][  0]SourceControl: Info 	01_building_escape/Building_Escape/Saved/Backup/first_2017-03-15-13-56-22.umap
[2017.03.30-15.16.52:685][  0]SourceControl: Info 	01_building_escape/Building_Escape/Saved/Backup/first_2017-03-15-15-18-17.umap
[2017.03.30-15.16.52:685][  0]SourceControl: Info 	01_building_escape/Building_Escape/Saved/Backup/first_2017-03-15-18-28-26.umap
[2017.03.30-15.16.52:685][  0]SourceControl: Info 	01_building_escape/Building_Escape/Saved/Logs/Building_Escape-backup-2017.03.30-16.16.03.log
[2017.03.30-15.16.52:685][  0]SourceControl: Info 	01_building_escape/Building_Escape/Saved/Logs/UE4CC-Windows-0DEA59C54A07DBB0794A779E705057B7/
[2017.03.30-15.16.52:685][  0]LogContentStreaming: Texture pool size now 1000 MB
[2017.03.30-15.16.53:520][  1]LogRenderer: Reallocating scene render targets to support 612x412 (Frame:2).
[2017.03.30-15.16.53:895][  2]LogAssetRegistry: Asset discovery search completed in 27.9794 seconds
[2017.03.30-15.16.53:895][  2]LogCollectionManager: Rebuilt the object cache for 0 collections in 0.000001 seconds (found 0 objects)
[2017.03.30-15.16.53:895][  2]LogCollectionManager: Fixed up redirectors for 0 collections in 0.000069 seconds (updated 0 objects)
[2017.03.30-15.21.22:559][859]LogRenderer: Reallocating scene render targets to support 612x420 (Frame:1091).
[2017.03.30-15.21.22:643][859]LogRenderer: Reallocating scene render targets to support 616x452 (Frame:1092).
[2017.03.30-15.21.22:743][859]LogRenderer: Reallocating scene render targets to support 636x536 (Frame:1093).
[2017.03.30-15.21.22:843][859]LogRenderer: Reallocating scene render targets to support 644x576 (Frame:1094).
[2017.03.30-15.21.22:916][859]LogRenderer: Reallocating scene render targets to support 648x592 (Frame:1095).
[2017.03.30-15.21.31:156][294]LogEditorViewport: Clicking on Actor (LMB): StaticMeshActor (Wall_Door_400x400)
[2017.03.30-15.22.20:118][103]LogContentBrowser: Native class hierarchy updated for 'BlueprintGraph' in 0.0023 seconds. Added 112 classes and 0 folders.
[2017.03.30-15.22.53:058][ 48]BlueprintLog: New page: Compile DefaultPawn_Blueprint_BP
[2017.03.30-15.22.59:188][582]LogSavePackage: Save=140.49ms
[2017.03.30-15.22.59:188][582]LogSavePackage: Moving '../../../../../../Users/Josh/Documents/Unreal Projects/repos/01_building_escape/Building_Escape/Saved/DefaultPawn_Blueprint_BP01C61EEF40E1E150B0A7E089EC689D36.tmp' to '../../../../../../Users/Josh/Documents/Unreal Projects/repos/01_building_escape/Building_Escape/Content/DefaultPawn_Blueprint_BP.uasset'
[2017.03.30-15.22.59:207][582]LogSavePackage:Display: Finished SavePackage ../../../../../../Users/Josh/Documents/Unreal Projects/repos/01_building_escape/Building_Escape/Content/DefaultPawn_Blueprint_BP.uasset
[2017.03.30-15.23.30:758][554]LogWindowsTextInputMethodSystem:Display: IME system now deactivated.
[2017.03.30-15.23.30:758][554]LogWindowsTextInputMethodSystem:Display: IME system now deactivated.
[2017.03.30-15.23.30:996][555]Cmd: QUIT_EDITOR
[2017.03.30-15.23.31:063][555]LogExit: Preparing to exit.
[2017.03.30-15.23.31:360][555]LogDirectoryWatcher: A directory notification for 'C:/Users/Josh/Documents/Unreal Projects/repos/01_building_escape/Building_Escape/Content/' was aborted.
[2017.03.30-15.23.31:410][555]LogExit: Editor shut down
[2017.03.30-15.23.31:410][555]LogExit: Transaction tracking system shut down
[2017.03.30-15.23.31:558][555]LogObj: Freed 0b from 0 cluster array pools.
[2017.03.30-15.23.31:559][555]LogExit: Object subsystem successfully closed.
[2017.03.30-15.23.31:568][555]LogD3D11RHI: Shutdown
[2017.03.30-15.23.31:568][555]LogD3D11RHI: CleanupD3DDevice
[2017.03.30-15.23.31:735][555]LogD3D11RHI: ~FD3D11DynamicRHI
[2017.03.30-15.23.31:774][555]LogModuleManager: Shutting down and abandoning module BlueprintGraph (236)
[2017.03.30-15.23.31:775][555]LogModuleManager: Shutting down and abandoning module BlueprintProfiler (235)
[2017.03.30-15.23.31:779][555]LogModuleManager: Shutting down and abandoning module HierarchicalLODOutliner (234)
[2017.03.30-15.23.31:779][555]LogModuleManager: Shutting down and abandoning module CrashTracker (233)
[2017.03.30-15.23.31:779][555]LogModuleManager: Shutting down and abandoning module WidgetCarousel (232)
[2017.03.30-15.23.31:779][555]LogModuleManager: Shutting down and abandoning module AddContentDialog (231)
[2017.03.30-15.23.31:779][555]LogDirectoryWatcher: A directory notification for 'C:/Program Files (x86)/Epic Games/4.13/FeaturePacks/' was aborted.
[2017.03.30-15.23.31:782][555]LogModuleManager: Shutting down and abandoning module GameplayTags (230)
[2017.03.30-15.23.31:782][555]LogModuleManager: Shutting down and abandoning module EditorWidgets (229)
[2017.03.30-15.23.31:782][555]LogModuleManager: Shutting down and abandoning module CollectionManager (228)
[2017.03.30-15.23.31:782][555]LogDirectoryWatcher: A directory notification for 'C:/Users/Josh/Documents/Unreal Projects/repos/01_building_escape/Building_Escape/Content/Collections/' was aborted.
[2017.03.30-15.23.31:782][555]LogDirectoryWatcher: A directory notification for 'C:/Users/Josh/Documents/Unreal Projects/repos/01_building_escape/Building_Escape/Content/Developers/Josh/Collections/' was aborted.
[2017.03.30-15.23.31:782][555]LogDirectoryWatcher: A directory notification for 'C:/Users/Josh/Documents/Unreal Projects/repos/01_building_escape/Building_Escape/Saved/Collections/' was aborted.
[2017.03.30-15.23.31:782][555]LogModuleManager: Shutting down and abandoning module SceneOutliner (227)
[2017.03.30-15.23.31:782][555]LogModuleManager: Shutting down and abandoning module StatsViewer (226)
[2017.03.30-15.23.31:782][555]LogModuleManager: Shutting down and abandoning module FoliageEdit (225)
[2017.03.30-15.23.31:782][555]LogModuleManager: Shutting down and abandoning module LandscapeEditor (224)
[2017.03.30-15.23.31:783][555]LogModuleManager: Shutting down and abandoning module SceneDepthPickerMode (223)
[2017.03.30-15.23.31:783][555]LogModuleManager: Shutting down and abandoning module ActorPickerMode (222)
[2017.03.30-15.23.31:783][555]LogModuleManager: Shutting down and abandoning module GeometryMode (221)
[2017.03.30-15.23.31:783][555]LogModuleManager: Shutting down and abandoning module TextureAlignMode (220)
[2017.03.30-15.23.31:783][555]LogModuleManager: Shutting down and abandoning module BspMode (219)
[2017.03.30-15.23.31:783][555]LogModuleManager: Shutting down and abandoning module HardwareSurvey (218)
[2017.03.30-15.23.31:783][555]LogModuleManager: Shutting down and abandoning module SequenceRecorderSections (217)
[2017.03.30-15.23.31:783][555]LogModuleManager: Shutting down and abandoning module SequenceRecorder (216)
[2017.03.30-15.23.31:783][555]LogModuleManager: Shutting down and abandoning module AutomationWorker (215)
[2017.03.30-15.23.31:783][555]LogModuleManager: Shutting down and abandoning module MatineeToLevelSequence (214)
[2017.03.30-15.23.31:783][555]LogModuleManager: Shutting down and abandoning module PlacementMode (213)
[2017.03.30-15.23.31:783][555]LogModuleManager: Shutting down and abandoning module LevelSequenceEditor (212)
[2017.03.30-15.23.31:783][555]LogModuleManager: Shutting down and abandoning module WmfMediaFactory (211)
[2017.03.30-15.23.31:783][555]LogModuleManager: Shutting down and abandoning module WmfMediaEditor (210)
[2017.03.30-15.23.31:783][555]LogModuleManager: Shutting down and abandoning module AvfMediaFactory (209)
[2017.03.30-15.23.31:783][555]LogModuleManager: Shutting down and abandoning module AvfMediaEditor (208)
[2017.03.30-15.23.31:783][555]LogModuleManager: Shutting down and abandoning module Media (207)
[2017.03.30-15.23.31:783][555]LogModuleManager: Shutting down and abandoning module AndroidMediaFactory (206)
[2017.03.30-15.23.31:783][555]LogModuleManager: Shutting down and abandoning module AndroidMediaEditor (205)
[2017.03.30-15.23.31:783][555]LogModuleManager: Shutting down and abandoning module CharacterAI (204)
[2017.03.30-15.23.31:783][555]LogModuleManager: Shutting down and abandoning module SmartSnapping (203)
[2017.03.30-15.23.31:783][555]LogModuleManager: Shutting down and abandoning module SessionServices (202)
[2017.03.30-15.23.31:783][555]LogModuleManager: Shutting down and abandoning module ViewportSnapping (201)
[2017.03.30-15.23.31:783][555]LogModuleManager: Shutting down and abandoning module ViewportInteraction (200)
[2017.03.30-15.23.31:783][555]LogModuleManager: Shutting down and abandoning module LogVisualizer (199)
[2017.03.30-15.23.31:785][555]LogModuleManager: Shutting down and abandoning module GameProjectGeneration (198)
[2017.03.30-15.23.31:785][555]LogModuleManager: Shutting down and abandoning module IntroTutorials (197)
[2017.03.30-15.23.31:785][555]LogModuleManager: Shutting down and abandoning module EditorLiveStreaming (196)
[2017.03.30-15.23.31:785][555]LogModuleManager: Shutting down and abandoning module IOSPlatformEditor (195)
[2017.03.30-15.23.31:785][555]LogModuleManager: Shutting down and abandoning module HTML5PlatformEditor (194)
[2017.03.30-15.23.31:785][555]LogModuleManager: Shutting down and abandoning module AndroidDeviceDetection (193)
[2017.03.30-15.23.32:695][555]LogModuleManager: Shutting down and abandoning module AndroidPlatformEditor (192)
[2017.03.30-15.23.32:695][555]LogModuleManager: Shutting down and abandoning module IOSRuntimeSettings (191)
[2017.03.30-15.23.32:695][555]LogModuleManager: Shutting down and abandoning module AndroidRuntimeSettings (190)
[2017.03.30-15.23.32:695][555]LogModuleManager: Shutting down and abandoning module NiagaraEditor (189)
[2017.03.30-15.23.32:695][555]LogModuleManager: Shutting down and abandoning module MergeActors (188)
[2017.03.30-15.23.32:695][555]LogModuleManager: Shutting down and abandoning module SizeMap (187)
[2017.03.30-15.23.32:695][555]LogModuleManager: Shutting down and abandoning module TreeMap (186)
[2017.03.30-15.23.32:695][555]LogModuleManager: Shutting down and abandoning module ReferenceViewer (185)
[2017.03.30-15.23.32:695][555]LogModuleManager: Shutting down and abandoning module LocalizationService (184)
[2017.03.30-15.23.32:695][555]LogModuleManager: Shutting down and abandoning module LocalizationDashboard (183)
[2017.03.30-15.23.32:695][555]LogModuleManager: Shutting down and abandoning module HardwareTargeting (182)
[2017.03.30-15.23.32:695][555]LogModuleManager: Shutting down and abandoning module DeviceProfileEditor (181)
[2017.03.30-15.23.32:695][555]LogModuleManager: Shutting down and abandoning module UndoHistory (180)
[2017.03.30-15.23.32:695][555]LogModuleManager: Shutting down and abandoning module UserFeedback (179)
[2017.03.30-15.23.32:695][555]LogModuleManager: Shutting down and abandoning module XmlParser (178)
[2017.03.30-15.23.32:695][555]LogModuleManager: Shutting down and abandoning module Blutility (177)
[2017.03.30-15.23.32:695][555]LogModuleManager: Shutting down and abandoning module ProjectTargetPlatformEditor (176)
[2017.03.30-15.23.32:696][555]LogModuleManager: Shutting down and abandoning module ProjectSettingsViewer (175)
[2017.03.30-15.23.32:696][555]LogModuleManager: Shutting down and abandoning module InputBindingEditor (174)
[2017.03.30-15.23.32:696][555]LogModuleManager: Shutting down and abandoning module EditorSettingsViewer (173)
[2017.03.30-15.23.32:696][555]LogModuleManager: Shutting down and abandoning module SettingsEditor (172)
[2017.03.30-15.23.32:696][555]LogModuleManager: Shutting down and abandoning module ProjectLauncher (171)
[2017.03.30-15.23.32:696][555]LogModuleManager: Shutting down and abandoning module SessionFrontend (170)
[2017.03.30-15.23.32:696][555]LogModuleManager: Shutting down and abandoning module ProfilerClient (169)
[2017.03.30-15.23.32:696][555]LogModuleManager: Shutting down and abandoning module TargetDeviceServices (168)
[2017.03.30-15.23.32:696][555]LogModuleManager: Shutting down and abandoning module DeviceManager (167)
[2017.03.30-15.23.32:750][555]LogModuleManager: Shutting down and abandoning module AutomationController (166)
[2017.03.30-15.23.32:750][555]LogModuleManager: Shutting down and abandoning module AutomationWindow (165)
[2017.03.30-15.23.32:750][555]LogModuleManager: Shutting down and abandoning module Layers (164)
[2017.03.30-15.23.32:750][555]LogModuleManager: Shutting down and abandoning module ComponentVisualizers (163)
[2017.03.30-15.23.32:750][555]LogModuleManager: Shutting down and abandoning module DetailCustomizations (162)
[2017.03.30-15.23.32:750][555]LogModuleManager: Shutting down and abandoning module PackagesDialog (161)
[2017.03.30-15.23.32:750][555]LogModuleManager: Shutting down and abandoning module AnimGraph (160)
[2017.03.30-15.23.32:750][555]LogModuleManager: Shutting down and abandoning module Persona (159)
[2017.03.30-15.23.32:750][555]LogModuleManager: Shutting down and abandoning module Kismet (158)
[2017.03.30-15.23.32:755][555]LogModuleManager: Shutting down and abandoning module GraphEditor (157)
[2017.03.30-15.23.32:755][555]LogModuleManager: Shutting down and abandoning module ClassViewer (156)
[2017.03.30-15.23.32:755][555]LogModuleManager: Shutting down and abandoning module Toolbox (155)
[2017.03.30-15.23.32:755][555]LogModuleManager: Shutting down and abandoning module ModuleUI (154)
[2017.03.30-15.23.32:755][555]LogModuleManager: Shutting down and abandoning module MovieSceneTools (153)
[2017.03.30-15.23.32:755][555]LogModuleManager: Shutting down and abandoning module OutputLog (152)
[2017.03.30-15.23.32:755][555]LogModuleManager: Shutting down and abandoning module GammaUI (151)
[2017.03.30-15.23.32:755][555]LogModuleManager: Shutting down and abandoning module Documentation (150)
[2017.03.30-15.23.32:755][555]LogModuleManager: Shutting down and abandoning module Niagara (149)
[2017.03.30-15.23.32:755][555]LogModuleManager: Shutting down and abandoning module StreamingPauseRendering (148)
[2017.03.30-15.23.32:755][555]LogModuleManager: Shutting down and abandoning module AnalyticsET (147)
[2017.03.30-15.23.32:755][555]LogModuleManager: Shutting down and abandoning module PortalServices (146)
[2017.03.30-15.23.32:755][555]LogModuleManager: Shutting down and abandoning module PortalRpc (145)
[2017.03.30-15.23.32:755][555]LogModuleManager: Shutting down and abandoning module MessagingRpc (144)
[2017.03.30-15.23.32:755][555]LogModuleManager: Shutting down and abandoning module GameplayDebugger (143)
[2017.03.30-15.23.32:755][555]LogModuleManager: Shutting down and abandoning module AITestSuite (142)
[2017.03.30-15.23.32:755][555]LogModuleManager: Shutting down and abandoning module AIModule (141)
[2017.03.30-15.23.32:755][555]LogModuleManager: Shutting down and abandoning module ProfilerService (140)
[2017.03.30-15.23.32:931][555]LogModuleManager: Shutting down and abandoning module TaskGraph (139)
[2017.03.30-15.23.32:931][555]LogModuleManager: Shutting down and abandoning module SlateRemote (138)
[2017.03.30-15.23.32:931][555]LogModuleManager: Shutting down and abandoning module SteamVRController (137)
[2017.03.30-15.23.32:931][555]LogModuleManager: Shutting down and abandoning module SteamVR (136)
[2017.03.30-15.23.32:931][555]LogModuleManager: Shutting down and abandoning module ProceduralMeshComponentEditor (135)
[2017.03.30-15.23.32:931][555]LogModuleManager: Shutting down and abandoning module ProceduralMeshComponent (134)
[2017.03.30-15.23.32:931][555]LogModuleManager: Shutting down and abandoning module OculusLibrary (133)
[2017.03.30-15.23.32:931][555]LogModuleManager: Shutting down and abandoning module OculusInput (132)
[2017.03.30-15.23.32:931][555]LogModuleManager: Shutting down and abandoning module CustomMeshComponent (131)
[2017.03.30-15.23.32:931][555]LogModuleManager: Shutting down and abandoning module CableComponent (130)
[2017.03.30-15.23.32:931][555]LogModuleManager: Shutting down and abandoning module ArchVisCharacter (129)
[2017.03.30-15.23.32:931][555]LogModuleManager: Shutting down and abandoning module MediaPlayerEditor (127)
[2017.03.30-15.23.32:931][555]LogModuleManager: Shutting down and abandoning module HTML5Networking (126)
[2017.03.30-15.23.32:931][555]LogModuleManager: Shutting down and abandoning module GeometryCacheEd (125)
[2017.03.30-15.23.32:931][555]LogModuleManager: Shutting down and abandoning module GeometryCache (124)
[2017.03.30-15.23.32:931][555]LogModuleManager: Shutting down and abandoning module AlembicLibrary (123)
[2017.03.30-15.23.32:931][555]LogModuleManager: Shutting down and abandoning module AlembicImporter (122)
[2017.03.30-15.23.32:931][555]LogModuleManager: Shutting down and abandoning module SuperSearch (121)
[2017.03.30-15.23.32:931][555]LogModuleManager: Shutting down and abandoning module SuperSearchEditor (120)
[2017.03.30-15.23.32:931][555]LogModuleManager: Shutting down and abandoning module SpeedTreeImporter (119)
[2017.03.30-15.23.32:931][555]LogModuleManager: Shutting down and abandoning module PluginBrowser (118)
[2017.03.30-15.23.32:931][555]LogModuleManager: Shutting down and abandoning module MobileLauncherProfileWizard (117)
[2017.03.30-15.23.32:931][555]LogModuleManager: Shutting down and abandoning module EpicSurvey (116)
[2017.03.30-15.23.32:932][555]LogModuleManager: Shutting down and abandoning module DesktopPlatform (115)
[2017.03.30-15.23.32:932][555]LogModuleManager: Shutting down and abandoning module VisualStudioSourceCodeAccess (114)
[2017.03.30-15.23.32:932][555]LogModuleManager: Shutting down and abandoning module UObjectPlugin (113)
[2017.03.30-15.23.32:932][555]LogModuleManager: Shutting down and abandoning module SubversionSourceControl (112)
[2017.03.30-15.23.32:932][555]LogModuleManager: Shutting down and abandoning module PerforceSourceControl (111)
[2017.03.30-15.23.32:932][555]LogModuleManager: Shutting down and abandoning module SourceControl (110)
[2017.03.30-15.23.32:932][555]LogModuleManager: Shutting down and abandoning module GitSourceControl (109)
[2017.03.30-15.23.32:932][555]LogModuleManager: Shutting down and abandoning module LightPropagationVolumeEditor (108)
[2017.03.30-15.23.32:932][555]LogModuleManager: Shutting down and abandoning module PaperTiledImporter (107)
[2017.03.30-15.23.32:932][555]LogModuleManager: Shutting down and abandoning module PaperSpriteSheetImporter (106)
[2017.03.30-15.23.32:932][555]LogModuleManager: Shutting down and abandoning module MeshPaint (105)
[2017.03.30-15.23.32:932][555]LogModuleManager: Shutting down and abandoning module FbxAutomationBuilderModule (104)
[2017.03.30-15.23.32:932][555]LogModuleManager: Shutting down and abandoning module PixelInspectorModule (103)
[2017.03.30-15.23.32:932][555]LogModuleManager: Shutting down and abandoning module HotReload (102)
[2017.03.30-15.23.32:932][555]LogDirectoryWatcher: A directory notification for 'C:/Users/Josh/Documents/Unreal Projects/repos/01_building_escape/Building_Escape/Binaries/Win64' was aborted.
[2017.03.30-15.23.32:932][555]LogModuleManager: Shutting down and abandoning module MainFrame (101)
[2017.03.30-15.23.32:933][555]LogModuleManager: Shutting down and abandoning module LevelEditor (100)
[2017.03.30-15.23.32:933][555]LogModuleManager: Shutting down and abandoning module ContentBrowser (99)
[2017.03.30-15.23.32:934][555]LogModuleManager: Shutting down and abandoning module Paper2DEditor (98)
[2017.03.30-15.23.32:934][555]LogModuleManager: Shutting down and abandoning module Building_Escape (97)
[2017.03.30-15.23.32:934][555]LogModuleManager: Shutting down and abandoning module UdpMessaging (96)
[2017.03.30-15.23.33:035][555]LogModuleManager: Shutting down and abandoning module TcpMessaging (95)
[2017.03.30-15.23.33:136][555]LogModuleManager: Shutting down and abandoning module LightPropagationVolumeRuntime (94)
[2017.03.30-15.23.33:136][555]LogModuleManager: Shutting down and abandoning module Paper2D (93)
[2017.03.30-15.23.33:136][555]LogModuleManager: Shutting down and abandoning module WindowsMoviePlayer (92)
[2017.03.30-15.23.33:136][555]LogModuleManager: Shutting down and abandoning module WmfMedia (91)
[2017.03.30-15.23.33:136][555]LogModuleManager: Shutting down and abandoning module MediaAssets (90)
[2017.03.30-15.23.33:136][555]LogModuleManager: Shutting down and abandoning module GameLiveStreaming (89)
[2017.03.30-15.23.33:136][555]LogModuleManager: Shutting down and abandoning module GameplayTagsEditor (88)
[2017.03.30-15.23.33:136][555]LogModuleManager: Shutting down and abandoning module VREditor (87)
[2017.03.30-15.23.33:136][555]LogModuleManager: Shutting down and abandoning module GameplayTasksEditor (86)
[2017.03.30-15.23.33:136][555]LogModuleManager: Shutting down and abandoning module PropertyEditor (85)
[2017.03.30-15.23.33:136][555]LogModuleManager: Shutting down and abandoning module BehaviorTreeEditor (84)
[2017.03.30-15.23.33:136][555]LogModuleManager: Shutting down and abandoning module FunctionalTesting (83)
[2017.03.30-15.23.33:136][555]LogModuleManager: Shutting down and abandoning module CollisionAnalyzer (82)
[2017.03.30-15.23.33:136][555]LogModuleManager: Shutting down and abandoning module Sequencer (81)
[2017.03.30-15.23.33:136][555]LogModuleManager: Shutting down and abandoning module WorkspaceMenuStructure (80)
[2017.03.30-15.23.33:136][555]LogModuleManager: Shutting down and abandoning module MessageLog (79)
[2017.03.30-15.23.33:136][555]LogModuleManager: Shutting down and abandoning module AssetTools (78)
[2017.03.30-15.23.33:136][555]LogModuleManager: Shutting down and abandoning module UMGEditor (77)
[2017.03.30-15.23.33:136][555]LogModuleManager: Shutting down and abandoning module UMG (76)
[2017.03.30-15.23.33:136][555]LogModuleManager: Shutting down and abandoning module SlateReflector (75)
[2017.03.30-15.23.33:136][555]LogModuleManager: Shutting down and abandoning module Slate (74)
[2017.03.30-15.23.33:136][555]LogModuleManager: Shutting down and abandoning module EditorStyle (73)
[2017.03.30-15.23.33:139][555]LogModuleManager: Shutting down and abandoning module SourceCodeAccess (72)
[2017.03.30-15.23.33:139][555]LogModuleManager: Shutting down and abandoning module HeadMountedDisplay (71)
[2017.03.30-15.23.33:139][555]LogModuleManager: Shutting down and abandoning module XAudio2 (70)
[2017.03.30-15.23.33:139][555]LogModuleManager: Shutting down and abandoning module Networking (68)
[2017.03.30-15.23.33:139][555]LogModuleManager: Shutting down and abandoning module Core (67)
[2017.03.30-15.23.33:139][555]LogModuleManager: Shutting down and abandoning module DirectoryWatcher (66)
[2017.03.30-15.23.33:139][555]LogDirectoryWatcher: A directory notification for '../../../Engine/Content/' was aborted.
[2017.03.30-15.23.33:139][555]LogDirectoryWatcher: A directory notification for '../../../../../../Users/Josh/Documents/Unreal Projects/repos/01_building_escape/Building_Escape/Content/' was aborted.
[2017.03.30-15.23.33:139][555]LogDirectoryWatcher: A directory notification for '../../../Engine/Plugins/2D/Paper2D/Content/' was aborted.
[2017.03.30-15.23.33:140][555]LogModuleManager: Shutting down and abandoning module AssetRegistry (65)
[2017.03.30-15.23.33:285][555]LogModuleManager: Shutting down and abandoning module KismetCompiler (64)
[2017.03.30-15.23.33:285][555]LogModuleManager: Shutting down and abandoning module PhysXFormats (63)
[2017.03.30-15.23.33:285][555]LogModuleManager: Shutting down and abandoning module MeshUtilities (62)
[2017.03.30-15.23.33:285][555]LogModuleManager: Shutting down and abandoning module DerivedDataCache (61)
[2017.03.30-15.23.33:331][555]LogDerivedDataCache: Shutdown
[2017.03.30-15.23.33:331][555]LogModuleManager: Shutting down and abandoning module VulkanShaderFormat (60)
[2017.03.30-15.23.33:331][555]LogModuleManager: Shutting down and abandoning module ShaderFormatOpenGL (59)
[2017.03.30-15.23.33:331][555]LogModuleManager: Shutting down and abandoning module ShaderFormatD3D (58)
[2017.03.30-15.23.33:331][555]LogModuleManager: Shutting down and abandoning module MetalShaderFormat (57)
[2017.03.30-15.23.33:331][555]LogModuleManager: Shutting down and abandoning module TextureFormatUncompressed (56)
[2017.03.30-15.23.33:331][555]LogModuleManager: Shutting down and abandoning module TextureFormatPVR (55)
[2017.03.30-15.23.33:331][555]LogModuleManager: Shutting down and abandoning module TextureFormatDXT (54)
[2017.03.30-15.23.33:331][555]LogModuleManager: Shutting down and abandoning module TextureFormatIntelISPCTexComp (53)
[2017.03.30-15.23.33:331][555]LogModuleManager: Shutting down and abandoning module ImageWrapper (52)
[2017.03.30-15.23.33:331][555]LogModuleManager: Shutting down and abandoning module TextureFormatASTC (51)
[2017.03.30-15.23.33:331][555]LogModuleManager: Shutting down and abandoning module TextureFormatAndroid (50)
[2017.03.30-15.23.33:331][555]LogModuleManager: Shutting down and abandoning module AudioFormatOpus (49)
[2017.03.30-15.23.33:331][555]LogModuleManager: Shutting down and abandoning module AudioFormatOgg (48)
[2017.03.30-15.23.33:331][555]LogModuleManager: Shutting down and abandoning module AudioFormatADPCM (47)
[2017.03.30-15.23.33:331][555]LogModuleManager: Shutting down and abandoning module LinuxTargetPlatform (46)
[2017.03.30-15.23.33:331][555]LogModuleManager: Shutting down and abandoning module LinuxServerTargetPlatform (45)
[2017.03.30-15.23.33:331][555]LogModuleManager: Shutting down and abandoning module LinuxNoEditorTargetPlatform (44)
[2017.03.30-15.23.33:331][555]LogModuleManager: Shutting down and abandoning module LinuxClientTargetPlatform (43)
[2017.03.30-15.23.33:331][555]LogModuleManager: Shutting down and abandoning module TVOSTargetPlatform (42)
[2017.03.30-15.23.33:331][555]LogModuleManager: Shutting down and abandoning module Messaging (41)
[2017.03.30-15.23.33:331][555]LogModuleManager: Shutting down and abandoning module IOSTargetPlatform (40)
[2017.03.30-15.23.33:331][555]LogModuleManager: Shutting down and abandoning module HTML5TargetPlatform (39)
[2017.03.30-15.23.33:331][555]LogModuleManager: Shutting down and abandoning module Android_PVRTCTargetPlatform (38)
[2017.03.30-15.23.33:331][555]LogModuleManager: Shutting down and abandoning module Android_MultiTargetPlatform (37)
[2017.03.30-15.23.33:331][555]LogModuleManager: Shutting down and abandoning module Android_ETC2TargetPlatform (36)
[2017.03.30-15.23.33:331][555]LogModuleManager: Shutting down and abandoning module Android_ETC1TargetPlatform (35)
[2017.03.30-15.23.33:331][555]LogModuleManager: Shutting down and abandoning module Android_DXTTargetPlatform (34)
[2017.03.30-15.23.33:331][555]LogModuleManager: Shutting down and abandoning module Android_ATCTargetPlatform (33)
[2017.03.30-15.23.33:331][555]LogModuleManager: Shutting down and abandoning module Android_ASTCTargetPlatform (32)
[2017.03.30-15.23.33:332][555]LogModuleManager: Shutting down and abandoning module AndroidTargetPlatform (31)
[2017.03.30-15.23.33:332][555]LogModuleManager: Shutting down and abandoning module WindowsTargetPlatform (30)
[2017.03.30-15.23.33:332][555]LogModuleManager: Shutting down and abandoning module WindowsServerTargetPlatform (29)
[2017.03.30-15.23.33:332][555]LogModuleManager: Shutting down and abandoning module WindowsNoEditorTargetPlatform (28)
[2017.03.30-15.23.33:332][555]LogModuleManager: Shutting down and abandoning module WindowsClientTargetPlatform (27)
[2017.03.30-15.23.33:332][555]LogModuleManager: Shutting down and abandoning module AllDesktopTargetPlatform (26)
[2017.03.30-15.23.33:332][555]LogModuleManager: Shutting down and abandoning module TargetPlatform (25)
[2017.03.30-15.23.33:332][555]LogModuleManager: Shutting down and abandoning module InputCore (24)
[2017.03.30-15.23.33:332][555]LogModuleManager: Shutting down and abandoning module Settings (23)
[2017.03.30-15.23.33:332][555]LogModuleManager: Shutting down and abandoning module OculusRift (22)
[2017.03.30-15.23.33:332][555]LogModuleManager: Shutting down and abandoning module GearVR (21)
[2017.03.30-15.23.33:332][555]LogModuleManager: Shutting down and abandoning module ExampleDeviceProfileSelector (20)
[2017.03.30-15.23.33:332][555]LogModuleManager: Shutting down and abandoning module OnlineBlueprintSupport (19)
[2017.03.30-15.23.33:332][555]LogModuleManager: Shutting down and abandoning module OnlineSubsystem (17)
[2017.03.30-15.23.33:332][555]LogOnline:Display: Unloading online subsystem: NULL
[2017.03.30-15.23.33:332][555]LogModuleManager: Shutting down and abandoning module HTTP (16)
[2017.03.30-15.23.33:332][555]LogHttp:Display: Http module shutting down, but needs to wait on 1 outstanding Http requests:
[2017.03.30-15.23.33:332][555]LogHttp:Display: 	verb=[POST] url=[https://datarouter.ol.epicgames.com/datarouter/api/v1/public/data?SessionID=%7BFF0CB035-468D-F2CA-7CA7-2A85C9BB66E5%7D&AppID=UEEditor.Rocket.Release&AppVersion=4.13.2-3172292%2B%2B%2BUE4%2BRelease-4.13&UserID=e3310f074cd05f10b37c4d898295991e%7C0bc1ec80b4a040cb96d1a59640c149fc%7Cf993d36c-dcc5-44d0-bbdd-42d2a950e9ff&AppEnvironment=datacollector-binary&UploadType=eteventstream] status=Processing
[2017.03.30-15.23.33:359][555]LogModuleManager: Shutting down and abandoning module XMPP (15)
[2017.03.30-15.23.33:359][555]LogModuleManager: Shutting down and abandoning module TextureCompressor (14)
[2017.03.30-15.23.33:359][555]LogModuleManager: Shutting down and abandoning module ShaderCore (13)
[2017.03.30-15.23.33:359][555]LogModuleManager: Shutting down and abandoning module Landscape (12)
[2017.03.30-15.23.33:359][555]LogModuleManager: Shutting down and abandoning module SlateRHIRenderer (11)
[2017.03.30-15.23.33:360][555]LogModuleManager: Shutting down and abandoning module OpenGLDrv (10)
[2017.03.30-15.23.33:360][555]LogModuleManager: Shutting down and abandoning module D3D11RHI (9)
[2017.03.30-15.23.33:360][555]LogModuleManager: Shutting down and abandoning module AnimGraphRuntime (8)
[2017.03.30-15.23.33:360][555]LogModuleManager: Shutting down and abandoning module Renderer (7)
[2017.03.30-15.23.33:360][555]LogModuleManager: Shutting down and abandoning module Engine (6)
[2017.03.30-15.23.33:360][555]LogModuleManager: Shutting down and abandoning module CoreUObject (5)
[2017.03.30-15.23.33:360][555]LogModuleManager: Shutting down and abandoning module NetworkFile (4)
[2017.03.30-15.23.33:360][555]LogModuleManager: Shutting down and abandoning module StreamingFile (3)
[2017.03.30-15.23.33:360][555]LogModuleManager: Shutting down and abandoning module SandboxFile (2)
[2017.03.30-15.23.33:360][555]LogModuleManager: Shutting down and abandoning module PakFile (1)
[2017.03.30-15.23.33:361][555]LogExit: Exiting.
[2017.03.30-15.23.33:362][555]Log file closed, 03/30/17 16:23:33
