Log file open, 05/31/17 16:21:30
LogInit:Display: Running engine for game: Building_Escape
LogPlatformFile: Not using cached read wrapper
LogInit:Display: RandInit(-679789515) SRandInit(-679789515).
LogTaskGraph: Started task graph with 5 named threads and 8 total threads with 1 sets of task threads.
LogStats: Stats thread started at 0.119176
LogModuleManager:Warning: Found module file ../../../../../../Users/Josh/Documents/Unreal Projects/repos/01_building_escape/Building_Escape/Binaries/Win64/UE4Editor-Building_Escape.dll (API version 3299760), but it was incompatible with the current engine API version (3452394). This is likely a stale module that must be recompiled.
LogInit:Warning: Incompatible or missing module: UE4Editor-Building_Escape.dll
Running C:/Program Files/Epic Games/UE_4.16/Engine/Binaries/DotNET/UnrealBuildTool.exe Building_Escape Development Win64 -project="C:/Users/Josh/Documents/Unreal Projects/repos/01_building_escape/Building_Escape/Building_Escape.uproject" -editorrecompile -progress -NoHotReloadFromIDE
Performing full C++ include scan (building a new target)
Creating makefile for Building_Escape (no existing makefile)
C:\Users\Josh\Documents\Unreal Projects\repos\01_building_escape\Building_Escape\Source\Building_Escape\Building_Escape.Build.cs: warning: Module constructors should take a ReadOnlyTargetRules argument (rather than a TargetInfo argument) and pass it to the base class constructor from 4.15 onwards. Please update the method signature.
C:\Users\Josh\Documents\Unreal Projects\repos\01_building_escape\Building_Escape\Source\Building_Escape.Target.cs: warning: SetupBinaries() is deprecated in the 4.16 release. From the constructor in your .target.cs file, use ExtraModuleNames.Add("Foo") to add modules to your target, or set LaunchModuleName = "Foo" to override the name of the launch module for program targets.
C:\Users\Josh\Documents\Unreal Projects\repos\01_building_escape\Building_Escape\Source\Building_EscapeEditor.Target.cs: warning: SetupBinaries() is deprecated in the 4.16 release. From the constructor in your .target.cs file, use ExtraModuleNames.Add("Foo") to add modules to your target, or set LaunchModuleName = "Foo" to override the name of the launch module for program targets.
@progress push 5%
Parsing headers for Building_EscapeEditor
  Running UnrealHeaderTool "C:\Users\Josh\Documents\Unreal Projects\repos\01_building_escape\Building_Escape\Building_Escape.uproject" "C:\Users\Josh\Documents\Unreal Projects\repos\01_building_escape\Building_Escape\Intermediate\Build\Win64\Building_EscapeEditor\Development\Building_EscapeEditor.uhtmanifest" -LogCmds="loginit warning, logexit warning, logdatabase error" -Unattended -WarningsAsErrors -installed
Reflection code generated for Building_EscapeEditor in 16.7419698 seconds
@progress pop
Performing 11 actions (4 in parallel)
[3/11] Resource PCLaunch.rc
[2/11] Resource ModuleVersionResource.rc.inl
PCH.Building_Escape.cpp
Building_Escape.cpp
Grabber.cpp
Building_EscapeGameMode.cpp
OpenDoor.cpp
C:\Users\Josh\Documents\Unreal Projects\repos\01_building_escape\Building_Escape\Source\Building_Escape\Grabber.cpp(12): warning C4996: 'UActorComponent::bWantsBeginPlay': bWantsBeginPlay was inconsistently enforced and is now unused. BeginPlay will now always be called for Actor Components. Please update your code to the new API before upgrading to the next release, otherwise your project will no longer compile.
C:\Program Files\Epic Games\UE_4.16\Engine\Source\Runtime\Engine\Classes\Components/ActorComponent.h(211): note: see declaration of 'UActorComponent::bWantsBeginPlay'
C:\Users\Josh\Documents\Unreal Projects\repos\01_building_escape\Building_Escape\Source\Building_Escape\OpenDoor.cpp(15): warning C4996: 'UActorComponent::bWantsBeginPlay': bWantsBeginPlay was inconsistently enforced and is now unused. BeginPlay will now always be called for Actor Components. Please update your code to the new API before upgrading to the next release, otherwise your project will no longer compile.
C:\Program Files\Epic Games\UE_4.16\Engine\Source\Runtime\Engine\Classes\Components/ActorComponent.h(211): note: see declaration of 'UActorComponent::bWantsBeginPlay'
C:\Users\Josh\Documents\Unreal Projects\repos\01_building_escape\Building_Escape\Source\Building_Escape\Grabber.cpp(72): warning C4996: 'UPhysicsHandleComponent::GrabComponent': Please use GrabComponentAtLocation or GrabComponentAtLocationWithRotation Please update your code to the new API before upgrading to the next release, otherwise your project will no longer compile.
C:\Program Files\Epic Games\UE_4.16\Engine\Source\Runtime\Engine\Classes\PhysicsEngine/PhysicsHandleComponent.h(89): note: see declaration of 'UPhysicsHandleComponent::GrabComponent'
PositionReport.cpp
C:\Users\Josh\Documents\Unreal Projects\repos\01_building_escape\Building_Escape\Source\Building_Escape\PositionReport.cpp(12): warning C4996: 'UActorComponent::bWantsBeginPlay': bWantsBeginPlay was inconsistently enforced and is now unused. BeginPlay will now always be called for Actor Components. Please update your code to the new API before upgrading to the next release, otherwise your project will no longer compile.
C:\Program Files\Epic Games\UE_4.16\Engine\Source\Runtime\Engine\Classes\Components/ActorComponent.h(211): note: see declaration of 'UActorComponent::bWantsBeginPlay'
Building_Escape.generated.cpp
[10/11] Link UE4Editor-Building_Escape.dll
[11/11] Link UE4Editor-Building_Escape.lib
   Creating library C:\Users\Josh\Documents\Unreal Projects\repos\01_building_escape\Building_Escape\Intermediate\Build\Win64\UE4Editor\Development\UE4Editor-Building_Escape.lib and object C:\Users\Josh\Documents\Unreal Projects\repos\01_building_escape\Building_Escape\Intermediate\Build\Win64\UE4Editor\Development\UE4Editor-Building_Escape.exp
   Creating library C:\Users\Josh\Documents\Unreal Projects\repos\01_building_escape\Building_Escape\Intermediate\Build\Win64\UE4Editor\Development\UE4Editor-Building_Escape.suppressed.lib and object C:\Users\Josh\Documents\Unreal Projects\repos\01_building_escape\Building_Escape\Intermediate\Build\Win64\UE4Editor\Development\UE4Editor-Building_Escape.suppressed.exp
Total build time: 326.59 seconds (Local executor: 122.57 seconds)
LogInit: Using libcurl 7.47.1
LogInit:  - built for x86_64-pc-win32
LogInit:  - supports SSL with OpenSSL/1.0.2g
LogInit:  - supports HTTP deflate (compression) using libz 1.2.8
LogInit:  - other features:
LogInit:      CURL_VERSION_SSL
LogInit:      CURL_VERSION_LIBZ
LogInit:      CURL_VERSION_IPV6
LogInit:      CURL_VERSION_ASYNCHDNS
LogInit:      CURL_VERSION_LARGEFILE
LogInit:      CURL_VERSION_IDN
LogInit:  CurlRequestOptions (configurable via config and command line):
LogInit:  - bVerifyPeer = false  - Libcurl will NOT verify peer certificate
LogInit:  - bUseHttpProxy = false  - Libcurl will NOT use HTTP proxy
LogInit:  - bDontReuseConnections = false  - Libcurl will reuse connections
LogInit:  - CertBundlePath = nullptr  - Libcurl will use whatever was configured at build time.
LogInit: Build: ++UE4+Release-4.16-CL-3452394
LogInit: Engine Version: 4.16.0-3452394+++UE4+Release-4.16
LogInit: Compatible Engine Version: 4.16.0-3452394+++UE4+Release-4.16
LogInit: Net CL: 3452394
LogDevObjectVersion: Number of dev versions registered: 16
LogDevObjectVersion:   Dev-Blueprints (B0D832E4-1F89-4F0D-ACCF-7EB736FD4AA2): 9
LogDevObjectVersion:   Dev-Build (E1C64328-A22C-4D53-A36C-8E866417BD8C): 0
LogDevObjectVersion:   Dev-Core (375EC13C-06E4-48FB-B500-84F0262A717E): 2
LogDevObjectVersion:   Dev-Editor (E4B068ED-F494-42E9-A231-DA0B2E46BB41): 17
LogDevObjectVersion:   Dev-Framework (CFFC743F-43B0-4480-9391-14DF171D2073): 23
LogDevObjectVersion:   Dev-Mobile (B02B49B5-BB20-44E9-A304-32B752E40360): 0
LogDevObjectVersion:   Dev-Networking (A4E4105C-59A1-49B5-A7C5-40C4547EDFEE): 0
LogDevObjectVersion:   Dev-Online (39C831C9-5AE6-47DC-9A44-9C173E1C8E7C): 0
LogDevObjectVersion:   Dev-Physics (78F01B33-EBEA-4F98-B9B4-84EACCB95AA2): 0
LogDevObjectVersion:   Dev-Platform (6631380F-2D4D-43E0-8009-CF276956A95A): 0
LogDevObjectVersion:   Dev-Rendering (12F88B9F-8875-4AFC-A67C-D90C383ABD29): 15
LogDevObjectVersion:   Dev-Sequencer (7B5AE74C-D270-4C10-A958-57980B212A5A): 4
LogDevObjectVersion:   Dev-VR (D7296918-1DD6-4BDD-9DE2-64A83CC13884): 0
LogDevObjectVersion:   Dev-LoadTimes (C2A15278-BFE7-4AFE-6C17-90FF531DF755): 1
LogDevObjectVersion:   Private-Geometry (6EACA3D4-40EC-4CC1-B786-8BED09428FC5): 1
LogDevObjectVersion:   Dev-AnimPhys (29E575DD-E0A3-4627-9D10-D276232CDCEA): 3
LogInit: Compiled (64-bit): May 22 2017 17:47:00
LogInit: Compiled with Visual C++: 19.00.23026.00
LogInit: Build Configuration: Development
LogInit: Branch Name: ++UE4+Release-4.16
LogInit: Command line:  
LogInit: Base directory: C:/Program Files/Epic Games/UE_4.16/Engine/Binaries/Win64/
LogInit: Installed Engine Build: 1
LogInit: Presizing for max 8388607 objects, including 0 objects not considered by GC, pre-allocating 0 bytes for permanent pool.
LogInit: Object subsystem initialized
[2017.05.31-15.27.19:589][  0]LogInit: Selected Device Profile: [Windows]
[2017.05.31-15.27.19:589][  0]LogInit: Applying CVar settings loaded from the selected device profile: [Windows]
[2017.05.31-15.27.19:822][  0]LogInit: Computer: JOSH-PC
[2017.05.31-15.27.19:822][  0]LogInit: User: Josh
[2017.05.31-15.27.19:822][  0]LogInit: CPU Page size=4096, Cores=4
[2017.05.31-15.27.19:822][  0]LogInit: High frequency timer resolution =3.215213 MHz
[2017.05.31-15.27.19:822][  0]LogMemory: Memory total: Physical=7.9GB (8GB approx)
[2017.05.31-15.27.19:822][  0]LogMemory: Platform Memory Stats for Windows
[2017.05.31-15.27.19:822][  0]LogMemory: Process Physical Memory: 276.43 MB used, 276.43 MB peak
[2017.05.31-15.27.19:822][  0]LogMemory: Process Virtual Memory: 271.72 MB used, 271.72 MB peak
[2017.05.31-15.27.19:822][  0]LogMemory: Physical Memory: 5408.54 MB used,  2718.41 MB free, 8126.95 MB total
[2017.05.31-15.27.19:822][  0]LogMemory: Virtual Memory: 813.81 MB used,  2718.41 MB free, 134217728.00 MB total
[2017.05.31-15.27.21:194][  0]LogInit: Using OS detected language (en-GB).
[2017.05.31-15.27.21:194][  0]LogInit: Using OS detected locale (en-GB).
[2017.05.31-15.27.22:448][  0]LogTextLocalizationManager: No specific localization for 'en-GB' exists, so the 'en' localization will be used.
[2017.05.31-15.27.45:155][  0]LogD3D11RHI: D3D11 adapters:
[2017.05.31-15.27.45:178][  0]LogD3D11RHI:    0. 'AMD Radeon R9 200 Series' (Feature Level 11_0)
[2017.05.31-15.27.45:178][  0]LogD3D11RHI:       4073/0/4063 MB DedicatedVideo/DedicatedSystem/SharedSystem, Outputs:2, VendorId:0x1002
[2017.05.31-15.27.45:245][  0]LogD3D11RHI:    1. 'Microsoft Basic Render Driver' (Feature Level 11_0)
[2017.05.31-15.27.45:245][  0]LogD3D11RHI:       0/0/4063 MB DedicatedVideo/DedicatedSystem/SharedSystem, Outputs:0, VendorId:0x1414
[2017.05.31-15.27.45:245][  0]LogD3D11RHI: Chosen D3D11 Adapter: 0
[2017.05.31-15.27.45:251][  0]LogD3D11RHI: Creating new Direct3DDevice
[2017.05.31-15.27.45:251][  0]LogD3D11RHI:     GPU DeviceId: 0x67b1 (for the marketing name, search the web for "GPU Device Id")
[2017.05.31-15.27.45:251][  0]LogWindows: EnumDisplayDevices:
[2017.05.31-15.27.45:251][  0]LogWindows:    0. 'AMD Radeon R9 200 Series' (P:0 D:1)
[2017.05.31-15.27.45:251][  0]LogWindows:    1. 'AMD Radeon R9 200 Series' (P:1 D:1)
[2017.05.31-15.27.45:251][  0]LogWindows:    2. 'AMD Radeon R9 200 Series' (P:0 D:0)
[2017.05.31-15.27.45:252][  0]LogWindows:    3. 'AMD Radeon R9 200 Series' (P:0 D:0)
[2017.05.31-15.27.45:252][  0]LogWindows:    4. 'AMD Radeon R9 200 Series' (P:0 D:0)
[2017.05.31-15.27.45:252][  0]LogWindows:    5. 'AMD Radeon R9 200 Series' (P:0 D:0)
[2017.05.31-15.27.45:252][  0]LogWindows: DebugString: FoundDriverCount:6 
[2017.05.31-15.27.45:252][  0]LogD3D11RHI:     Adapter Name: AMD Radeon R9 200 Series
[2017.05.31-15.27.45:252][  0]LogD3D11RHI:   Driver Version: Crimson ReLive 17.2.1 (internal:21.19.519.2, unified:21.19.519.2)
[2017.05.31-15.27.45:252][  0]LogD3D11RHI:      Driver Date: 2-10-2017
[2017.05.31-15.27.45:252][  0]LogRHI: Texture pool is 1361 MB (70% of 1945 MB)
[2017.05.31-15.27.46:203][  0]LogD3D11RHI: Async texture creation enabled
[2017.05.31-15.27.46:214][  0]LogD3D11RHI: GPU Timing Frequency: 27.000000 (Debug: 2 1)
[2017.05.31-15.27.46:216][  0]LogShaderCompilers: Guid format shader working directory is -48 characters bigger than the processId version (../../../../../../Users/Josh/Documents/Unreal Projects/repos/01_building_escape/Building_Escape/Intermediate/Shaders/WorkingDirectory/32/).
[2017.05.31-15.27.46:216][  0]LogShaderCompilers: Cleaned the shader compiler working directory 'C:/Users/Josh/AppData/Local/Temp/UnrealShaderWorkingDir/0E6CF2DB41DD6F789D054192D9DDF03F/'.
[2017.05.31-15.27.46:216][  0]LogShaderCompilers:Display: Using Local Shader Compiler.
[2017.05.31-15.28.06:201][  0]LogTemp:Display: Loaded TP AllDesktopTargetPlatform
[2017.05.31-15.28.06:323][  0]LogTemp:Display: Loaded TP MacClientTargetPlatform
[2017.05.31-15.28.06:423][  0]LogTemp:Display: Loaded TP MacNoEditorTargetPlatform
[2017.05.31-15.28.06:545][  0]LogTemp:Display: Loaded TP MacServerTargetPlatform
[2017.05.31-15.28.06:879][  0]LogTemp:Display: Loaded TP MacTargetPlatform
[2017.05.31-15.28.06:971][  0]LogTemp:Display: Loaded TP WindowsClientTargetPlatform
[2017.05.31-15.28.07:108][  0]LogTemp:Display: Loaded TP WindowsNoEditorTargetPlatform
[2017.05.31-15.28.07:210][  0]LogTemp:Display: Loaded TP WindowsServerTargetPlatform
[2017.05.31-15.28.07:330][  0]LogTemp:Display: Loaded TP WindowsTargetPlatform
[2017.05.31-15.28.07:506][  0]LogTemp:Display: Loaded TP AndroidTargetPlatform
[2017.05.31-15.28.07:631][  0]LogTemp:Display: Loaded TP Android_ASTCTargetPlatform
[2017.05.31-15.28.07:750][  0]LogTemp:Display: Loaded TP Android_ATCTargetPlatform
[2017.05.31-15.28.07:882][  0]LogTemp:Display: Loaded TP Android_DXTTargetPlatform
[2017.05.31-15.28.08:081][  0]LogTemp:Display: Loaded TP Android_ETC1TargetPlatform
[2017.05.31-15.28.08:247][  0]LogTemp:Display: Loaded TP Android_ETC2TargetPlatform
[2017.05.31-15.28.08:487][  0]LogTemp:Display: Loaded TP Android_MultiTargetPlatform
[2017.05.31-15.28.08:487][  0]LogTemp:Display: Loaded TP Android_PVRTCTargetPlatform
[2017.05.31-15.28.08:664][  0]LogTemp:Display: Loaded TP HTML5TargetPlatform
[2017.05.31-15.28.09:189][  0]LogTemp:Display: Loaded TP IOSTargetPlatform
[2017.05.31-15.28.09:231][  0]LogTemp:Display: Loaded TP TVOSTargetPlatform
[2017.05.31-15.28.09:391][  0]LogTemp:Display: Loaded TP LinuxClientTargetPlatform
[2017.05.31-15.28.09:577][  0]LogTemp:Display: Loaded TP LinuxNoEditorTargetPlatform
[2017.05.31-15.28.09:718][  0]LogTemp:Display: Loaded TP LinuxServerTargetPlatform
[2017.05.31-15.28.09:933][  0]LogTemp:Display: Loaded TP LinuxTargetPlatform
[2017.05.31-15.28.09:933][  0]LogTargetPlatformManager:Display: Building Assets For Windows
[2017.05.31-15.28.14:664][  0]LogDerivedDataCache:Display: Max Cache Size: 512 MB
[2017.05.31-15.28.25:597][  0]LogDerivedDataCache: Loaded boot cache 10.93s 89MB C:/Users/Josh/AppData/Local/UnrealEngine/4.16/DerivedDataCache/Boot.ddc.
[2017.05.31-15.28.25:597][  0]LogDerivedDataCache:Display: Loaded Boot cache: C:/Users/Josh/AppData/Local/UnrealEngine/4.16/DerivedDataCache/Boot.ddc
[2017.05.31-15.28.25:597][  0]LogDerivedDataCache: FDerivedDataBackendGraph:  Pak pak cache file ../../../../../../Users/Josh/Documents/Unreal Projects/repos/01_building_escape/Building_Escape/DerivedDataCache/DDC.ddp not found, will not use a pak cache.
[2017.05.31-15.28.25:597][  0]LogDerivedDataCache: Unable to find inner node Pak for hierarchical cache Hierarchy.
[2017.05.31-15.28.25:597][  0]LogDerivedDataCache: FDerivedDataBackendGraph:  CompressedPak pak cache file ../../../../../../Users/Josh/Documents/Unreal Projects/repos/01_building_escape/Building_Escape/DerivedDataCache/Compressed.ddp not found, will not use a pak cache.
[2017.05.31-15.28.25:597][  0]LogDerivedDataCache: Unable to find inner node CompressedPak for hierarchical cache Hierarchy.
[2017.05.31-15.28.25:615][  0]LogDerivedDataCache:Display: Pak cache opened for reading ../../../Engine/DerivedDataCache/Compressed.ddp.
[2017.05.31-15.28.25:627][  0]LogDerivedDataCache: Using Local data cache path C:/Users/Josh/AppData/Local/UnrealEngine/Common/DerivedDataCache: Writable
[2017.05.31-15.28.26:314][  0]LogMaterial: Verifying Global Shaders for PCD3D_SM5
[2017.05.31-15.28.26:314][  0]LogSlate: Using Freetype 2.6.0
[2017.05.31-15.28.26:619][  0]LogSlate: SlateFontCache - WITH_FREETYPE: 1, WITH_HARFBUZZ: 1
[2017.05.31-15.28.26:619][  0]LogSlate: SlateFontCache - WITH_FREETYPE: 1, WITH_HARFBUZZ: 1
[2017.05.31-15.29.11:858][  0]LogInit: Selected Device Profile: [Windows]
[2017.05.31-15.29.11:991][  0]LogContentStreaming: Texture pool size is 0.00 MB
[2017.05.31-15.29.13:091][  0]LogMeshUtilities: Using QuadricMeshReduction for automatic static mesh reduction
[2017.05.31-15.29.13:546][  0]LogSimplygon: Simplygon DLL not present - disabling.
[2017.05.31-15.29.13:701][  0]LogMeshUtilities: Using SimplygonSwarm for distributed automatic mesh merging
[2017.05.31-15.29.13:701][  0]LogMeshUtilities: No automatic skeletal mesh reduction module available
[2017.05.31-15.29.13:701][  0]LogMeshUtilities: No automatic mesh merging module available
[2017.05.31-15.29.16:066][  0]LogNetVersion: Building_Escape , NetCL: 3452394, EngineNetVer: 2, GameNetVer: 0 (Checksum: 664935625)
[2017.05.31-15.29.16:167][  0]LogAssetRegistry: FAssetRegistry took 0.0261 seconds to start up
[2017.05.31-15.29.16:716][  0]LogPackageLocalizationCache: Processed 4 localized package path(s) for 2 prioritized culture(s) in 0.517656 seconds
[2017.05.31-15.29.16:721][  0]LogUObjectArray: 34194 objects as part of root set at end of initial load.
[2017.05.31-15.29.16:721][  0]LogUObjectAllocator: 7260416 out of 0 bytes used by permanent object pool.
[2017.05.31-15.29.16:721][  0]LogUObjectArray: CloseDisregardForGC: 0/0 objects in disregard for GC pool
[2017.05.31-15.29.16:817][  0]LogInit: WinSock: version 1.1 (2.2), MaxSocks=32767, MaxUdp=65467
[2017.05.31-15.30.58:094][  0]LogTcpMessaging: Initializing TcpMessaging bridge
[2017.05.31-15.30.58:208][  0]LogUdpMessaging: Initializing bridge on interface 0.0.0.0:0 to multicast group 230.0.0.1:6666.
[2017.05.31-15.31.04:364][  0]LogMaterial: Uniform references updated for custom material expression Custom.
[2017.05.31-15.31.06:679][  0]SourceControl: Info Source control is disabled
[2017.05.31-15.31.15:865][  0]LogAndroidPermission: UAndroidPermissionCallbackProxy::GetInstance
[2017.05.31-15.31.18:616][  0]LogEngine: Initializing Engine...
[2017.05.31-15.31.18:617][  0]LogHMD: Failed to initialize OpenVR with code 110
[2017.05.31-15.31.21:325][  0]LogStats: UGameplayTagsManager::ConstructGameplayTagTree: Construct from data asset -  0.000 s
[2017.05.31-15.31.21:326][  0]LogStats: UGameplayTagsManager::ConstructGameplayTagTree: GameplayTagTreeChangedEvent.Broadcast -  0.000 s
[2017.05.31-15.31.21:759][  0]LogAIModule: Creating AISystem for world Untitled
[2017.05.31-15.31.21:777][  0]LogInit: XAudio2 using '1 - Panasonic-TV (AMD High Definition Audio Device)' : 2 channels at 48 kHz using 16 bits per sample (channel mask 0x3)
[2017.05.31-15.31.21:994][  0]LogInit: FAudioDevice initialized.
[2017.05.31-15.31.22:047][  0]LogDerivedDataCache: Saved boot cache 0.05s 102MB C:/Users/Josh/AppData/Local/UnrealEngine/4.16/DerivedDataCache/Boot.ddc.
[2017.05.31-15.31.22:064][  0]LogInit: Texture streaming: Enabled
[2017.05.31-15.31.23:509][  0]LogEngineSessionManager: EngineSessionManager initialized
[2017.05.31-15.31.25:666][  0]LogInit: Transaction tracking system initialized
[2017.05.31-15.31.27:585][  0]BlueprintLog: New page: Editor Load
[2017.05.31-15.31.33:101][  0]LocalizationService: Info Localization service is disabled
[2017.05.31-15.31.36:862][  0]LogConsoleResponse:Display: 
[2017.05.31-15.31.38:765][  0]LogCook:Display: Max memory allowance for cook 16384mb min free memory 0mb
[2017.05.31-15.31.38:765][  0]LogCook:Display: Mobile HDR setting 1
[2017.05.31-15.31.39:182][  0]LogFileCache: Scanning file cache for directory 'C:/Users/Josh/Documents/Unreal Projects/repos/01_building_escape/Building_Escape/Content/' took 0.10s
[2017.05.31-15.31.44:605][  0]Cmd: MAP LOAD FILE="../../../../../../Users/Josh/Documents/Unreal Projects/repos/01_building_escape/Building_Escape/Content/first.umap" TEMPLATE=0 SHOWPROGRESS=1 FEATURELEVEL=3
[2017.05.31-15.31.44:948][  0]LightingResults: New page: Lighting Build
[2017.05.31-15.31.45:020][  0]MapCheck: New page: Map Check
[2017.05.31-15.31.45:020][  0]LightingResults: New page: Lighting Build
[2017.05.31-15.31.58:658][  0]LogMaterial: Missing cached shader map for material M_Chair, compiling. 
[2017.05.31-15.32.01:616][  0]LogMaterial: Missing cached shader map for material M_Water_Ocean, compiling. 
[2017.05.31-15.32.02:913][  0]LogMaterial: Missing cached shader map for material My_Pulse, compiling. 
[2017.05.31-15.32.03:137][  0]LogTexture:Display: Building textures: HQ_Lightmap1_1 (AutoDXT, 1024X1024)
[2017.05.31-15.32.04:452][  0]LogTexture:Display: Building textures: HQ_Lightmap1_2 (AutoDXT, 64X64)
[2017.05.31-15.32.04:696][  0]LogTexture:Display: Building textures: LQ_Lightmap_1_1 (DXT1, 1024X1024)
[2017.05.31-15.32.04:950][  0]LogTexture:Display: Building textures: LQ_Lightmap_1_2 (DXT1, 64X64)
[2017.05.31-15.32.04:953][  0]LogTexture:Display: Building textures: ShadowMapTexture2D_2 (BGRA8, 1024X256)
[2017.05.31-15.32.04:961][  0]LogTexture:Display: Building textures: ShadowMapTexture2D_3 (G8, 32X32)
[2017.05.31-15.32.07:073][  0]LogAudioDerivedData:Display: Building compressed audio format OGG wave door-lock...
[2017.05.31-15.32.12:035][  0]LogAIModule: Creating AISystem for world first
[2017.05.31-15.32.12:527][  0]LogEditorServer: Finished looking for orphan Actors (0.000 secs)
[2017.05.31-15.32.12:895][  0]Cmd: MAP CHECKDEP NOCLEARLOG
[2017.05.31-15.32.13:033][  0]MapCheck: Info Map check complete: 0 Error(s), 0 Warning(s), took 137.695ms to complete.
[2017.05.31-15.32.13:033][  0]LogFileHelpers: Loading map 'first' took 28.429
[2017.05.31-15.32.13:339][  0]LogCollectionManager: Loaded 0 collections in 0.078459 seconds
[2017.05.31-15.32.13:484][  0]LogFileCache: Scanning file cache for directory 'C:/Users/Josh/Documents/Unreal Projects/repos/01_building_escape/Building_Escape/Saved/Collections/' took 0.01s
[2017.05.31-15.32.13:484][  0]LogFileCache: Scanning file cache for directory 'C:/Users/Josh/Documents/Unreal Projects/repos/01_building_escape/Building_Escape/Content/Developers/Josh/Collections/' took 0.01s
[2017.05.31-15.32.13:484][  0]LogFileCache: Scanning file cache for directory 'C:/Users/Josh/Documents/Unreal Projects/repos/01_building_escape/Building_Escape/Content/Collections/' took 0.01s
[2017.05.31-15.32.13:484][  0]LogCollectionManager: Rebuilt the GUID cache for 0 collections in 0.000002 seconds
[2017.05.31-15.32.13:495][  0]LogContentBrowser: Native class hierarchy populated in 0.0108 seconds. Added 2333 classes and 493 folders.
[2017.05.31-15.32.13:633][  0]LogContentBrowser: Native class hierarchy updated for 'WidgetCarousel' in 0.0019 seconds. Added 0 classes and 0 folders.
[2017.05.31-15.32.26:637][  0]LogContentBrowser: Native class hierarchy updated for 'AddContentDialog' in 0.0020 seconds. Added 0 classes and 0 folders.
[2017.05.31-15.32.27:245][  0]LogContentBrowser: Native class hierarchy updated for 'SceneOutliner' in 0.0021 seconds. Added 1 classes and 2 folders.
[2017.05.31-15.32.28:494][  0]LogCrashTracker: Crashtracker disabled due to settings.
[2017.05.31-15.32.28:499][  0]LogUObjectGlobals:Warning: Failed to find object 'Class None.'
[2017.05.31-15.32.28:663][  0]LogContentBrowser: Native class hierarchy updated for 'HierarchicalLODOutliner' in 0.0019 seconds. Added 1 classes and 2 folders.
[2017.05.31-15.32.28:663][  0]LogLoad: (Engine Initialization) Total time: 660.11 seconds
[2017.05.31-15.32.28:663][  0]LogLoad: (Engine Initialization) Total Blueprint compile time: 1.06 seconds
[2017.05.31-15.32.28:663][  0]LogExternalProfiler: Found external profiler: VSPerf
[2017.05.31-15.32.28:663][  0]LogExternalProfiler: Using external profiler: VSPerf
[2017.05.31-15.32.29:003][  0]LogOcInput: OculusInput pre-init called
[2017.05.31-15.32.29:003][  0]LogHMD: Starting GearVRController plugin
[2017.05.31-15.32.29:019][  0]LogContentStreaming: Texture pool size now 1000 MB
[2017.05.31-15.32.29:075][  0]LogSlate: Took 0.040811 seconds to synchronously load lazily loaded font '../../../Engine/Content/Slate/Fonts/Roboto-Regular.ttf' (155K)
[2017.05.31-15.32.29:108][  0]LogSlate: Took 0.031697 seconds to synchronously load lazily loaded font '../../../Engine/Content/Editor/Slate/Fonts/FontAwesome.ttf' (139K)
[2017.05.31-15.32.29:264][  0]LogSlate: Took 0.155672 seconds to synchronously load lazily loaded font '../../../Engine/Content/Slate/Fonts/Roboto-Bold.ttf' (160K)
[2017.05.31-15.32.31:516][  1]LogRenderer: Reallocating scene render targets to support 972x904 NumSamples 1 (Frame:1).
[2017.05.31-15.32.53:542][ 68]LogWindowsTextInputMethodSystem:Display: IME system now deactivated.
[2017.05.31-15.32.57:670][ 69]Cmd: QUIT_EDITOR
[2017.05.31-15.33.00:406][ 69]LogExit: Preparing to exit.
[2017.05.31-15.33.03:488][ 69]LogDirectoryWatcher: A directory notification for 'C:/Users/Josh/Documents/Unreal Projects/repos/01_building_escape/Building_Escape/Content/' was aborted.
[2017.05.31-15.33.03:959][ 69]LogExit: Editor shut down
[2017.05.31-15.33.03:964][ 69]LogExit: Transaction tracking system shut down
[2017.05.31-15.33.12:628][ 69]LogObj: Freed 0b from 0 cluster array pools.
[2017.05.31-15.33.12:628][ 69]LogExit: Object subsystem successfully closed.
[2017.05.31-15.34.24:439][ 69]LogD3D11RHI: Shutdown
[2017.05.31-15.34.24:439][ 69]LogD3D11RHI: CleanupD3DDevice
[2017.05.31-15.34.24:815][ 69]LogD3D11RHI: ~FD3D11DynamicRHI
[2017.05.31-15.34.27:791][ 69]LogModuleManager: Shutting down and abandoning module HierarchicalLODOutliner (526)
[2017.05.31-15.34.27:863][ 69]LogModuleManager: Shutting down and abandoning module CrashTracker (524)
[2017.05.31-15.34.27:863][ 69]LogModuleManager: Shutting down and abandoning module SceneOutliner (522)
[2017.05.31-15.34.27:879][ 69]LogModuleManager: Shutting down and abandoning module AddContentDialog (520)
[2017.05.31-15.34.28:040][ 69]LogDirectoryWatcher: A directory notification for 'C:/Program Files/Epic Games/UE_4.16/FeaturePacks/' was aborted.
[2017.05.31-15.34.28:099][ 69]LogModuleManager: Shutting down and abandoning module WidgetCarousel (519)
[2017.05.31-15.34.28:099][ 69]LogModuleManager: Shutting down and abandoning module EditorWidgets (516)
[2017.05.31-15.34.28:099][ 69]LogModuleManager: Shutting down and abandoning module CollectionManager (514)
[2017.05.31-15.34.28:175][ 69]LogDirectoryWatcher: A directory notification for 'C:/Users/Josh/Documents/Unreal Projects/repos/01_building_escape/Building_Escape/Content/Collections/' was aborted.
[2017.05.31-15.34.28:175][ 69]LogDirectoryWatcher: A directory notification for 'C:/Users/Josh/Documents/Unreal Projects/repos/01_building_escape/Building_Escape/Content/Developers/Josh/Collections/' was aborted.
[2017.05.31-15.34.28:175][ 69]LogDirectoryWatcher: A directory notification for 'C:/Users/Josh/Documents/Unreal Projects/repos/01_building_escape/Building_Escape/Saved/Collections/' was aborted.
[2017.05.31-15.34.28:176][ 69]LogModuleManager: Shutting down and abandoning module StatsViewer (512)
[2017.05.31-15.34.28:240][ 69]LogModuleManager: Shutting down and abandoning module FoliageEdit (510)
[2017.05.31-15.34.28:271][ 69]LogModuleManager: Shutting down and abandoning module LandscapeEditor (508)
[2017.05.31-15.34.28:445][ 69]LogModuleManager: Shutting down and abandoning module MeshPaintMode (506)
[2017.05.31-15.34.28:445][ 69]LogModuleManager: Shutting down and abandoning module SceneDepthPickerMode (504)
[2017.05.31-15.34.28:445][ 69]LogModuleManager: Shutting down and abandoning module ActorPickerMode (502)
[2017.05.31-15.34.28:445][ 69]LogModuleManager: Shutting down and abandoning module GeometryMode (500)
[2017.05.31-15.34.28:445][ 69]LogModuleManager: Shutting down and abandoning module TextureAlignMode (498)
[2017.05.31-15.34.28:445][ 69]LogModuleManager: Shutting down and abandoning module BspMode (496)
[2017.05.31-15.34.28:502][ 69]LogModuleManager: Shutting down and abandoning module HardwareSurvey (494)
[2017.05.31-15.34.28:502][ 69]LogModuleManager: Shutting down and abandoning module SequenceRecorderSections (492)
[2017.05.31-15.34.28:502][ 69]LogModuleManager: Shutting down and abandoning module AutomationWorker (490)
[2017.05.31-15.34.28:528][ 69]LogModuleManager: Shutting down and abandoning module MatineeToLevelSequence (488)
[2017.05.31-15.34.28:558][ 69]LogModuleManager: Shutting down and abandoning module LevelSequenceEditor (486)
[2017.05.31-15.34.28:696][ 69]LogModuleManager: Shutting down and abandoning module PlacementMode (485)
[2017.05.31-15.34.28:696][ 69]LogModuleManager: Shutting down and abandoning module WmfMediaFactory (482)
[2017.05.31-15.34.28:696][ 69]LogModuleManager: Shutting down and abandoning module WmfMediaEditor (480)
[2017.05.31-15.34.28:696][ 69]LogModuleManager: Shutting down and abandoning module AvfMediaFactory (478)
[2017.05.31-15.34.28:696][ 69]LogModuleManager: Shutting down and abandoning module AvfMediaEditor (476)
[2017.05.31-15.34.28:696][ 69]LogModuleManager: Shutting down and abandoning module AndroidMediaFactory (474)
[2017.05.31-15.34.28:696][ 69]LogModuleManager: Shutting down and abandoning module Media (473)
[2017.05.31-15.34.28:696][ 69]LogModuleManager: Shutting down and abandoning module AndroidMediaEditor (470)
[2017.05.31-15.34.28:696][ 69]LogModuleManager: Shutting down and abandoning module CharacterAI (468)
[2017.05.31-15.34.28:696][ 69]LogModuleManager: Shutting down and abandoning module AudioCapture (466)
[2017.05.31-15.34.28:724][ 69]LogModuleManager: Shutting down and abandoning module SequenceRecorder (465)
[2017.05.31-15.34.28:805][ 69]LogModuleManager: Shutting down and abandoning module SmartSnapping (462)
[2017.05.31-15.34.28:805][ 69]LogModuleManager: Shutting down and abandoning module SessionServices (460)
[2017.05.31-15.34.28:805][ 69]LogModuleManager: Shutting down and abandoning module ViewportSnapping (458)
[2017.05.31-15.34.28:805][ 69]LogModuleManager: Shutting down and abandoning module ViewportInteraction (456)
[2017.05.31-15.34.28:805][ 69]LogModuleManager: Shutting down and abandoning module ClothPainter (454)
[2017.05.31-15.34.29:011][ 69]LogModuleManager: Shutting down and abandoning module LogVisualizer (452)
[2017.05.31-15.34.29:221][ 69]LogModuleManager: Shutting down and abandoning module IntroTutorials (450)
[2017.05.31-15.34.29:379][ 69]LogModuleManager: Shutting down and abandoning module GameProjectGeneration (449)
[2017.05.31-15.34.29:565][ 69]LogModuleManager: Shutting down and abandoning module EditorLiveStreaming (446)
[2017.05.31-15.34.29:565][ 69]LogModuleManager: Shutting down and abandoning module IOSPlatformEditor (444)
[2017.05.31-15.34.29:565][ 69]LogModuleManager: Shutting down and abandoning module HTML5PlatformEditor (442)
[2017.05.31-15.34.29:565][ 69]LogModuleManager: Shutting down and abandoning module AndroidPlatformEditor (440)
[2017.05.31-15.34.29:565][ 69]LogModuleManager: Shutting down and abandoning module AndroidDeviceDetection (439)
[2017.05.31-15.34.30:154][ 69]LogModuleManager: Shutting down and abandoning module IOSRuntimeSettings (436)
[2017.05.31-15.34.30:154][ 69]LogModuleManager: Shutting down and abandoning module AndroidRuntimeSettings (434)
[2017.05.31-15.34.30:154][ 69]LogModuleManager: Shutting down and abandoning module InputBindingEditor (432)
[2017.05.31-15.34.30:172][ 69]LogModuleManager: Shutting down and abandoning module MergeActors (430)
[2017.05.31-15.34.30:244][ 69]LogModuleManager: Shutting down and abandoning module SizeMap (428)
[2017.05.31-15.34.30:244][ 69]LogModuleManager: Shutting down and abandoning module TreeMap (426)
[2017.05.31-15.34.30:288][ 69]LogModuleManager: Shutting down and abandoning module ReferenceViewer (424)
[2017.05.31-15.34.30:288][ 69]LogModuleManager: Shutting down and abandoning module LocalizationDashboard (422)
[2017.05.31-15.34.30:401][ 69]LogModuleManager: Shutting down and abandoning module LocalizationService (421)
[2017.05.31-15.34.30:446][ 69]LogModuleManager: Shutting down and abandoning module HardwareTargeting (418)
[2017.05.31-15.34.30:471][ 69]LogModuleManager: Shutting down and abandoning module DeviceProfileEditor (416)
[2017.05.31-15.34.30:535][ 69]LogModuleManager: Shutting down and abandoning module UndoHistory (414)
[2017.05.31-15.34.30:547][ 69]LogModuleManager: Shutting down and abandoning module UserFeedback (412)
[2017.05.31-15.34.30:547][ 69]LogModuleManager: Shutting down and abandoning module XmlParser (410)
[2017.05.31-15.34.30:547][ 69]LogModuleManager: Shutting down and abandoning module Blutility (408)
[2017.05.31-15.34.30:563][ 69]LogModuleManager: Shutting down and abandoning module ProjectSettingsViewer (406)
[2017.05.31-15.34.30:563][ 69]LogModuleManager: Shutting down and abandoning module ProjectTargetPlatformEditor (405)
[2017.05.31-15.34.30:563][ 69]LogModuleManager: Shutting down and abandoning module EditorSettingsViewer (402)
[2017.05.31-15.34.30:563][ 69]LogModuleManager: Shutting down and abandoning module SettingsEditor (400)
[2017.05.31-15.34.30:747][ 69]LogModuleManager: Shutting down and abandoning module ProjectLauncher (398)
[2017.05.31-15.34.30:836][ 69]LogModuleManager: Shutting down and abandoning module SessionFrontend (396)
[2017.05.31-15.34.30:908][ 69]LogModuleManager: Shutting down and abandoning module ProfilerClient (394)
[2017.05.31-15.34.31:062][ 69]LogModuleManager: Shutting down and abandoning module DeviceManager (392)
[2017.05.31-15.34.31:157][ 69]LogModuleManager: Shutting down and abandoning module TargetDeviceServices (391)
[2017.05.31-15.34.31:221][ 69]LogModuleManager: Shutting down and abandoning module AutomationController (388)
[2017.05.31-15.34.31:344][ 69]LogModuleManager: Shutting down and abandoning module AutomationWindow (386)
[2017.05.31-15.34.31:441][ 69]LogModuleManager: Shutting down and abandoning module Layers (384)
[2017.05.31-15.34.31:597][ 69]LogModuleManager: Shutting down and abandoning module ComponentVisualizers (382)
[2017.05.31-15.34.31:597][ 69]LogModuleManager: Shutting down and abandoning module DetailCustomizations (380)
[2017.05.31-15.34.31:697][ 69]LogModuleManager: Shutting down and abandoning module PackagesDialog (378)
[2017.05.31-15.34.31:740][ 69]LogModuleManager: Shutting down and abandoning module Persona (376)
[2017.05.31-15.34.31:945][ 69]LogModuleManager: Shutting down and abandoning module AdvancedPreviewScene (375)
[2017.05.31-15.34.31:969][ 69]LogModuleManager: Shutting down and abandoning module AnimGraph (373)
[2017.05.31-15.34.31:969][ 69]LogModuleManager: Shutting down and abandoning module Kismet (370)
[2017.05.31-15.34.31:969][ 69]LogModuleManager: Shutting down and abandoning module ClassViewer (368)
[2017.05.31-15.34.31:969][ 69]LogModuleManager: Shutting down and abandoning module Toolbox (366)
[2017.05.31-15.34.32:006][ 69]LogModuleManager: Shutting down and abandoning module ModuleUI (364)
[2017.05.31-15.34.32:072][ 69]LogModuleManager: Shutting down and abandoning module MovieSceneTools (362)
[2017.05.31-15.34.32:132][ 69]LogModuleManager: Shutting down and abandoning module OutputLog (360)
[2017.05.31-15.34.32:180][ 69]LogModuleManager: Shutting down and abandoning module GammaUI (358)
[2017.05.31-15.34.32:415][ 69]LogModuleManager: Shutting down and abandoning module Documentation (356)
[2017.05.31-15.34.32:415][ 69]LogModuleManager: Shutting down and abandoning module MovieSceneTracks (354)
[2017.05.31-15.34.32:446][ 69]LogModuleManager: Shutting down and abandoning module MovieScene (352)
[2017.05.31-15.34.32:446][ 69]LogModuleManager: Shutting down and abandoning module Niagara (350)
[2017.05.31-15.34.32:519][ 69]LogModuleManager: Shutting down and abandoning module NiagaraEditor (349)
[2017.05.31-15.34.32:811][ 69]LogModuleManager: Shutting down and abandoning module StreamingPauseRendering (346)
[2017.05.31-15.34.32:811][ 69]LogModuleManager: Shutting down and abandoning module AnalyticsET (344)
[2017.05.31-15.34.32:811][ 69]LogModuleManager: Shutting down and abandoning module PortalServices (342)
[2017.05.31-15.34.32:811][ 69]LogModuleManager: Shutting down and abandoning module PortalRpc (340)
[2017.05.31-15.34.32:811][ 69]LogModuleManager: Shutting down and abandoning module MessagingRpc (338)
[2017.05.31-15.34.32:811][ 69]LogModuleManager: Shutting down and abandoning module AIModule (336)
[2017.05.31-15.34.32:830][ 69]LogModuleManager: Shutting down and abandoning module GameplayDebugger (335)
[2017.05.31-15.34.32:830][ 69]LogModuleManager: Shutting down and abandoning module AITestSuite (333)
[2017.05.31-15.34.32:860][ 69]LogModuleManager: Shutting down and abandoning module ProfilerService (330)
[2017.05.31-15.34.33:095][ 69]LogModuleManager: Shutting down and abandoning module TaskGraph (328)
[2017.05.31-15.34.33:192][ 69]LogModuleManager: Shutting down and abandoning module SteamVRController (326)
[2017.05.31-15.34.33:192][ 69]LogModuleManager: Shutting down and abandoning module SteamVR (324)
[2017.05.31-15.34.33:192][ 69]LogModuleManager: Shutting down and abandoning module ProceduralMeshComponentEditor (322)
[2017.05.31-15.34.33:192][ 69]LogModuleManager: Shutting down and abandoning module ProceduralMeshComponent (320)
[2017.05.31-15.34.33:220][ 69]LogModuleManager: Shutting down and abandoning module OculusLibrary (318)
[2017.05.31-15.34.33:220][ 69]LogModuleManager: Shutting down and abandoning module OculusInput (316)
[2017.05.31-15.34.33:220][ 69]LogModuleManager: Shutting down and abandoning module MobilePatchingUtils (314)
[2017.05.31-15.34.33:220][ 69]LogModuleManager: Shutting down and abandoning module CustomMeshComponent (312)
[2017.05.31-15.34.33:220][ 69]LogModuleManager: Shutting down and abandoning module CableComponent (310)
[2017.05.31-15.34.33:220][ 69]LogModuleManager: Shutting down and abandoning module ArchVisCharacter (308)
[2017.05.31-15.34.33:220][ 69]LogModuleManager: Shutting down and abandoning module AndroidPermission (306)
[2017.05.31-15.34.33:220][ 69]LogModuleManager: Shutting down and abandoning module MediaPlayerEditor (302)
[2017.05.31-15.34.33:593][ 69]LogModuleManager: Shutting down and abandoning module HTML5Networking (300)
[2017.05.31-15.34.33:593][ 69]LogModuleManager: Shutting down and abandoning module AlembicImporter (298)
[2017.05.31-15.34.33:685][ 69]LogModuleManager: Shutting down and abandoning module AlembicLibrary (297)
[2017.05.31-15.34.33:685][ 69]LogModuleManager: Shutting down and abandoning module GeometryCache (296)
[2017.05.31-15.34.33:729][ 69]LogModuleManager: Shutting down and abandoning module GeometryCacheEd (295)
[2017.05.31-15.34.33:729][ 69]LogModuleManager: Shutting down and abandoning module SuperSearchEditor (290)
[2017.05.31-15.34.33:729][ 69]LogModuleManager: Shutting down and abandoning module SuperSearch (289)
[2017.05.31-15.34.33:729][ 69]LogModuleManager: Shutting down and abandoning module SpeedTreeImporter (286)
[2017.05.31-15.34.33:729][ 69]LogModuleManager: Shutting down and abandoning module PluginBrowser (284)
[2017.05.31-15.34.34:043][ 69]LogModuleManager: Shutting down and abandoning module MobileLauncherProfileWizard (282)
[2017.05.31-15.34.34:088][ 69]LogModuleManager: Shutting down and abandoning module VisualStudioSourceCodeAccess (280)
[2017.05.31-15.34.34:088][ 69]LogModuleManager: Shutting down and abandoning module UObjectPlugin (278)
[2017.05.31-15.34.34:088][ 69]LogModuleManager: Shutting down and abandoning module SubversionSourceControl (276)
[2017.05.31-15.34.34:155][ 69]LogModuleManager: Shutting down and abandoning module PerforceSourceControl (274)
[2017.05.31-15.34.34:252][ 69]LogModuleManager: Shutting down and abandoning module GitSourceControl (272)
[2017.05.31-15.34.34:298][ 69]LogModuleManager: Shutting down and abandoning module SourceControl (271)
[2017.05.31-15.34.34:315][ 69]LogModuleManager: Shutting down and abandoning module LightPropagationVolumeEditor (268)
[2017.05.31-15.34.34:315][ 69]LogModuleManager: Shutting down and abandoning module PaperTiledImporter (266)
[2017.05.31-15.34.34:315][ 69]LogModuleManager: Shutting down and abandoning module PaperSpriteSheetImporter (264)
[2017.05.31-15.34.34:315][ 69]LogModuleManager: Shutting down and abandoning module Paper2DEditor (262)
[2017.05.31-15.34.34:691][ 69]LogModuleManager: Shutting down and abandoning module MeshPaint (261)
[2017.05.31-15.34.34:756][ 69]LogModuleManager: Shutting down and abandoning module LevelEditor (259)
[2017.05.31-15.34.34:769][ 69]LogModuleManager: Shutting down and abandoning module PixelInspectorModule (258)
[2017.05.31-15.34.34:851][ 69]LogModuleManager: Shutting down and abandoning module MainFrame (256)
[2017.05.31-15.34.34:852][ 69]LogModuleManager: Shutting down and abandoning module HotReload (255)
[2017.05.31-15.34.34:852][ 69]LogDirectoryWatcher: A directory notification for 'C:/Users/Josh/Documents/Unreal Projects/repos/01_building_escape/Building_Escape/Binaries/Win64' was aborted.
[2017.05.31-15.34.34:960][ 69]LogModuleManager: Shutting down and abandoning module Building_Escape (250)
[2017.05.31-15.34.34:960][ 69]LogModuleManager: Shutting down and abandoning module PhysXVehiclesEditor (248)
[2017.05.31-15.34.35:016][ 69]LogModuleManager: Shutting down and abandoning module PhysXVehicles (246)
[2017.05.31-15.34.35:016][ 69]LogModuleManager: Shutting down and abandoning module LocationServicesBPLibrary (244)
[2017.05.31-15.34.35:016][ 69]LogModuleManager: Shutting down and abandoning module ImmediatePhysicsEditor (242)
[2017.05.31-15.34.35:016][ 69]LogModuleManager: Shutting down and abandoning module ImmediatePhysics (240)
[2017.05.31-15.34.35:068][ 69]LogModuleManager: Shutting down and abandoning module UdpMessaging (238)
[2017.05.31-15.34.35:168][ 69]LogModuleManager: Shutting down and abandoning module TcpMessaging (236)
[2017.05.31-15.34.35:288][ 69]LogModuleManager: Shutting down and abandoning module GameplayTagsEditor (234)
[2017.05.31-15.34.35:519][ 69]LogModuleManager: Shutting down and abandoning module FacialAnimationEditor (232)
[2017.05.31-15.34.35:521][ 69]LogModuleManager: Shutting down and abandoning module FacialAnimation (230)
[2017.05.31-15.34.35:521][ 69]LogModuleManager: Shutting down and abandoning module AssetManagerEditor (228)
[2017.05.31-15.34.35:760][ 69]LogModuleManager: Shutting down and abandoning module GraphEditor (227)
[2017.05.31-15.34.35:760][ 69]LogModuleManager: Shutting down and abandoning module ContentBrowser (225)
[2017.05.31-15.34.35:761][ 69]LogModuleManager: Shutting down and abandoning module LightPropagationVolumeRuntime (222)
[2017.05.31-15.34.35:761][ 69]LogModuleManager: Shutting down and abandoning module Paper2D (220)
[2017.05.31-15.34.35:816][ 69]LogModuleManager: Shutting down and abandoning module WindowsMoviePlayer (218)
[2017.05.31-15.34.35:816][ 69]LogModuleManager: Shutting down and abandoning module WmfMedia (216)
[2017.05.31-15.34.35:816][ 69]LogModuleManager: Shutting down and abandoning module ClothingSystemEditor (214)
[2017.05.31-15.34.35:816][ 69]LogModuleManager: Shutting down and abandoning module ClothingSystemRuntime (212)
[2017.05.31-15.34.35:869][ 69]LogModuleManager: Shutting down and abandoning module MediaAssets (210)
[2017.05.31-15.34.35:869][ 69]LogModuleManager: Shutting down and abandoning module GameLiveStreaming (208)
[2017.05.31-15.34.35:905][ 69]LogModuleManager: Shutting down and abandoning module VREditor (206)
[2017.05.31-15.34.35:941][ 69]LogModuleManager: Shutting down and abandoning module StringTableEditor (204)
[2017.05.31-15.34.36:046][ 69]LogModuleManager: Shutting down and abandoning module GameplayTasksEditor (202)
[2017.05.31-15.34.36:046][ 69]LogModuleManager: Shutting down and abandoning module BehaviorTreeEditor (200)
[2017.05.31-15.34.36:324][ 69]LogModuleManager: Shutting down and abandoning module FunctionalTesting (198)
[2017.05.31-15.34.36:324][ 69]LogModuleManager: Shutting down and abandoning module CollisionAnalyzer (196)
[2017.05.31-15.34.36:410][ 69]LogModuleManager: Shutting down and abandoning module UMG (194)
[2017.05.31-15.34.36:428][ 69]LogModuleManager: Shutting down and abandoning module UMGEditor (193)
[2017.05.31-15.34.36:428][ 69]LogModuleManager: Shutting down and abandoning module Sequencer (192)
[2017.05.31-15.34.36:451][ 69]LogModuleManager: Shutting down and abandoning module AssetTools (190)
[2017.05.31-15.34.36:713][ 69]LogModuleManager: Shutting down and abandoning module MessageLog (189)
[2017.05.31-15.34.36:713][ 69]LogModuleManager: Shutting down and abandoning module WorkspaceMenuStructure (188)
[2017.05.31-15.34.36:713][ 69]LogModuleManager: Shutting down and abandoning module SlateReflector (182)
[2017.05.31-15.34.37:161][ 69]LogModuleManager: Shutting down and abandoning module Slate (180)
[2017.05.31-15.34.37:161][ 69]LogModuleManager: Shutting down and abandoning module EditorStyle (178)
[2017.05.31-15.34.37:164][ 69]LogModuleManager: Shutting down and abandoning module SourceCodeAccess (176)
[2017.05.31-15.34.37:164][ 69]LogModuleManager: Shutting down and abandoning module HeadMountedDisplay (174)
[2017.05.31-15.34.37:164][ 69]LogModuleManager: Shutting down and abandoning module XAudio2 (172)
[2017.05.31-15.34.37:164][ 69]LogModuleManager: Shutting down and abandoning module Networking (170)
[2017.05.31-15.34.37:164][ 69]LogModuleManager: Shutting down and abandoning module Core (166)
[2017.05.31-15.34.37:164][ 69]LogModuleManager: Shutting down and abandoning module AssetRegistry (164)
[2017.05.31-15.34.37:287][ 69]LogDirectoryWatcher: A directory notification for '../../../Engine/Content/' was aborted.
[2017.05.31-15.34.37:287][ 69]LogDirectoryWatcher: A directory notification for '../../../../../../Users/Josh/Documents/Unreal Projects/repos/01_building_escape/Building_Escape/Content/' was aborted.
[2017.05.31-15.34.37:288][ 69]LogDirectoryWatcher: A directory notification for '../../../Engine/Plugins/2D/Paper2D/Content/' was aborted.
[2017.05.31-15.34.37:288][ 69]LogDirectoryWatcher: A directory notification for '../../../Engine/Plugins/Runtime/GearVR/Content/' was aborted.
[2017.05.31-15.34.37:361][ 69]LogModuleManager: Shutting down and abandoning module DirectoryWatcher (163)
[2017.05.31-15.34.37:362][ 69]LogModuleManager: Shutting down and abandoning module KismetCompiler (160)
[2017.05.31-15.34.37:362][ 69]LogModuleManager: Shutting down and abandoning module LevelSequence (158)
[2017.05.31-15.34.37:362][ 69]LogModuleManager: Shutting down and abandoning module PhysXFormats (156)
[2017.05.31-15.34.37:362][ 69]LogModuleManager: Shutting down and abandoning module MeshUtilities (154)
[2017.05.31-15.34.37:495][ 69]LogModuleManager: Shutting down and abandoning module SimplygonSwarm (153)
[2017.05.31-15.34.37:565][ 69]LogModuleManager: Shutting down and abandoning module SimplygonMeshReduction (151)
[2017.05.31-15.34.37:565][ 69]LogModuleManager: Shutting down and abandoning module QuadricMeshReduction (149)
[2017.05.31-15.34.37:598][ 69]LogModuleManager: Shutting down and abandoning module DerivedDataCache (146)
[2017.05.31-15.34.37:638][ 69]LogDerivedDataCache: Shutdown
[2017.05.31-15.34.37:638][ 69]LogModuleManager: Shutting down and abandoning module TargetPlatform (144)
[2017.05.31-15.34.37:638][ 69]LogModuleManager: Shutting down and abandoning module VulkanShaderFormat (143)
[2017.05.31-15.34.37:680][ 69]LogModuleManager: Shutting down and abandoning module ShaderFormatVectorVM (141)
[2017.05.31-15.34.37:722][ 69]LogModuleManager: Shutting down and abandoning module ShaderFormatOpenGL (139)
[2017.05.31-15.34.37:774][ 69]LogModuleManager: Shutting down and abandoning module ShaderFormatD3D (137)
[2017.05.31-15.34.37:774][ 69]LogModuleManager: Shutting down and abandoning module MetalShaderFormat (135)
[2017.05.31-15.34.37:833][ 69]LogModuleManager: Shutting down and abandoning module TextureFormatUncompressed (133)
[2017.05.31-15.34.37:833][ 69]LogModuleManager: Shutting down and abandoning module TextureFormatPVR (131)
[2017.05.31-15.34.37:833][ 69]LogModuleManager: Shutting down and abandoning module TextureFormatDXT (129)
[2017.05.31-15.34.37:833][ 69]LogModuleManager: Shutting down and abandoning module TextureFormatIntelISPCTexComp (127)
[2017.05.31-15.34.37:833][ 69]LogModuleManager: Shutting down and abandoning module TextureFormatASTC (125)
[2017.05.31-15.34.37:833][ 69]LogModuleManager: Shutting down and abandoning module ImageWrapper (124)
[2017.05.31-15.34.37:833][ 69]LogModuleManager: Shutting down and abandoning module TextureFormatAndroid (121)
[2017.05.31-15.34.37:833][ 69]LogModuleManager: Shutting down and abandoning module AudioFormatOpus (119)
[2017.05.31-15.34.37:833][ 69]LogModuleManager: Shutting down and abandoning module AudioFormatOgg (117)
[2017.05.31-15.34.37:833][ 69]LogModuleManager: Shutting down and abandoning module AudioFormatADPCM (115)
[2017.05.31-15.34.37:833][ 69]LogModuleManager: Shutting down and abandoning module LinuxTargetPlatform (113)
[2017.05.31-15.34.37:833][ 69]LogModuleManager: Shutting down and abandoning module LinuxServerTargetPlatform (111)
[2017.05.31-15.34.37:833][ 69]LogModuleManager: Shutting down and abandoning module LinuxNoEditorTargetPlatform (109)
[2017.05.31-15.34.37:833][ 69]LogModuleManager: Shutting down and abandoning module LinuxClientTargetPlatform (107)
[2017.05.31-15.34.37:833][ 69]LogModuleManager: Shutting down and abandoning module TVOSTargetPlatform (105)
[2017.05.31-15.34.37:833][ 69]LogModuleManager: Shutting down and abandoning module Messaging (103)
[2017.05.31-15.34.37:833][ 69]LogModuleManager: Shutting down and abandoning module IOSTargetPlatform (101)
[2017.05.31-15.34.37:833][ 69]LogModuleManager: Shutting down and abandoning module HTML5TargetPlatform (99)
[2017.05.31-15.34.37:833][ 69]LogModuleManager: Shutting down and abandoning module Android_PVRTCTargetPlatform (97)
[2017.05.31-15.34.37:833][ 69]LogModuleManager: Shutting down and abandoning module Android_MultiTargetPlatform (95)
[2017.05.31-15.34.37:833][ 69]LogModuleManager: Shutting down and abandoning module Android_ETC2TargetPlatform (93)
[2017.05.31-15.34.37:833][ 69]LogModuleManager: Shutting down and abandoning module Android_ETC1TargetPlatform (91)
[2017.05.31-15.34.37:833][ 69]LogModuleManager: Shutting down and abandoning module Android_DXTTargetPlatform (89)
[2017.05.31-15.34.37:833][ 69]LogModuleManager: Shutting down and abandoning module Android_ATCTargetPlatform (87)
[2017.05.31-15.34.37:833][ 69]LogModuleManager: Shutting down and abandoning module Android_ASTCTargetPlatform (85)
[2017.05.31-15.34.37:833][ 69]LogModuleManager: Shutting down and abandoning module AndroidTargetPlatform (83)
[2017.05.31-15.34.37:833][ 69]LogModuleManager: Shutting down and abandoning module WindowsTargetPlatform (81)
[2017.05.31-15.34.37:833][ 69]LogModuleManager: Shutting down and abandoning module WindowsServerTargetPlatform (79)
[2017.05.31-15.34.37:833][ 69]LogModuleManager: Shutting down and abandoning module WindowsNoEditorTargetPlatform (77)
[2017.05.31-15.34.37:833][ 69]LogModuleManager: Shutting down and abandoning module WindowsClientTargetPlatform (75)
[2017.05.31-15.34.37:833][ 69]LogModuleManager: Shutting down and abandoning module MacTargetPlatform (73)
[2017.05.31-15.34.37:833][ 69]LogModuleManager: Shutting down and abandoning module MacServerTargetPlatform (71)
[2017.05.31-15.34.37:833][ 69]LogModuleManager: Shutting down and abandoning module MacNoEditorTargetPlatform (69)
[2017.05.31-15.34.37:833][ 69]LogModuleManager: Shutting down and abandoning module MacClientTargetPlatform (67)
[2017.05.31-15.34.37:833][ 69]LogModuleManager: Shutting down and abandoning module AllDesktopTargetPlatform (65)
[2017.05.31-15.34.37:833][ 69]LogModuleManager: Shutting down and abandoning module InputCore (62)
[2017.05.31-15.34.37:833][ 69]LogModuleManager: Shutting down and abandoning module Settings (60)
[2017.05.31-15.34.37:833][ 69]LogModuleManager: Shutting down and abandoning module OculusRift (58)
[2017.05.31-15.34.37:945][ 69]LogModuleManager: Shutting down and abandoning module GearVRController (56)
[2017.05.31-15.34.37:945][ 69]LogModuleManager: Shutting down and abandoning module GearVR (54)
[2017.05.31-15.34.38:003][ 69]LogModuleManager: Shutting down and abandoning module ExampleDeviceProfileSelector (52)
[2017.05.31-15.34.38:003][ 69]LogModuleManager: Shutting down and abandoning module OnlineBlueprintSupport (50)
[2017.05.31-15.34.38:003][ 69]LogModuleManager: Shutting down and abandoning module OnlineSubsystem (46)
[2017.05.31-15.34.38:003][ 69]LogOnline:Display: Unloading online subsystem: NULL
[2017.05.31-15.34.38:102][ 69]LogModuleManager: Shutting down and abandoning module XMPP (45)
[2017.05.31-15.34.38:183][ 69]LogModuleManager: Shutting down and abandoning module HTTP (43)
[2017.05.31-15.34.38:183][ 69]LogHttp:Display: Http module shutting down, but needs to wait on 1 outstanding Http requests:
[2017.05.31-15.34.38:183][ 69]LogHttp:Display: 	verb=[POST] url=[https://datarouter.ol.epicgames.com/datarouter/api/v1/public/data?SessionID=%7BEFB68FD4-499A-BAB6-E52E-C494C722A58B%7D&AppID=UEEditor.Rocket.Release&AppVersion=4.16.0-3452394%2B%2B%2BUE4%2BRelease-4.16&UserID=e3310f074cd05f10b37c4d898295991e%7C0bc1ec80b4a040cb96d1a59640c149fc%7Cf993d36c-dcc5-44d0-bbdd-42d2a950e9ff&AppEnvironment=datacollector-binary&UploadType=eteventstream] status=Processing
[2017.05.31-15.34.38:217][ 69]LogModuleManager: Shutting down and abandoning module SSL (42)
[2017.05.31-15.34.38:279][ 69]LogModuleManager: Shutting down and abandoning module HTTPChunkInstaller (38)
[2017.05.31-15.34.38:387][ 69]LogModuleManager: Shutting down and abandoning module DesktopPlatform (36)
[2017.05.31-15.34.38:438][ 69]LogModuleManager: Shutting down and abandoning module AnimationModifiers (34)
[2017.05.31-15.34.38:539][ 69]LogModuleManager: Shutting down and abandoning module PropertyEditor (33)
[2017.05.31-15.34.38:539][ 69]LogModuleManager: Shutting down and abandoning module AudioEditor (30)
[2017.05.31-15.34.38:586][ 69]LogModuleManager: Shutting down and abandoning module TextureCompressor (28)
[2017.05.31-15.34.38:586][ 69]LogModuleManager: Shutting down and abandoning module ShaderCore (26)
[2017.05.31-15.34.38:586][ 69]LogModuleManager: Shutting down and abandoning module Landscape (24)
[2017.05.31-15.34.38:586][ 69]LogModuleManager: Shutting down and abandoning module SlateRHIRenderer (22)
[2017.05.31-15.34.38:738][ 69]LogModuleManager: Shutting down and abandoning module OpenGLDrv (20)
[2017.05.31-15.34.38:831][ 69]LogModuleManager: Shutting down and abandoning module D3D11RHI (18)
[2017.05.31-15.34.38:831][ 69]LogModuleManager: Shutting down and abandoning module AnimGraphRuntime (16)
[2017.05.31-15.34.38:897][ 69]LogModuleManager: Shutting down and abandoning module Renderer (14)
[2017.05.31-15.34.38:897][ 69]LogModuleManager: Shutting down and abandoning module Engine (12)
[2017.05.31-15.34.38:928][ 69]LogModuleManager: Shutting down and abandoning module CoreUObject (10)
[2017.05.31-15.34.38:928][ 69]LogModuleManager: Shutting down and abandoning module NetworkFile (8)
[2017.05.31-15.34.39:064][ 69]LogModuleManager: Shutting down and abandoning module StreamingFile (6)
[2017.05.31-15.34.39:091][ 69]LogModuleManager: Shutting down and abandoning module SandboxFile (4)
[2017.05.31-15.34.39:091][ 69]LogModuleManager: Shutting down and abandoning module PakFile (2)
[2017.05.31-15.34.39:259][ 69]LogExit: Exiting.
[2017.05.31-15.34.39:274][ 69]Log file closed, 05/31/17 16:34:39
